CRITICAL - 2021-05-03 04:11:38 --> Too few arguments to function App\Controllers\Komik::edit(), 0 passed in C:\Users\Rafi\Documents\HanifComputer-With-CodeIgniter4\vendor\codeigniter4\framework\system\CodeIgniter.php on line 918 and exactly 1 expected
#0 C:\Users\Rafi\Documents\HanifComputer-With-CodeIgniter4\vendor\codeigniter4\framework\system\CodeIgniter.php(918): App\Controllers\Komik->edit()
#1 C:\Users\Rafi\Documents\HanifComputer-With-CodeIgniter4\vendor\codeigniter4\framework\system\CodeIgniter.php(404): CodeIgniter\CodeIgniter->runController(Object(App\Controllers\Komik))
#2 C:\Users\Rafi\Documents\HanifComputer-With-CodeIgniter4\vendor\codeigniter4\framework\system\CodeIgniter.php(312): CodeIgniter\CodeIgniter->handleRequest(NULL, Object(Config\Cache), false)
#3 C:\Users\Rafi\Documents\HanifComputer-With-CodeIgniter4\public\index.php(45): CodeIgniter\CodeIgniter->run()
#4 C:\Users\Rafi\Documents\HanifComputer-With-CodeIgniter4\vendor\codeigniter4\framework\system\Commands\Server\rewrite.php(34): require_once('C:\\Users\\Rafi\\D...')
#5 {main}
CRITICAL - 2021-05-03 04:11:45 --> Too few arguments to function App\Controllers\Komik::edit(), 0 passed in C:\Users\Rafi\Documents\HanifComputer-With-CodeIgniter4\vendor\codeigniter4\framework\system\CodeIgniter.php on line 918 and exactly 1 expected
#0 C:\Users\Rafi\Documents\HanifComputer-With-CodeIgniter4\vendor\codeigniter4\framework\system\CodeIgniter.php(918): App\Controllers\Komik->edit()
#1 C:\Users\Rafi\Documents\HanifComputer-With-CodeIgniter4\vendor\codeigniter4\framework\system\CodeIgniter.php(404): CodeIgniter\CodeIgniter->runController(Object(App\Controllers\Komik))
#2 C:\Users\Rafi\Documents\HanifComputer-With-CodeIgniter4\vendor\codeigniter4\framework\system\CodeIgniter.php(312): CodeIgniter\CodeIgniter->handleRequest(NULL, Object(Config\Cache), false)
#3 C:\Users\Rafi\Documents\HanifComputer-With-CodeIgniter4\public\index.php(45): CodeIgniter\CodeIgniter->run()
#4 C:\Users\Rafi\Documents\HanifComputer-With-CodeIgniter4\vendor\codeigniter4\framework\system\Commands\Server\rewrite.php(34): require_once('C:\\Users\\Rafi\\D...')
#5 {main}
CRITICAL - 2021-05-03 08:12:07 --> Call to a member function findAll() on null
#0 C:\Users\Rafi\Documents\HanifComputer-With-CodeIgniter4\vendor\codeigniter4\framework\system\CodeIgniter.php(918): App\Controllers\Produsen->index()
#1 C:\Users\Rafi\Documents\HanifComputer-With-CodeIgniter4\vendor\codeigniter4\framework\system\CodeIgniter.php(404): CodeIgniter\CodeIgniter->runController(Object(App\Controllers\Produsen))
#2 C:\Users\Rafi\Documents\HanifComputer-With-CodeIgniter4\vendor\codeigniter4\framework\system\CodeIgniter.php(312): CodeIgniter\CodeIgniter->handleRequest(NULL, Object(Config\Cache), false)
#3 C:\Users\Rafi\Documents\HanifComputer-With-CodeIgniter4\public\index.php(45): CodeIgniter\CodeIgniter->run()
#4 C:\Users\Rafi\Documents\HanifComputer-With-CodeIgniter4\vendor\codeigniter4\framework\system\Commands\Server\rewrite.php(34): require_once('C:\\Users\\Rafi\\D...')
#5 {main}
CRITICAL - 2021-05-03 08:12:11 --> Call to a member function findAll() on null
#0 C:\Users\Rafi\Documents\HanifComputer-With-CodeIgniter4\vendor\codeigniter4\framework\system\CodeIgniter.php(918): App\Controllers\Produsen->index()
#1 C:\Users\Rafi\Documents\HanifComputer-With-CodeIgniter4\vendor\codeigniter4\framework\system\CodeIgniter.php(404): CodeIgniter\CodeIgniter->runController(Object(App\Controllers\Produsen))
#2 C:\Users\Rafi\Documents\HanifComputer-With-CodeIgniter4\vendor\codeigniter4\framework\system\CodeIgniter.php(312): CodeIgniter\CodeIgniter->handleRequest(NULL, Object(Config\Cache), false)
#3 C:\Users\Rafi\Documents\HanifComputer-With-CodeIgniter4\public\index.php(45): CodeIgniter\CodeIgniter->run()
#4 C:\Users\Rafi\Documents\HanifComputer-With-CodeIgniter4\vendor\codeigniter4\framework\system\Commands\Server\rewrite.php(34): require_once('C:\\Users\\Rafi\\D...')
#5 {main}
CRITICAL - 2021-05-03 08:12:32 --> Call to a member function findAll() on null
#0 C:\Users\Rafi\Documents\HanifComputer-With-CodeIgniter4\vendor\codeigniter4\framework\system\CodeIgniter.php(918): App\Controllers\Produsen->index()
#1 C:\Users\Rafi\Documents\HanifComputer-With-CodeIgniter4\vendor\codeigniter4\framework\system\CodeIgniter.php(404): CodeIgniter\CodeIgniter->runController(Object(App\Controllers\Produsen))
#2 C:\Users\Rafi\Documents\HanifComputer-With-CodeIgniter4\vendor\codeigniter4\framework\system\CodeIgniter.php(312): CodeIgniter\CodeIgniter->handleRequest(NULL, Object(Config\Cache), false)
#3 C:\Users\Rafi\Documents\HanifComputer-With-CodeIgniter4\public\index.php(45): CodeIgniter\CodeIgniter->run()
#4 C:\Users\Rafi\Documents\HanifComputer-With-CodeIgniter4\vendor\codeigniter4\framework\system\Commands\Server\rewrite.php(34): require_once('C:\\Users\\Rafi\\D...')
#5 {main}
CRITICAL - 2021-05-03 08:12:42 --> Call to a member function findAll() on null
#0 C:\Users\Rafi\Documents\HanifComputer-With-CodeIgniter4\vendor\codeigniter4\framework\system\CodeIgniter.php(918): App\Controllers\Produsen->index()
#1 C:\Users\Rafi\Documents\HanifComputer-With-CodeIgniter4\vendor\codeigniter4\framework\system\CodeIgniter.php(404): CodeIgniter\CodeIgniter->runController(Object(App\Controllers\Produsen))
#2 C:\Users\Rafi\Documents\HanifComputer-With-CodeIgniter4\vendor\codeigniter4\framework\system\CodeIgniter.php(312): CodeIgniter\CodeIgniter->handleRequest(NULL, Object(Config\Cache), false)
#3 C:\Users\Rafi\Documents\HanifComputer-With-CodeIgniter4\public\index.php(45): CodeIgniter\CodeIgniter->run()
#4 C:\Users\Rafi\Documents\HanifComputer-With-CodeIgniter4\vendor\codeigniter4\framework\system\Commands\Server\rewrite.php(34): require_once('C:\\Users\\Rafi\\D...')
#5 {main}
CRITICAL - 2021-05-03 08:14:42 --> Call to a member function findAll() on null
#0 C:\Users\Rafi\Documents\HanifComputer-With-CodeIgniter4\vendor\codeigniter4\framework\system\CodeIgniter.php(918): App\Controllers\Produsen->index()
#1 C:\Users\Rafi\Documents\HanifComputer-With-CodeIgniter4\vendor\codeigniter4\framework\system\CodeIgniter.php(404): CodeIgniter\CodeIgniter->runController(Object(App\Controllers\Produsen))
#2 C:\Users\Rafi\Documents\HanifComputer-With-CodeIgniter4\vendor\codeigniter4\framework\system\CodeIgniter.php(312): CodeIgniter\CodeIgniter->handleRequest(NULL, Object(Config\Cache), false)
#3 C:\Users\Rafi\Documents\HanifComputer-With-CodeIgniter4\public\index.php(45): CodeIgniter\CodeIgniter->run()
#4 C:\Users\Rafi\Documents\HanifComputer-With-CodeIgniter4\vendor\codeigniter4\framework\system\Commands\Server\rewrite.php(34): require_once('C:\\Users\\Rafi\\D...')
#5 {main}
CRITICAL - 2021-05-03 08:17:06 --> Call to a member function findAll() on null
#0 C:\Users\Rafi\Documents\HanifComputer-With-CodeIgniter4\vendor\codeigniter4\framework\system\CodeIgniter.php(918): App\Controllers\Produsen->index()
#1 C:\Users\Rafi\Documents\HanifComputer-With-CodeIgniter4\vendor\codeigniter4\framework\system\CodeIgniter.php(404): CodeIgniter\CodeIgniter->runController(Object(App\Controllers\Produsen))
#2 C:\Users\Rafi\Documents\HanifComputer-With-CodeIgniter4\vendor\codeigniter4\framework\system\CodeIgniter.php(312): CodeIgniter\CodeIgniter->handleRequest(NULL, Object(Config\Cache), false)
#3 C:\Users\Rafi\Documents\HanifComputer-With-CodeIgniter4\public\index.php(45): CodeIgniter\CodeIgniter->run()
#4 C:\Users\Rafi\Documents\HanifComputer-With-CodeIgniter4\vendor\codeigniter4\framework\system\Commands\Server\rewrite.php(34): require_once('C:\\Users\\Rafi\\D...')
#5 {main}
CRITICAL - 2021-05-03 08:17:09 --> Call to a member function findAll() on null
#0 C:\Users\Rafi\Documents\HanifComputer-With-CodeIgniter4\vendor\codeigniter4\framework\system\CodeIgniter.php(918): App\Controllers\Produsen->index()
#1 C:\Users\Rafi\Documents\HanifComputer-With-CodeIgniter4\vendor\codeigniter4\framework\system\CodeIgniter.php(404): CodeIgniter\CodeIgniter->runController(Object(App\Controllers\Produsen))
#2 C:\Users\Rafi\Documents\HanifComputer-With-CodeIgniter4\vendor\codeigniter4\framework\system\CodeIgniter.php(312): CodeIgniter\CodeIgniter->handleRequest(NULL, Object(Config\Cache), false)
#3 C:\Users\Rafi\Documents\HanifComputer-With-CodeIgniter4\public\index.php(45): CodeIgniter\CodeIgniter->run()
#4 C:\Users\Rafi\Documents\HanifComputer-With-CodeIgniter4\vendor\codeigniter4\framework\system\Commands\Server\rewrite.php(34): require_once('C:\\Users\\Rafi\\D...')
#5 {main}
CRITICAL - 2021-05-03 08:17:12 --> Call to a member function findAll() on null
#0 C:\Users\Rafi\Documents\HanifComputer-With-CodeIgniter4\vendor\codeigniter4\framework\system\CodeIgniter.php(918): App\Controllers\Produsen->index()
#1 C:\Users\Rafi\Documents\HanifComputer-With-CodeIgniter4\vendor\codeigniter4\framework\system\CodeIgniter.php(404): CodeIgniter\CodeIgniter->runController(Object(App\Controllers\Produsen))
#2 C:\Users\Rafi\Documents\HanifComputer-With-CodeIgniter4\vendor\codeigniter4\framework\system\CodeIgniter.php(312): CodeIgniter\CodeIgniter->handleRequest(NULL, Object(Config\Cache), false)
#3 C:\Users\Rafi\Documents\HanifComputer-With-CodeIgniter4\public\index.php(45): CodeIgniter\CodeIgniter->run()
#4 C:\Users\Rafi\Documents\HanifComputer-With-CodeIgniter4\vendor\codeigniter4\framework\system\Commands\Server\rewrite.php(34): require_once('C:\\Users\\Rafi\\D...')
#5 {main}
CRITICAL - 2021-05-03 08:17:22 --> Call to a member function findAll() on null
#0 C:\Users\Rafi\Documents\HanifComputer-With-CodeIgniter4\vendor\codeigniter4\framework\system\CodeIgniter.php(918): App\Controllers\Produsen->index()
#1 C:\Users\Rafi\Documents\HanifComputer-With-CodeIgniter4\vendor\codeigniter4\framework\system\CodeIgniter.php(404): CodeIgniter\CodeIgniter->runController(Object(App\Controllers\Produsen))
#2 C:\Users\Rafi\Documents\HanifComputer-With-CodeIgniter4\vendor\codeigniter4\framework\system\CodeIgniter.php(312): CodeIgniter\CodeIgniter->handleRequest(NULL, Object(Config\Cache), false)
#3 C:\Users\Rafi\Documents\HanifComputer-With-CodeIgniter4\public\index.php(45): CodeIgniter\CodeIgniter->run()
#4 C:\Users\Rafi\Documents\HanifComputer-With-CodeIgniter4\vendor\codeigniter4\framework\system\Commands\Server\rewrite.php(34): require_once('C:\\Users\\Rafi\\D...')
#5 {main}
CRITICAL - 2021-05-03 08:17:40 --> Call to a member function findAll() on null
#0 C:\Users\Rafi\Documents\HanifComputer-With-CodeIgniter4\vendor\codeigniter4\framework\system\CodeIgniter.php(918): App\Controllers\Produsen->index()
#1 C:\Users\Rafi\Documents\HanifComputer-With-CodeIgniter4\vendor\codeigniter4\framework\system\CodeIgniter.php(404): CodeIgniter\CodeIgniter->runController(Object(App\Controllers\Produsen))
#2 C:\Users\Rafi\Documents\HanifComputer-With-CodeIgniter4\vendor\codeigniter4\framework\system\CodeIgniter.php(312): CodeIgniter\CodeIgniter->handleRequest(NULL, Object(Config\Cache), false)
#3 C:\Users\Rafi\Documents\HanifComputer-With-CodeIgniter4\public\index.php(45): CodeIgniter\CodeIgniter->run()
#4 C:\Users\Rafi\Documents\HanifComputer-With-CodeIgniter4\vendor\codeigniter4\framework\system\Commands\Server\rewrite.php(34): require_once('C:\\Users\\Rafi\\D...')
#5 {main}
CRITICAL - 2021-05-03 08:17:41 --> Call to a member function findAll() on null
#0 C:\Users\Rafi\Documents\HanifComputer-With-CodeIgniter4\vendor\codeigniter4\framework\system\CodeIgniter.php(918): App\Controllers\Produsen->index()
#1 C:\Users\Rafi\Documents\HanifComputer-With-CodeIgniter4\vendor\codeigniter4\framework\system\CodeIgniter.php(404): CodeIgniter\CodeIgniter->runController(Object(App\Controllers\Produsen))
#2 C:\Users\Rafi\Documents\HanifComputer-With-CodeIgniter4\vendor\codeigniter4\framework\system\CodeIgniter.php(312): CodeIgniter\CodeIgniter->handleRequest(NULL, Object(Config\Cache), false)
#3 C:\Users\Rafi\Documents\HanifComputer-With-CodeIgniter4\public\index.php(45): CodeIgniter\CodeIgniter->run()
#4 C:\Users\Rafi\Documents\HanifComputer-With-CodeIgniter4\vendor\codeigniter4\framework\system\Commands\Server\rewrite.php(34): require_once('C:\\Users\\Rafi\\D...')
#5 {main}
CRITICAL - 2021-05-03 08:19:48 --> Call to a member function findAll() on null
#0 C:\Users\Rafi\Documents\HanifComputer-With-CodeIgniter4\vendor\codeigniter4\framework\system\CodeIgniter.php(918): App\Controllers\Produsen->index()
#1 C:\Users\Rafi\Documents\HanifComputer-With-CodeIgniter4\vendor\codeigniter4\framework\system\CodeIgniter.php(404): CodeIgniter\CodeIgniter->runController(Object(App\Controllers\Produsen))
#2 C:\Users\Rafi\Documents\HanifComputer-With-CodeIgniter4\vendor\codeigniter4\framework\system\CodeIgniter.php(312): CodeIgniter\CodeIgniter->handleRequest(NULL, Object(Config\Cache), false)
#3 C:\Users\Rafi\Documents\HanifComputer-With-CodeIgniter4\public\index.php(45): CodeIgniter\CodeIgniter->run()
#4 C:\Users\Rafi\Documents\HanifComputer-With-CodeIgniter4\vendor\codeigniter4\framework\system\Commands\Server\rewrite.php(34): require_once('C:\\Users\\Rafi\\D...')
#5 {main}
CRITICAL - 2021-05-03 08:20:14 --> Call to a member function findAll() on null
#0 C:\Users\Rafi\Documents\HanifComputer-With-CodeIgniter4\vendor\codeigniter4\framework\system\CodeIgniter.php(918): App\Controllers\Produsen->index()
#1 C:\Users\Rafi\Documents\HanifComputer-With-CodeIgniter4\vendor\codeigniter4\framework\system\CodeIgniter.php(404): CodeIgniter\CodeIgniter->runController(Object(App\Controllers\Produsen))
#2 C:\Users\Rafi\Documents\HanifComputer-With-CodeIgniter4\vendor\codeigniter4\framework\system\CodeIgniter.php(312): CodeIgniter\CodeIgniter->handleRequest(NULL, Object(Config\Cache), false)
#3 C:\Users\Rafi\Documents\HanifComputer-With-CodeIgniter4\public\index.php(45): CodeIgniter\CodeIgniter->run()
#4 C:\Users\Rafi\Documents\HanifComputer-With-CodeIgniter4\vendor\codeigniter4\framework\system\Commands\Server\rewrite.php(34): require_once('C:\\Users\\Rafi\\D...')
#5 {main}
CRITICAL - 2021-05-03 08:20:18 --> Call to a member function findAll() on null
#0 C:\Users\Rafi\Documents\HanifComputer-With-CodeIgniter4\vendor\codeigniter4\framework\system\CodeIgniter.php(918): App\Controllers\Produsen->index()
#1 C:\Users\Rafi\Documents\HanifComputer-With-CodeIgniter4\vendor\codeigniter4\framework\system\CodeIgniter.php(404): CodeIgniter\CodeIgniter->runController(Object(App\Controllers\Produsen))
#2 C:\Users\Rafi\Documents\HanifComputer-With-CodeIgniter4\vendor\codeigniter4\framework\system\CodeIgniter.php(312): CodeIgniter\CodeIgniter->handleRequest(NULL, Object(Config\Cache), false)
#3 C:\Users\Rafi\Documents\HanifComputer-With-CodeIgniter4\public\index.php(45): CodeIgniter\CodeIgniter->run()
#4 C:\Users\Rafi\Documents\HanifComputer-With-CodeIgniter4\vendor\codeigniter4\framework\system\Commands\Server\rewrite.php(34): require_once('C:\\Users\\Rafi\\D...')
#5 {main}
CRITICAL - 2021-05-03 08:20:33 --> Argument 2 passed to view() must be of the type array, null given, called in C:\Users\Rafi\Documents\HanifComputer-With-CodeIgniter4\app\Controllers\Produsen.php on line 21
#0 C:\Users\Rafi\Documents\HanifComputer-With-CodeIgniter4\app\Controllers\Produsen.php(21): view('produsen/index', NULL)
#1 C:\Users\Rafi\Documents\HanifComputer-With-CodeIgniter4\vendor\codeigniter4\framework\system\CodeIgniter.php(918): App\Controllers\Produsen->index()
#2 C:\Users\Rafi\Documents\HanifComputer-With-CodeIgniter4\vendor\codeigniter4\framework\system\CodeIgniter.php(404): CodeIgniter\CodeIgniter->runController(Object(App\Controllers\Produsen))
#3 C:\Users\Rafi\Documents\HanifComputer-With-CodeIgniter4\vendor\codeigniter4\framework\system\CodeIgniter.php(312): CodeIgniter\CodeIgniter->handleRequest(NULL, Object(Config\Cache), false)
#4 C:\Users\Rafi\Documents\HanifComputer-With-CodeIgniter4\public\index.php(45): CodeIgniter\CodeIgniter->run()
#5 C:\Users\Rafi\Documents\HanifComputer-With-CodeIgniter4\vendor\codeigniter4\framework\system\Commands\Server\rewrite.php(34): require_once('C:\\Users\\Rafi\\D...')
#6 {main}
CRITICAL - 2021-05-03 08:20:37 --> Argument 2 passed to view() must be of the type array, null given, called in C:\Users\Rafi\Documents\HanifComputer-With-CodeIgniter4\app\Controllers\Produsen.php on line 21
#0 C:\Users\Rafi\Documents\HanifComputer-With-CodeIgniter4\app\Controllers\Produsen.php(21): view('produsen/index', NULL)
#1 C:\Users\Rafi\Documents\HanifComputer-With-CodeIgniter4\vendor\codeigniter4\framework\system\CodeIgniter.php(918): App\Controllers\Produsen->index()
#2 C:\Users\Rafi\Documents\HanifComputer-With-CodeIgniter4\vendor\codeigniter4\framework\system\CodeIgniter.php(404): CodeIgniter\CodeIgniter->runController(Object(App\Controllers\Produsen))
#3 C:\Users\Rafi\Documents\HanifComputer-With-CodeIgniter4\vendor\codeigniter4\framework\system\CodeIgniter.php(312): CodeIgniter\CodeIgniter->handleRequest(NULL, Object(Config\Cache), false)
#4 C:\Users\Rafi\Documents\HanifComputer-With-CodeIgniter4\public\index.php(45): CodeIgniter\CodeIgniter->run()
#5 C:\Users\Rafi\Documents\HanifComputer-With-CodeIgniter4\vendor\codeigniter4\framework\system\Commands\Server\rewrite.php(34): require_once('C:\\Users\\Rafi\\D...')
#6 {main}
CRITICAL - 2021-05-03 19:08:05 --> Invalid file: produk/create.php
#0 C:\Users\Rafi\Documents\SmartInotek-SI-WebsiteBremMbahGading\vendor\codeigniter4\framework\system\View\View.php(228): CodeIgniter\Exceptions\FrameworkException::forInvalidFile('produk/create.p...')
#1 C:\Users\Rafi\Documents\SmartInotek-SI-WebsiteBremMbahGading\vendor\codeigniter4\framework\system\Common.php(1119): CodeIgniter\View\View->render('produk/create', Array, true)
#2 C:\Users\Rafi\Documents\SmartInotek-SI-WebsiteBremMbahGading\app\Controllers\Produk.php(36): view('produk/create', Array)
#3 C:\Users\Rafi\Documents\SmartInotek-SI-WebsiteBremMbahGading\vendor\codeigniter4\framework\system\CodeIgniter.php(918): App\Controllers\Produk->create()
#4 C:\Users\Rafi\Documents\SmartInotek-SI-WebsiteBremMbahGading\vendor\codeigniter4\framework\system\CodeIgniter.php(404): CodeIgniter\CodeIgniter->runController(Object(App\Controllers\Produk))
#5 C:\Users\Rafi\Documents\SmartInotek-SI-WebsiteBremMbahGading\vendor\codeigniter4\framework\system\CodeIgniter.php(312): CodeIgniter\CodeIgniter->handleRequest(NULL, Object(Config\Cache), false)
#6 C:\Users\Rafi\Documents\SmartInotek-SI-WebsiteBremMbahGading\public\index.php(45): CodeIgniter\CodeIgniter->run()
#7 C:\Users\Rafi\Documents\SmartInotek-SI-WebsiteBremMbahGading\vendor\codeigniter4\framework\system\Commands\Server\rewrite.php(34): require_once('C:\\Users\\Rafi\\D...')
#8 {main}
CRITICAL - 2021-05-03 19:08:30 --> Invalid file: produk/create.php
#0 C:\Users\Rafi\Documents\SmartInotek-SI-WebsiteBremMbahGading\vendor\codeigniter4\framework\system\View\View.php(228): CodeIgniter\Exceptions\FrameworkException::forInvalidFile('produk/create.p...')
#1 C:\Users\Rafi\Documents\SmartInotek-SI-WebsiteBremMbahGading\vendor\codeigniter4\framework\system\Common.php(1119): CodeIgniter\View\View->render('produk/create', Array, true)
#2 C:\Users\Rafi\Documents\SmartInotek-SI-WebsiteBremMbahGading\app\Controllers\Produk.php(36): view('produk/create', Array)
#3 C:\Users\Rafi\Documents\SmartInotek-SI-WebsiteBremMbahGading\vendor\codeigniter4\framework\system\CodeIgniter.php(918): App\Controllers\Produk->create()
#4 C:\Users\Rafi\Documents\SmartInotek-SI-WebsiteBremMbahGading\vendor\codeigniter4\framework\system\CodeIgniter.php(404): CodeIgniter\CodeIgniter->runController(Object(App\Controllers\Produk))
#5 C:\Users\Rafi\Documents\SmartInotek-SI-WebsiteBremMbahGading\vendor\codeigniter4\framework\system\CodeIgniter.php(312): CodeIgniter\CodeIgniter->handleRequest(NULL, Object(Config\Cache), false)
#6 C:\Users\Rafi\Documents\SmartInotek-SI-WebsiteBremMbahGading\public\index.php(45): CodeIgniter\CodeIgniter->run()
#7 C:\Users\Rafi\Documents\SmartInotek-SI-WebsiteBremMbahGading\vendor\codeigniter4\framework\system\Commands\Server\rewrite.php(34): require_once('C:\\Users\\Rafi\\D...')
#8 {main}
CRITICAL - 2021-05-03 19:08:31 --> Invalid file: produk/index.php
#0 C:\Users\Rafi\Documents\SmartInotek-SI-WebsiteBremMbahGading\vendor\codeigniter4\framework\system\View\View.php(228): CodeIgniter\Exceptions\FrameworkException::forInvalidFile('produk/index.ph...')
#1 C:\Users\Rafi\Documents\SmartInotek-SI-WebsiteBremMbahGading\vendor\codeigniter4\framework\system\Common.php(1119): CodeIgniter\View\View->render('produk/index', Array, true)
#2 C:\Users\Rafi\Documents\SmartInotek-SI-WebsiteBremMbahGading\app\Controllers\Produk.php(20): view('produk/index', Array)
#3 C:\Users\Rafi\Documents\SmartInotek-SI-WebsiteBremMbahGading\vendor\codeigniter4\framework\system\CodeIgniter.php(918): App\Controllers\Produk->index()
#4 C:\Users\Rafi\Documents\SmartInotek-SI-WebsiteBremMbahGading\vendor\codeigniter4\framework\system\CodeIgniter.php(404): CodeIgniter\CodeIgniter->runController(Object(App\Controllers\Produk))
#5 C:\Users\Rafi\Documents\SmartInotek-SI-WebsiteBremMbahGading\vendor\codeigniter4\framework\system\CodeIgniter.php(312): CodeIgniter\CodeIgniter->handleRequest(NULL, Object(Config\Cache), false)
#6 C:\Users\Rafi\Documents\SmartInotek-SI-WebsiteBremMbahGading\public\index.php(45): CodeIgniter\CodeIgniter->run()
#7 C:\Users\Rafi\Documents\SmartInotek-SI-WebsiteBremMbahGading\vendor\codeigniter4\framework\system\Commands\Server\rewrite.php(34): require_once('C:\\Users\\Rafi\\D...')
#8 {main}
CRITICAL - 2021-05-03 19:08:33 --> Invalid file: produk/detail.php
#0 C:\Users\Rafi\Documents\SmartInotek-SI-WebsiteBremMbahGading\vendor\codeigniter4\framework\system\View\View.php(228): CodeIgniter\Exceptions\FrameworkException::forInvalidFile('produk/detail.p...')
#1 C:\Users\Rafi\Documents\SmartInotek-SI-WebsiteBremMbahGading\vendor\codeigniter4\framework\system\Common.php(1119): CodeIgniter\View\View->render('produk/detail', Array, true)
#2 C:\Users\Rafi\Documents\SmartInotek-SI-WebsiteBremMbahGading\app\Controllers\Produk.php(28): view('produk/detail', Array)
#3 C:\Users\Rafi\Documents\SmartInotek-SI-WebsiteBremMbahGading\vendor\codeigniter4\framework\system\CodeIgniter.php(918): App\Controllers\Produk->detail('brem-original')
#4 C:\Users\Rafi\Documents\SmartInotek-SI-WebsiteBremMbahGading\vendor\codeigniter4\framework\system\CodeIgniter.php(404): CodeIgniter\CodeIgniter->runController(Object(App\Controllers\Produk))
#5 C:\Users\Rafi\Documents\SmartInotek-SI-WebsiteBremMbahGading\vendor\codeigniter4\framework\system\CodeIgniter.php(312): CodeIgniter\CodeIgniter->handleRequest(NULL, Object(Config\Cache), false)
#6 C:\Users\Rafi\Documents\SmartInotek-SI-WebsiteBremMbahGading\public\index.php(45): CodeIgniter\CodeIgniter->run()
#7 C:\Users\Rafi\Documents\SmartInotek-SI-WebsiteBremMbahGading\vendor\codeigniter4\framework\system\Commands\Server\rewrite.php(34): require_once('C:\\Users\\Rafi\\D...')
#8 {main}
CRITICAL - 2021-05-03 19:08:33 --> Invalid file: produk/index.php
#0 C:\Users\Rafi\Documents\SmartInotek-SI-WebsiteBremMbahGading\vendor\codeigniter4\framework\system\View\View.php(228): CodeIgniter\Exceptions\FrameworkException::forInvalidFile('produk/index.ph...')
#1 C:\Users\Rafi\Documents\SmartInotek-SI-WebsiteBremMbahGading\vendor\codeigniter4\framework\system\Common.php(1119): CodeIgniter\View\View->render('produk/index', Array, true)
#2 C:\Users\Rafi\Documents\SmartInotek-SI-WebsiteBremMbahGading\app\Controllers\Produk.php(20): view('produk/index', Array)
#3 C:\Users\Rafi\Documents\SmartInotek-SI-WebsiteBremMbahGading\vendor\codeigniter4\framework\system\CodeIgniter.php(918): App\Controllers\Produk->index()
#4 C:\Users\Rafi\Documents\SmartInotek-SI-WebsiteBremMbahGading\vendor\codeigniter4\framework\system\CodeIgniter.php(404): CodeIgniter\CodeIgniter->runController(Object(App\Controllers\Produk))
#5 C:\Users\Rafi\Documents\SmartInotek-SI-WebsiteBremMbahGading\vendor\codeigniter4\framework\system\CodeIgniter.php(312): CodeIgniter\CodeIgniter->handleRequest(NULL, Object(Config\Cache), false)
#6 C:\Users\Rafi\Documents\SmartInotek-SI-WebsiteBremMbahGading\public\index.php(45): CodeIgniter\CodeIgniter->run()
#7 C:\Users\Rafi\Documents\SmartInotek-SI-WebsiteBremMbahGading\vendor\codeigniter4\framework\system\Commands\Server\rewrite.php(34): require_once('C:\\Users\\Rafi\\D...')
#8 {main}
CRITICAL - 2021-05-03 19:08:34 --> Invalid file: produk/detail.php
#0 C:\Users\Rafi\Documents\SmartInotek-SI-WebsiteBremMbahGading\vendor\codeigniter4\framework\system\View\View.php(228): CodeIgniter\Exceptions\FrameworkException::forInvalidFile('produk/detail.p...')
#1 C:\Users\Rafi\Documents\SmartInotek-SI-WebsiteBremMbahGading\vendor\codeigniter4\framework\system\Common.php(1119): CodeIgniter\View\View->render('produk/detail', Array, true)
#2 C:\Users\Rafi\Documents\SmartInotek-SI-WebsiteBremMbahGading\app\Controllers\Produk.php(28): view('produk/detail', Array)
#3 C:\Users\Rafi\Documents\SmartInotek-SI-WebsiteBremMbahGading\vendor\codeigniter4\framework\system\CodeIgniter.php(918): App\Controllers\Produk->detail('brem-original')
#4 C:\Users\Rafi\Documents\SmartInotek-SI-WebsiteBremMbahGading\vendor\codeigniter4\framework\system\CodeIgniter.php(404): CodeIgniter\CodeIgniter->runController(Object(App\Controllers\Produk))
#5 C:\Users\Rafi\Documents\SmartInotek-SI-WebsiteBremMbahGading\vendor\codeigniter4\framework\system\CodeIgniter.php(312): CodeIgniter\CodeIgniter->handleRequest(NULL, Object(Config\Cache), false)
#6 C:\Users\Rafi\Documents\SmartInotek-SI-WebsiteBremMbahGading\public\index.php(45): CodeIgniter\CodeIgniter->run()
#7 C:\Users\Rafi\Documents\SmartInotek-SI-WebsiteBremMbahGading\vendor\codeigniter4\framework\system\Commands\Server\rewrite.php(34): require_once('C:\\Users\\Rafi\\D...')
#8 {main}
CRITICAL - 2021-05-03 19:08:39 --> Invalid file: produk/index.php
#0 C:\Users\Rafi\Documents\SmartInotek-SI-WebsiteBremMbahGading\vendor\codeigniter4\framework\system\View\View.php(228): CodeIgniter\Exceptions\FrameworkException::forInvalidFile('produk/index.ph...')
#1 C:\Users\Rafi\Documents\SmartInotek-SI-WebsiteBremMbahGading\vendor\codeigniter4\framework\system\Common.php(1119): CodeIgniter\View\View->render('produk/index', Array, true)
#2 C:\Users\Rafi\Documents\SmartInotek-SI-WebsiteBremMbahGading\app\Controllers\Produk.php(20): view('produk/index', Array)
#3 C:\Users\Rafi\Documents\SmartInotek-SI-WebsiteBremMbahGading\vendor\codeigniter4\framework\system\CodeIgniter.php(918): App\Controllers\Produk->index()
#4 C:\Users\Rafi\Documents\SmartInotek-SI-WebsiteBremMbahGading\vendor\codeigniter4\framework\system\CodeIgniter.php(404): CodeIgniter\CodeIgniter->runController(Object(App\Controllers\Produk))
#5 C:\Users\Rafi\Documents\SmartInotek-SI-WebsiteBremMbahGading\vendor\codeigniter4\framework\system\CodeIgniter.php(312): CodeIgniter\CodeIgniter->handleRequest(NULL, Object(Config\Cache), false)
#6 C:\Users\Rafi\Documents\SmartInotek-SI-WebsiteBremMbahGading\public\index.php(45): CodeIgniter\CodeIgniter->run()
#7 C:\Users\Rafi\Documents\SmartInotek-SI-WebsiteBremMbahGading\vendor\codeigniter4\framework\system\Commands\Server\rewrite.php(34): require_once('C:\\Users\\Rafi\\D...')
#8 {main}
CRITICAL - 2021-05-03 19:08:44 --> Invalid file: produk/index.php
#0 C:\Users\Rafi\Documents\SmartInotek-SI-WebsiteBremMbahGading\vendor\codeigniter4\framework\system\View\View.php(228): CodeIgniter\Exceptions\FrameworkException::forInvalidFile('produk/index.ph...')
#1 C:\Users\Rafi\Documents\SmartInotek-SI-WebsiteBremMbahGading\vendor\codeigniter4\framework\system\Common.php(1119): CodeIgniter\View\View->render('produk/index', Array, true)
#2 C:\Users\Rafi\Documents\SmartInotek-SI-WebsiteBremMbahGading\app\Controllers\Produk.php(20): view('produk/index', Array)
#3 C:\Users\Rafi\Documents\SmartInotek-SI-WebsiteBremMbahGading\vendor\codeigniter4\framework\system\CodeIgniter.php(918): App\Controllers\Produk->index()
#4 C:\Users\Rafi\Documents\SmartInotek-SI-WebsiteBremMbahGading\vendor\codeigniter4\framework\system\CodeIgniter.php(404): CodeIgniter\CodeIgniter->runController(Object(App\Controllers\Produk))
#5 C:\Users\Rafi\Documents\SmartInotek-SI-WebsiteBremMbahGading\vendor\codeigniter4\framework\system\CodeIgniter.php(312): CodeIgniter\CodeIgniter->handleRequest(NULL, Object(Config\Cache), false)
#6 C:\Users\Rafi\Documents\SmartInotek-SI-WebsiteBremMbahGading\public\index.php(45): CodeIgniter\CodeIgniter->run()
#7 C:\Users\Rafi\Documents\SmartInotek-SI-WebsiteBremMbahGading\vendor\codeigniter4\framework\system\Commands\Server\rewrite.php(34): require_once('C:\\Users\\Rafi\\D...')
#8 {main}
CRITICAL - 2021-05-03 19:17:41 --> Invalid argument supplied for foreach()
#0 C:\Users\Rafi\Documents\SmartInotek-SI-WebsiteBremMbahGading\app\Views\Produk\index.php(28): CodeIgniter\Debug\Exceptions->errorHandler(2, 'Invalid argumen...', 'C:\\Users\\Rafi\\D...', 28, Array)
#1 C:\Users\Rafi\Documents\SmartInotek-SI-WebsiteBremMbahGading\vendor\codeigniter4\framework\system\View\View.php(246): include('C:\\Users\\Rafi\\D...')
#2 C:\Users\Rafi\Documents\SmartInotek-SI-WebsiteBremMbahGading\vendor\codeigniter4\framework\system\Common.php(1119): CodeIgniter\View\View->render('produk/index', Array, true)
#3 C:\Users\Rafi\Documents\SmartInotek-SI-WebsiteBremMbahGading\app\Controllers\Produk.php(20): view('produk/index', Array)
#4 C:\Users\Rafi\Documents\SmartInotek-SI-WebsiteBremMbahGading\vendor\codeigniter4\framework\system\CodeIgniter.php(918): App\Controllers\Produk->index()
#5 C:\Users\Rafi\Documents\SmartInotek-SI-WebsiteBremMbahGading\vendor\codeigniter4\framework\system\CodeIgniter.php(404): CodeIgniter\CodeIgniter->runController(Object(App\Controllers\Produk))
#6 C:\Users\Rafi\Documents\SmartInotek-SI-WebsiteBremMbahGading\vendor\codeigniter4\framework\system\CodeIgniter.php(312): CodeIgniter\CodeIgniter->handleRequest(NULL, Object(Config\Cache), false)
#7 C:\Users\Rafi\Documents\SmartInotek-SI-WebsiteBremMbahGading\public\index.php(45): CodeIgniter\CodeIgniter->run()
#8 C:\Users\Rafi\Documents\SmartInotek-SI-WebsiteBremMbahGading\vendor\codeigniter4\framework\system\Commands\Server\rewrite.php(34): require_once('C:\\Users\\Rafi\\D...')
#9 {main}
CRITICAL - 2021-05-03 19:17:42 --> Invalid argument supplied for foreach()
#0 C:\Users\Rafi\Documents\SmartInotek-SI-WebsiteBremMbahGading\app\Views\Produk\index.php(28): CodeIgniter\Debug\Exceptions->errorHandler(2, 'Invalid argumen...', 'C:\\Users\\Rafi\\D...', 28, Array)
#1 C:\Users\Rafi\Documents\SmartInotek-SI-WebsiteBremMbahGading\vendor\codeigniter4\framework\system\View\View.php(246): include('C:\\Users\\Rafi\\D...')
#2 C:\Users\Rafi\Documents\SmartInotek-SI-WebsiteBremMbahGading\vendor\codeigniter4\framework\system\Common.php(1119): CodeIgniter\View\View->render('produk/index', Array, true)
#3 C:\Users\Rafi\Documents\SmartInotek-SI-WebsiteBremMbahGading\app\Controllers\Produk.php(20): view('produk/index', Array)
#4 C:\Users\Rafi\Documents\SmartInotek-SI-WebsiteBremMbahGading\vendor\codeigniter4\framework\system\CodeIgniter.php(918): App\Controllers\Produk->index()
#5 C:\Users\Rafi\Documents\SmartInotek-SI-WebsiteBremMbahGading\vendor\codeigniter4\framework\system\CodeIgniter.php(404): CodeIgniter\CodeIgniter->runController(Object(App\Controllers\Produk))
#6 C:\Users\Rafi\Documents\SmartInotek-SI-WebsiteBremMbahGading\vendor\codeigniter4\framework\system\CodeIgniter.php(312): CodeIgniter\CodeIgniter->handleRequest(NULL, Object(Config\Cache), false)
#7 C:\Users\Rafi\Documents\SmartInotek-SI-WebsiteBremMbahGading\public\index.php(45): CodeIgniter\CodeIgniter->run()
#8 C:\Users\Rafi\Documents\SmartInotek-SI-WebsiteBremMbahGading\vendor\codeigniter4\framework\system\Commands\Server\rewrite.php(34): require_once('C:\\Users\\Rafi\\D...')
#9 {main}
CRITICAL - 2021-05-03 19:17:44 --> Invalid argument supplied for foreach()
#0 C:\Users\Rafi\Documents\SmartInotek-SI-WebsiteBremMbahGading\app\Views\Produk\index.php(28): CodeIgniter\Debug\Exceptions->errorHandler(2, 'Invalid argumen...', 'C:\\Users\\Rafi\\D...', 28, Array)
#1 C:\Users\Rafi\Documents\SmartInotek-SI-WebsiteBremMbahGading\vendor\codeigniter4\framework\system\View\View.php(246): include('C:\\Users\\Rafi\\D...')
#2 C:\Users\Rafi\Documents\SmartInotek-SI-WebsiteBremMbahGading\vendor\codeigniter4\framework\system\Common.php(1119): CodeIgniter\View\View->render('produk/index', Array, true)
#3 C:\Users\Rafi\Documents\SmartInotek-SI-WebsiteBremMbahGading\app\Controllers\Produk.php(20): view('produk/index', Array)
#4 C:\Users\Rafi\Documents\SmartInotek-SI-WebsiteBremMbahGading\vendor\codeigniter4\framework\system\CodeIgniter.php(918): App\Controllers\Produk->index()
#5 C:\Users\Rafi\Documents\SmartInotek-SI-WebsiteBremMbahGading\vendor\codeigniter4\framework\system\CodeIgniter.php(404): CodeIgniter\CodeIgniter->runController(Object(App\Controllers\Produk))
#6 C:\Users\Rafi\Documents\SmartInotek-SI-WebsiteBremMbahGading\vendor\codeigniter4\framework\system\CodeIgniter.php(312): CodeIgniter\CodeIgniter->handleRequest(NULL, Object(Config\Cache), false)
#7 C:\Users\Rafi\Documents\SmartInotek-SI-WebsiteBremMbahGading\public\index.php(45): CodeIgniter\CodeIgniter->run()
#8 C:\Users\Rafi\Documents\SmartInotek-SI-WebsiteBremMbahGading\vendor\codeigniter4\framework\system\Commands\Server\rewrite.php(34): require_once('C:\\Users\\Rafi\\D...')
#9 {main}
CRITICAL - 2021-05-03 19:17:44 --> Invalid argument supplied for foreach()
#0 C:\Users\Rafi\Documents\SmartInotek-SI-WebsiteBremMbahGading\app\Views\Produk\index.php(28): CodeIgniter\Debug\Exceptions->errorHandler(2, 'Invalid argumen...', 'C:\\Users\\Rafi\\D...', 28, Array)
#1 C:\Users\Rafi\Documents\SmartInotek-SI-WebsiteBremMbahGading\vendor\codeigniter4\framework\system\View\View.php(246): include('C:\\Users\\Rafi\\D...')
#2 C:\Users\Rafi\Documents\SmartInotek-SI-WebsiteBremMbahGading\vendor\codeigniter4\framework\system\Common.php(1119): CodeIgniter\View\View->render('produk/index', Array, true)
#3 C:\Users\Rafi\Documents\SmartInotek-SI-WebsiteBremMbahGading\app\Controllers\Produk.php(20): view('produk/index', Array)
#4 C:\Users\Rafi\Documents\SmartInotek-SI-WebsiteBremMbahGading\vendor\codeigniter4\framework\system\CodeIgniter.php(918): App\Controllers\Produk->index()
#5 C:\Users\Rafi\Documents\SmartInotek-SI-WebsiteBremMbahGading\vendor\codeigniter4\framework\system\CodeIgniter.php(404): CodeIgniter\CodeIgniter->runController(Object(App\Controllers\Produk))
#6 C:\Users\Rafi\Documents\SmartInotek-SI-WebsiteBremMbahGading\vendor\codeigniter4\framework\system\CodeIgniter.php(312): CodeIgniter\CodeIgniter->handleRequest(NULL, Object(Config\Cache), false)
#7 C:\Users\Rafi\Documents\SmartInotek-SI-WebsiteBremMbahGading\public\index.php(45): CodeIgniter\CodeIgniter->run()
#8 C:\Users\Rafi\Documents\SmartInotek-SI-WebsiteBremMbahGading\vendor\codeigniter4\framework\system\Commands\Server\rewrite.php(34): require_once('C:\\Users\\Rafi\\D...')
#9 {main}
CRITICAL - 2021-05-03 19:17:44 --> Invalid argument supplied for foreach()
#0 C:\Users\Rafi\Documents\SmartInotek-SI-WebsiteBremMbahGading\app\Views\Produk\index.php(28): CodeIgniter\Debug\Exceptions->errorHandler(2, 'Invalid argumen...', 'C:\\Users\\Rafi\\D...', 28, Array)
#1 C:\Users\Rafi\Documents\SmartInotek-SI-WebsiteBremMbahGading\vendor\codeigniter4\framework\system\View\View.php(246): include('C:\\Users\\Rafi\\D...')
#2 C:\Users\Rafi\Documents\SmartInotek-SI-WebsiteBremMbahGading\vendor\codeigniter4\framework\system\Common.php(1119): CodeIgniter\View\View->render('produk/index', Array, true)
#3 C:\Users\Rafi\Documents\SmartInotek-SI-WebsiteBremMbahGading\app\Controllers\Produk.php(20): view('produk/index', Array)
#4 C:\Users\Rafi\Documents\SmartInotek-SI-WebsiteBremMbahGading\vendor\codeigniter4\framework\system\CodeIgniter.php(918): App\Controllers\Produk->index()
#5 C:\Users\Rafi\Documents\SmartInotek-SI-WebsiteBremMbahGading\vendor\codeigniter4\framework\system\CodeIgniter.php(404): CodeIgniter\CodeIgniter->runController(Object(App\Controllers\Produk))
#6 C:\Users\Rafi\Documents\SmartInotek-SI-WebsiteBremMbahGading\vendor\codeigniter4\framework\system\CodeIgniter.php(312): CodeIgniter\CodeIgniter->handleRequest(NULL, Object(Config\Cache), false)
#7 C:\Users\Rafi\Documents\SmartInotek-SI-WebsiteBremMbahGading\public\index.php(45): CodeIgniter\CodeIgniter->run()
#8 C:\Users\Rafi\Documents\SmartInotek-SI-WebsiteBremMbahGading\vendor\codeigniter4\framework\system\Commands\Server\rewrite.php(34): require_once('C:\\Users\\Rafi\\D...')
#9 {main}
CRITICAL - 2021-05-03 19:17:45 --> Invalid argument supplied for foreach()
#0 C:\Users\Rafi\Documents\SmartInotek-SI-WebsiteBremMbahGading\app\Views\Produk\index.php(28): CodeIgniter\Debug\Exceptions->errorHandler(2, 'Invalid argumen...', 'C:\\Users\\Rafi\\D...', 28, Array)
#1 C:\Users\Rafi\Documents\SmartInotek-SI-WebsiteBremMbahGading\vendor\codeigniter4\framework\system\View\View.php(246): include('C:\\Users\\Rafi\\D...')
#2 C:\Users\Rafi\Documents\SmartInotek-SI-WebsiteBremMbahGading\vendor\codeigniter4\framework\system\Common.php(1119): CodeIgniter\View\View->render('produk/index', Array, true)
#3 C:\Users\Rafi\Documents\SmartInotek-SI-WebsiteBremMbahGading\app\Controllers\Produk.php(20): view('produk/index', Array)
#4 C:\Users\Rafi\Documents\SmartInotek-SI-WebsiteBremMbahGading\vendor\codeigniter4\framework\system\CodeIgniter.php(918): App\Controllers\Produk->index()
#5 C:\Users\Rafi\Documents\SmartInotek-SI-WebsiteBremMbahGading\vendor\codeigniter4\framework\system\CodeIgniter.php(404): CodeIgniter\CodeIgniter->runController(Object(App\Controllers\Produk))
#6 C:\Users\Rafi\Documents\SmartInotek-SI-WebsiteBremMbahGading\vendor\codeigniter4\framework\system\CodeIgniter.php(312): CodeIgniter\CodeIgniter->handleRequest(NULL, Object(Config\Cache), false)
#7 C:\Users\Rafi\Documents\SmartInotek-SI-WebsiteBremMbahGading\public\index.php(45): CodeIgniter\CodeIgniter->run()
#8 C:\Users\Rafi\Documents\SmartInotek-SI-WebsiteBremMbahGading\vendor\codeigniter4\framework\system\Commands\Server\rewrite.php(34): require_once('C:\\Users\\Rafi\\D...')
#9 {main}
CRITICAL - 2021-05-03 19:18:13 --> Invalid argument supplied for foreach()
#0 C:\Users\Rafi\Documents\SmartInotek-SI-WebsiteBremMbahGading\app\Views\Produk\index.php(28): CodeIgniter\Debug\Exceptions->errorHandler(2, 'Invalid argumen...', 'C:\\Users\\Rafi\\D...', 28, Array)
#1 C:\Users\Rafi\Documents\SmartInotek-SI-WebsiteBremMbahGading\vendor\codeigniter4\framework\system\View\View.php(246): include('C:\\Users\\Rafi\\D...')
#2 C:\Users\Rafi\Documents\SmartInotek-SI-WebsiteBremMbahGading\vendor\codeigniter4\framework\system\Common.php(1119): CodeIgniter\View\View->render('produk/index', Array, true)
#3 C:\Users\Rafi\Documents\SmartInotek-SI-WebsiteBremMbahGading\app\Controllers\Produk.php(20): view('produk/index', Array)
#4 C:\Users\Rafi\Documents\SmartInotek-SI-WebsiteBremMbahGading\vendor\codeigniter4\framework\system\CodeIgniter.php(918): App\Controllers\Produk->index()
#5 C:\Users\Rafi\Documents\SmartInotek-SI-WebsiteBremMbahGading\vendor\codeigniter4\framework\system\CodeIgniter.php(404): CodeIgniter\CodeIgniter->runController(Object(App\Controllers\Produk))
#6 C:\Users\Rafi\Documents\SmartInotek-SI-WebsiteBremMbahGading\vendor\codeigniter4\framework\system\CodeIgniter.php(312): CodeIgniter\CodeIgniter->handleRequest(NULL, Object(Config\Cache), false)
#7 C:\Users\Rafi\Documents\SmartInotek-SI-WebsiteBremMbahGading\public\index.php(45): CodeIgniter\CodeIgniter->run()
#8 C:\Users\Rafi\Documents\SmartInotek-SI-WebsiteBremMbahGading\vendor\codeigniter4\framework\system\Commands\Server\rewrite.php(34): require_once('C:\\Users\\Rafi\\D...')
#9 {main}
CRITICAL - 2021-05-03 19:18:16 --> Invalid argument supplied for foreach()
#0 C:\Users\Rafi\Documents\SmartInotek-SI-WebsiteBremMbahGading\app\Views\Produk\index.php(28): CodeIgniter\Debug\Exceptions->errorHandler(2, 'Invalid argumen...', 'C:\\Users\\Rafi\\D...', 28, Array)
#1 C:\Users\Rafi\Documents\SmartInotek-SI-WebsiteBremMbahGading\vendor\codeigniter4\framework\system\View\View.php(246): include('C:\\Users\\Rafi\\D...')
#2 C:\Users\Rafi\Documents\SmartInotek-SI-WebsiteBremMbahGading\vendor\codeigniter4\framework\system\Common.php(1119): CodeIgniter\View\View->render('produk/index', Array, true)
#3 C:\Users\Rafi\Documents\SmartInotek-SI-WebsiteBremMbahGading\app\Controllers\Produk.php(20): view('produk/index', Array)
#4 C:\Users\Rafi\Documents\SmartInotek-SI-WebsiteBremMbahGading\vendor\codeigniter4\framework\system\CodeIgniter.php(918): App\Controllers\Produk->index()
#5 C:\Users\Rafi\Documents\SmartInotek-SI-WebsiteBremMbahGading\vendor\codeigniter4\framework\system\CodeIgniter.php(404): CodeIgniter\CodeIgniter->runController(Object(App\Controllers\Produk))
#6 C:\Users\Rafi\Documents\SmartInotek-SI-WebsiteBremMbahGading\vendor\codeigniter4\framework\system\CodeIgniter.php(312): CodeIgniter\CodeIgniter->handleRequest(NULL, Object(Config\Cache), false)
#7 C:\Users\Rafi\Documents\SmartInotek-SI-WebsiteBremMbahGading\public\index.php(45): CodeIgniter\CodeIgniter->run()
#8 C:\Users\Rafi\Documents\SmartInotek-SI-WebsiteBremMbahGading\vendor\codeigniter4\framework\system\Commands\Server\rewrite.php(34): require_once('C:\\Users\\Rafi\\D...')
#9 {main}
CRITICAL - 2021-05-03 19:18:21 --> Invalid argument supplied for foreach()
#0 C:\Users\Rafi\Documents\SmartInotek-SI-WebsiteBremMbahGading\app\Views\Produk\index.php(28): CodeIgniter\Debug\Exceptions->errorHandler(2, 'Invalid argumen...', 'C:\\Users\\Rafi\\D...', 28, Array)
#1 C:\Users\Rafi\Documents\SmartInotek-SI-WebsiteBremMbahGading\vendor\codeigniter4\framework\system\View\View.php(246): include('C:\\Users\\Rafi\\D...')
#2 C:\Users\Rafi\Documents\SmartInotek-SI-WebsiteBremMbahGading\vendor\codeigniter4\framework\system\Common.php(1119): CodeIgniter\View\View->render('produk/index', Array, true)
#3 C:\Users\Rafi\Documents\SmartInotek-SI-WebsiteBremMbahGading\app\Controllers\Produk.php(20): view('produk/index', Array)
#4 C:\Users\Rafi\Documents\SmartInotek-SI-WebsiteBremMbahGading\vendor\codeigniter4\framework\system\CodeIgniter.php(918): App\Controllers\Produk->index()
#5 C:\Users\Rafi\Documents\SmartInotek-SI-WebsiteBremMbahGading\vendor\codeigniter4\framework\system\CodeIgniter.php(404): CodeIgniter\CodeIgniter->runController(Object(App\Controllers\Produk))
#6 C:\Users\Rafi\Documents\SmartInotek-SI-WebsiteBremMbahGading\vendor\codeigniter4\framework\system\CodeIgniter.php(312): CodeIgniter\CodeIgniter->handleRequest(NULL, Object(Config\Cache), false)
#7 C:\Users\Rafi\Documents\SmartInotek-SI-WebsiteBremMbahGading\public\index.php(45): CodeIgniter\CodeIgniter->run()
#8 C:\Users\Rafi\Documents\SmartInotek-SI-WebsiteBremMbahGading\vendor\codeigniter4\framework\system\Commands\Server\rewrite.php(34): require_once('C:\\Users\\Rafi\\D...')
#9 {main}
CRITICAL - 2021-05-03 19:20:27 --> Invalid argument supplied for foreach()
#0 C:\Users\Rafi\Documents\SmartInotek-SI-WebsiteBremMbahGading\app\Views\Produk\index.php(28): CodeIgniter\Debug\Exceptions->errorHandler(2, 'Invalid argumen...', 'C:\\Users\\Rafi\\D...', 28, Array)
#1 C:\Users\Rafi\Documents\SmartInotek-SI-WebsiteBremMbahGading\vendor\codeigniter4\framework\system\View\View.php(246): include('C:\\Users\\Rafi\\D...')
#2 C:\Users\Rafi\Documents\SmartInotek-SI-WebsiteBremMbahGading\vendor\codeigniter4\framework\system\Common.php(1119): CodeIgniter\View\View->render('produk/index', Array, true)
#3 C:\Users\Rafi\Documents\SmartInotek-SI-WebsiteBremMbahGading\app\Controllers\Produk.php(20): view('produk/index', Array)
#4 C:\Users\Rafi\Documents\SmartInotek-SI-WebsiteBremMbahGading\vendor\codeigniter4\framework\system\CodeIgniter.php(918): App\Controllers\Produk->index()
#5 C:\Users\Rafi\Documents\SmartInotek-SI-WebsiteBremMbahGading\vendor\codeigniter4\framework\system\CodeIgniter.php(404): CodeIgniter\CodeIgniter->runController(Object(App\Controllers\Produk))
#6 C:\Users\Rafi\Documents\SmartInotek-SI-WebsiteBremMbahGading\vendor\codeigniter4\framework\system\CodeIgniter.php(312): CodeIgniter\CodeIgniter->handleRequest(NULL, Object(Config\Cache), false)
#7 C:\Users\Rafi\Documents\SmartInotek-SI-WebsiteBremMbahGading\public\index.php(45): CodeIgniter\CodeIgniter->run()
#8 C:\Users\Rafi\Documents\SmartInotek-SI-WebsiteBremMbahGading\vendor\codeigniter4\framework\system\Commands\Server\rewrite.php(34): require_once('C:\\Users\\Rafi\\D...')
#9 {main}
CRITICAL - 2021-05-03 19:20:28 --> Invalid argument supplied for foreach()
#0 C:\Users\Rafi\Documents\SmartInotek-SI-WebsiteBremMbahGading\app\Views\Produk\index.php(28): CodeIgniter\Debug\Exceptions->errorHandler(2, 'Invalid argumen...', 'C:\\Users\\Rafi\\D...', 28, Array)
#1 C:\Users\Rafi\Documents\SmartInotek-SI-WebsiteBremMbahGading\vendor\codeigniter4\framework\system\View\View.php(246): include('C:\\Users\\Rafi\\D...')
#2 C:\Users\Rafi\Documents\SmartInotek-SI-WebsiteBremMbahGading\vendor\codeigniter4\framework\system\Common.php(1119): CodeIgniter\View\View->render('produk/index', Array, true)
#3 C:\Users\Rafi\Documents\SmartInotek-SI-WebsiteBremMbahGading\app\Controllers\Produk.php(20): view('produk/index', Array)
#4 C:\Users\Rafi\Documents\SmartInotek-SI-WebsiteBremMbahGading\vendor\codeigniter4\framework\system\CodeIgniter.php(918): App\Controllers\Produk->index()
#5 C:\Users\Rafi\Documents\SmartInotek-SI-WebsiteBremMbahGading\vendor\codeigniter4\framework\system\CodeIgniter.php(404): CodeIgniter\CodeIgniter->runController(Object(App\Controllers\Produk))
#6 C:\Users\Rafi\Documents\SmartInotek-SI-WebsiteBremMbahGading\vendor\codeigniter4\framework\system\CodeIgniter.php(312): CodeIgniter\CodeIgniter->handleRequest(NULL, Object(Config\Cache), false)
#7 C:\Users\Rafi\Documents\SmartInotek-SI-WebsiteBremMbahGading\public\index.php(45): CodeIgniter\CodeIgniter->run()
#8 C:\Users\Rafi\Documents\SmartInotek-SI-WebsiteBremMbahGading\vendor\codeigniter4\framework\system\Commands\Server\rewrite.php(34): require_once('C:\\Users\\Rafi\\D...')
#9 {main}
CRITICAL - 2021-05-03 19:20:32 --> Invalid argument supplied for foreach()
#0 C:\Users\Rafi\Documents\SmartInotek-SI-WebsiteBremMbahGading\app\Views\Produk\index.php(28): CodeIgniter\Debug\Exceptions->errorHandler(2, 'Invalid argumen...', 'C:\\Users\\Rafi\\D...', 28, Array)
#1 C:\Users\Rafi\Documents\SmartInotek-SI-WebsiteBremMbahGading\vendor\codeigniter4\framework\system\View\View.php(246): include('C:\\Users\\Rafi\\D...')
#2 C:\Users\Rafi\Documents\SmartInotek-SI-WebsiteBremMbahGading\vendor\codeigniter4\framework\system\Common.php(1119): CodeIgniter\View\View->render('produk/index', Array, true)
#3 C:\Users\Rafi\Documents\SmartInotek-SI-WebsiteBremMbahGading\app\Controllers\Produk.php(20): view('produk/index', Array)
#4 C:\Users\Rafi\Documents\SmartInotek-SI-WebsiteBremMbahGading\vendor\codeigniter4\framework\system\CodeIgniter.php(918): App\Controllers\Produk->index()
#5 C:\Users\Rafi\Documents\SmartInotek-SI-WebsiteBremMbahGading\vendor\codeigniter4\framework\system\CodeIgniter.php(404): CodeIgniter\CodeIgniter->runController(Object(App\Controllers\Produk))
#6 C:\Users\Rafi\Documents\SmartInotek-SI-WebsiteBremMbahGading\vendor\codeigniter4\framework\system\CodeIgniter.php(312): CodeIgniter\CodeIgniter->handleRequest(NULL, Object(Config\Cache), false)
#7 C:\Users\Rafi\Documents\SmartInotek-SI-WebsiteBremMbahGading\public\index.php(45): CodeIgniter\CodeIgniter->run()
#8 C:\Users\Rafi\Documents\SmartInotek-SI-WebsiteBremMbahGading\vendor\codeigniter4\framework\system\Commands\Server\rewrite.php(34): require_once('C:\\Users\\Rafi\\D...')
#9 {main}
CRITICAL - 2021-05-03 19:21:39 --> Invalid argument supplied for foreach()
#0 C:\Users\Rafi\Documents\SmartInotek-SI-WebsiteBremMbahGading\app\Views\Produk\index.php(28): CodeIgniter\Debug\Exceptions->errorHandler(2, 'Invalid argumen...', 'C:\\Users\\Rafi\\D...', 28, Array)
#1 C:\Users\Rafi\Documents\SmartInotek-SI-WebsiteBremMbahGading\vendor\codeigniter4\framework\system\View\View.php(246): include('C:\\Users\\Rafi\\D...')
#2 C:\Users\Rafi\Documents\SmartInotek-SI-WebsiteBremMbahGading\vendor\codeigniter4\framework\system\Common.php(1119): CodeIgniter\View\View->render('produk/index', Array, true)
#3 C:\Users\Rafi\Documents\SmartInotek-SI-WebsiteBremMbahGading\app\Controllers\Produk.php(20): view('produk/index', Array)
#4 C:\Users\Rafi\Documents\SmartInotek-SI-WebsiteBremMbahGading\vendor\codeigniter4\framework\system\CodeIgniter.php(918): App\Controllers\Produk->index()
#5 C:\Users\Rafi\Documents\SmartInotek-SI-WebsiteBremMbahGading\vendor\codeigniter4\framework\system\CodeIgniter.php(404): CodeIgniter\CodeIgniter->runController(Object(App\Controllers\Produk))
#6 C:\Users\Rafi\Documents\SmartInotek-SI-WebsiteBremMbahGading\vendor\codeigniter4\framework\system\CodeIgniter.php(312): CodeIgniter\CodeIgniter->handleRequest(NULL, Object(Config\Cache), false)
#7 C:\Users\Rafi\Documents\SmartInotek-SI-WebsiteBremMbahGading\public\index.php(45): CodeIgniter\CodeIgniter->run()
#8 C:\Users\Rafi\Documents\SmartInotek-SI-WebsiteBremMbahGading\vendor\codeigniter4\framework\system\Commands\Server\rewrite.php(34): require_once('C:\\Users\\Rafi\\D...')
#9 {main}
CRITICAL - 2021-05-03 19:21:39 --> Invalid argument supplied for foreach()
#0 C:\Users\Rafi\Documents\SmartInotek-SI-WebsiteBremMbahGading\app\Views\Produk\index.php(28): CodeIgniter\Debug\Exceptions->errorHandler(2, 'Invalid argumen...', 'C:\\Users\\Rafi\\D...', 28, Array)
#1 C:\Users\Rafi\Documents\SmartInotek-SI-WebsiteBremMbahGading\vendor\codeigniter4\framework\system\View\View.php(246): include('C:\\Users\\Rafi\\D...')
#2 C:\Users\Rafi\Documents\SmartInotek-SI-WebsiteBremMbahGading\vendor\codeigniter4\framework\system\Common.php(1119): CodeIgniter\View\View->render('produk/index', Array, true)
#3 C:\Users\Rafi\Documents\SmartInotek-SI-WebsiteBremMbahGading\app\Controllers\Produk.php(20): view('produk/index', Array)
#4 C:\Users\Rafi\Documents\SmartInotek-SI-WebsiteBremMbahGading\vendor\codeigniter4\framework\system\CodeIgniter.php(918): App\Controllers\Produk->index()
#5 C:\Users\Rafi\Documents\SmartInotek-SI-WebsiteBremMbahGading\vendor\codeigniter4\framework\system\CodeIgniter.php(404): CodeIgniter\CodeIgniter->runController(Object(App\Controllers\Produk))
#6 C:\Users\Rafi\Documents\SmartInotek-SI-WebsiteBremMbahGading\vendor\codeigniter4\framework\system\CodeIgniter.php(312): CodeIgniter\CodeIgniter->handleRequest(NULL, Object(Config\Cache), false)
#7 C:\Users\Rafi\Documents\SmartInotek-SI-WebsiteBremMbahGading\public\index.php(45): CodeIgniter\CodeIgniter->run()
#8 C:\Users\Rafi\Documents\SmartInotek-SI-WebsiteBremMbahGading\vendor\codeigniter4\framework\system\Commands\Server\rewrite.php(34): require_once('C:\\Users\\Rafi\\D...')
#9 {main}
CRITICAL - 2021-05-03 19:21:41 --> Invalid argument supplied for foreach()
#0 C:\Users\Rafi\Documents\SmartInotek-SI-WebsiteBremMbahGading\app\Views\Produk\index.php(28): CodeIgniter\Debug\Exceptions->errorHandler(2, 'Invalid argumen...', 'C:\\Users\\Rafi\\D...', 28, Array)
#1 C:\Users\Rafi\Documents\SmartInotek-SI-WebsiteBremMbahGading\vendor\codeigniter4\framework\system\View\View.php(246): include('C:\\Users\\Rafi\\D...')
#2 C:\Users\Rafi\Documents\SmartInotek-SI-WebsiteBremMbahGading\vendor\codeigniter4\framework\system\Common.php(1119): CodeIgniter\View\View->render('produk/index', Array, true)
#3 C:\Users\Rafi\Documents\SmartInotek-SI-WebsiteBremMbahGading\app\Controllers\Produk.php(20): view('produk/index', Array)
#4 C:\Users\Rafi\Documents\SmartInotek-SI-WebsiteBremMbahGading\vendor\codeigniter4\framework\system\CodeIgniter.php(918): App\Controllers\Produk->index()
#5 C:\Users\Rafi\Documents\SmartInotek-SI-WebsiteBremMbahGading\vendor\codeigniter4\framework\system\CodeIgniter.php(404): CodeIgniter\CodeIgniter->runController(Object(App\Controllers\Produk))
#6 C:\Users\Rafi\Documents\SmartInotek-SI-WebsiteBremMbahGading\vendor\codeigniter4\framework\system\CodeIgniter.php(312): CodeIgniter\CodeIgniter->handleRequest(NULL, Object(Config\Cache), false)
#7 C:\Users\Rafi\Documents\SmartInotek-SI-WebsiteBremMbahGading\public\index.php(45): CodeIgniter\CodeIgniter->run()
#8 C:\Users\Rafi\Documents\SmartInotek-SI-WebsiteBremMbahGading\vendor\codeigniter4\framework\system\Commands\Server\rewrite.php(34): require_once('C:\\Users\\Rafi\\D...')
#9 {main}
CRITICAL - 2021-05-03 19:22:47 --> Invalid argument supplied for foreach()
#0 C:\Users\Rafi\Documents\SmartInotek-SI-WebsiteBremMbahGading\app\Views\Produk\index.php(28): CodeIgniter\Debug\Exceptions->errorHandler(2, 'Invalid argumen...', 'C:\\Users\\Rafi\\D...', 28, Array)
#1 C:\Users\Rafi\Documents\SmartInotek-SI-WebsiteBremMbahGading\vendor\codeigniter4\framework\system\View\View.php(246): include('C:\\Users\\Rafi\\D...')
#2 C:\Users\Rafi\Documents\SmartInotek-SI-WebsiteBremMbahGading\vendor\codeigniter4\framework\system\Common.php(1119): CodeIgniter\View\View->render('produk/index', Array, true)
#3 C:\Users\Rafi\Documents\SmartInotek-SI-WebsiteBremMbahGading\app\Controllers\Produk.php(20): view('produk/index', Array)
#4 C:\Users\Rafi\Documents\SmartInotek-SI-WebsiteBremMbahGading\vendor\codeigniter4\framework\system\CodeIgniter.php(918): App\Controllers\Produk->index()
#5 C:\Users\Rafi\Documents\SmartInotek-SI-WebsiteBremMbahGading\vendor\codeigniter4\framework\system\CodeIgniter.php(404): CodeIgniter\CodeIgniter->runController(Object(App\Controllers\Produk))
#6 C:\Users\Rafi\Documents\SmartInotek-SI-WebsiteBremMbahGading\vendor\codeigniter4\framework\system\CodeIgniter.php(312): CodeIgniter\CodeIgniter->handleRequest(NULL, Object(Config\Cache), false)
#7 C:\Users\Rafi\Documents\SmartInotek-SI-WebsiteBremMbahGading\public\index.php(45): CodeIgniter\CodeIgniter->run()
#8 C:\Users\Rafi\Documents\SmartInotek-SI-WebsiteBremMbahGading\vendor\codeigniter4\framework\system\Commands\Server\rewrite.php(34): require_once('C:\\Users\\Rafi\\D...')
#9 {main}
CRITICAL - 2021-05-03 19:22:48 --> Invalid argument supplied for foreach()
#0 C:\Users\Rafi\Documents\SmartInotek-SI-WebsiteBremMbahGading\app\Views\Produk\index.php(28): CodeIgniter\Debug\Exceptions->errorHandler(2, 'Invalid argumen...', 'C:\\Users\\Rafi\\D...', 28, Array)
#1 C:\Users\Rafi\Documents\SmartInotek-SI-WebsiteBremMbahGading\vendor\codeigniter4\framework\system\View\View.php(246): include('C:\\Users\\Rafi\\D...')
#2 C:\Users\Rafi\Documents\SmartInotek-SI-WebsiteBremMbahGading\vendor\codeigniter4\framework\system\Common.php(1119): CodeIgniter\View\View->render('produk/index', Array, true)
#3 C:\Users\Rafi\Documents\SmartInotek-SI-WebsiteBremMbahGading\app\Controllers\Produk.php(20): view('produk/index', Array)
#4 C:\Users\Rafi\Documents\SmartInotek-SI-WebsiteBremMbahGading\vendor\codeigniter4\framework\system\CodeIgniter.php(918): App\Controllers\Produk->index()
#5 C:\Users\Rafi\Documents\SmartInotek-SI-WebsiteBremMbahGading\vendor\codeigniter4\framework\system\CodeIgniter.php(404): CodeIgniter\CodeIgniter->runController(Object(App\Controllers\Produk))
#6 C:\Users\Rafi\Documents\SmartInotek-SI-WebsiteBremMbahGading\vendor\codeigniter4\framework\system\CodeIgniter.php(312): CodeIgniter\CodeIgniter->handleRequest(NULL, Object(Config\Cache), false)
#7 C:\Users\Rafi\Documents\SmartInotek-SI-WebsiteBremMbahGading\public\index.php(45): CodeIgniter\CodeIgniter->run()
#8 C:\Users\Rafi\Documents\SmartInotek-SI-WebsiteBremMbahGading\vendor\codeigniter4\framework\system\Commands\Server\rewrite.php(34): require_once('C:\\Users\\Rafi\\D...')
#9 {main}
CRITICAL - 2021-05-03 19:22:55 --> Invalid argument supplied for foreach()
#0 C:\Users\Rafi\Documents\SmartInotek-SI-WebsiteBremMbahGading\app\Views\Produk\index.php(28): CodeIgniter\Debug\Exceptions->errorHandler(2, 'Invalid argumen...', 'C:\\Users\\Rafi\\D...', 28, Array)
#1 C:\Users\Rafi\Documents\SmartInotek-SI-WebsiteBremMbahGading\vendor\codeigniter4\framework\system\View\View.php(246): include('C:\\Users\\Rafi\\D...')
#2 C:\Users\Rafi\Documents\SmartInotek-SI-WebsiteBremMbahGading\vendor\codeigniter4\framework\system\Common.php(1119): CodeIgniter\View\View->render('produk/index', Array, true)
#3 C:\Users\Rafi\Documents\SmartInotek-SI-WebsiteBremMbahGading\app\Controllers\Produk.php(20): view('produk/index', Array)
#4 C:\Users\Rafi\Documents\SmartInotek-SI-WebsiteBremMbahGading\vendor\codeigniter4\framework\system\CodeIgniter.php(918): App\Controllers\Produk->index()
#5 C:\Users\Rafi\Documents\SmartInotek-SI-WebsiteBremMbahGading\vendor\codeigniter4\framework\system\CodeIgniter.php(404): CodeIgniter\CodeIgniter->runController(Object(App\Controllers\Produk))
#6 C:\Users\Rafi\Documents\SmartInotek-SI-WebsiteBremMbahGading\vendor\codeigniter4\framework\system\CodeIgniter.php(312): CodeIgniter\CodeIgniter->handleRequest(NULL, Object(Config\Cache), false)
#7 C:\Users\Rafi\Documents\SmartInotek-SI-WebsiteBremMbahGading\public\index.php(45): CodeIgniter\CodeIgniter->run()
#8 C:\Users\Rafi\Documents\SmartInotek-SI-WebsiteBremMbahGading\vendor\codeigniter4\framework\system\Commands\Server\rewrite.php(34): require_once('C:\\Users\\Rafi\\D...')
#9 {main}
CRITICAL - 2021-05-03 19:23:00 --> Invalid argument supplied for foreach()
#0 C:\Users\Rafi\Documents\SmartInotek-SI-WebsiteBremMbahGading\app\Views\Produk\index.php(28): CodeIgniter\Debug\Exceptions->errorHandler(2, 'Invalid argumen...', 'C:\\Users\\Rafi\\D...', 28, Array)
#1 C:\Users\Rafi\Documents\SmartInotek-SI-WebsiteBremMbahGading\vendor\codeigniter4\framework\system\View\View.php(246): include('C:\\Users\\Rafi\\D...')
#2 C:\Users\Rafi\Documents\SmartInotek-SI-WebsiteBremMbahGading\vendor\codeigniter4\framework\system\Common.php(1119): CodeIgniter\View\View->render('produk/index', Array, true)
#3 C:\Users\Rafi\Documents\SmartInotek-SI-WebsiteBremMbahGading\app\Controllers\Produk.php(20): view('produk/index', Array)
#4 C:\Users\Rafi\Documents\SmartInotek-SI-WebsiteBremMbahGading\vendor\codeigniter4\framework\system\CodeIgniter.php(918): App\Controllers\Produk->index()
#5 C:\Users\Rafi\Documents\SmartInotek-SI-WebsiteBremMbahGading\vendor\codeigniter4\framework\system\CodeIgniter.php(404): CodeIgniter\CodeIgniter->runController(Object(App\Controllers\Produk))
#6 C:\Users\Rafi\Documents\SmartInotek-SI-WebsiteBremMbahGading\vendor\codeigniter4\framework\system\CodeIgniter.php(312): CodeIgniter\CodeIgniter->handleRequest(NULL, Object(Config\Cache), false)
#7 C:\Users\Rafi\Documents\SmartInotek-SI-WebsiteBremMbahGading\public\index.php(45): CodeIgniter\CodeIgniter->run()
#8 C:\Users\Rafi\Documents\SmartInotek-SI-WebsiteBremMbahGading\vendor\codeigniter4\framework\system\Commands\Server\rewrite.php(34): require_once('C:\\Users\\Rafi\\D...')
#9 {main}
CRITICAL - 2021-05-03 19:24:47 --> Invalid argument supplied for foreach()
#0 C:\Users\Rafi\Documents\SmartInotek-SI-WebsiteBremMbahGading\app\Views\Produk\index.php(28): CodeIgniter\Debug\Exceptions->errorHandler(2, 'Invalid argumen...', 'C:\\Users\\Rafi\\D...', 28, Array)
#1 C:\Users\Rafi\Documents\SmartInotek-SI-WebsiteBremMbahGading\vendor\codeigniter4\framework\system\View\View.php(246): include('C:\\Users\\Rafi\\D...')
#2 C:\Users\Rafi\Documents\SmartInotek-SI-WebsiteBremMbahGading\vendor\codeigniter4\framework\system\Common.php(1119): CodeIgniter\View\View->render('produk/index', Array, true)
#3 C:\Users\Rafi\Documents\SmartInotek-SI-WebsiteBremMbahGading\app\Controllers\Produk.php(20): view('produk/index', Array)
#4 C:\Users\Rafi\Documents\SmartInotek-SI-WebsiteBremMbahGading\vendor\codeigniter4\framework\system\CodeIgniter.php(918): App\Controllers\Produk->index()
#5 C:\Users\Rafi\Documents\SmartInotek-SI-WebsiteBremMbahGading\vendor\codeigniter4\framework\system\CodeIgniter.php(404): CodeIgniter\CodeIgniter->runController(Object(App\Controllers\Produk))
#6 C:\Users\Rafi\Documents\SmartInotek-SI-WebsiteBremMbahGading\vendor\codeigniter4\framework\system\CodeIgniter.php(312): CodeIgniter\CodeIgniter->handleRequest(NULL, Object(Config\Cache), false)
#7 C:\Users\Rafi\Documents\SmartInotek-SI-WebsiteBremMbahGading\public\index.php(45): CodeIgniter\CodeIgniter->run()
#8 C:\Users\Rafi\Documents\SmartInotek-SI-WebsiteBremMbahGading\vendor\codeigniter4\framework\system\Commands\Server\rewrite.php(34): require_once('C:\\Users\\Rafi\\D...')
#9 {main}
CRITICAL - 2021-05-03 19:26:04 --> Invalid argument supplied for foreach()
#0 C:\Users\Rafi\Documents\SmartInotek-SI-WebsiteBremMbahGading\app\Views\Produk\index.php(28): CodeIgniter\Debug\Exceptions->errorHandler(2, 'Invalid argumen...', 'C:\\Users\\Rafi\\D...', 28, Array)
#1 C:\Users\Rafi\Documents\SmartInotek-SI-WebsiteBremMbahGading\vendor\codeigniter4\framework\system\View\View.php(246): include('C:\\Users\\Rafi\\D...')
#2 C:\Users\Rafi\Documents\SmartInotek-SI-WebsiteBremMbahGading\vendor\codeigniter4\framework\system\Common.php(1119): CodeIgniter\View\View->render('produk/index', Array, true)
#3 C:\Users\Rafi\Documents\SmartInotek-SI-WebsiteBremMbahGading\app\Controllers\Produk.php(20): view('produk/index', Array)
#4 C:\Users\Rafi\Documents\SmartInotek-SI-WebsiteBremMbahGading\vendor\codeigniter4\framework\system\CodeIgniter.php(918): App\Controllers\Produk->index()
#5 C:\Users\Rafi\Documents\SmartInotek-SI-WebsiteBremMbahGading\vendor\codeigniter4\framework\system\CodeIgniter.php(404): CodeIgniter\CodeIgniter->runController(Object(App\Controllers\Produk))
#6 C:\Users\Rafi\Documents\SmartInotek-SI-WebsiteBremMbahGading\vendor\codeigniter4\framework\system\CodeIgniter.php(312): CodeIgniter\CodeIgniter->handleRequest(NULL, Object(Config\Cache), false)
#7 C:\Users\Rafi\Documents\SmartInotek-SI-WebsiteBremMbahGading\public\index.php(45): CodeIgniter\CodeIgniter->run()
#8 C:\Users\Rafi\Documents\SmartInotek-SI-WebsiteBremMbahGading\vendor\codeigniter4\framework\system\Commands\Server\rewrite.php(34): require_once('C:\\Users\\Rafi\\D...')
#9 {main}
CRITICAL - 2021-05-03 19:26:06 --> Invalid argument supplied for foreach()
#0 C:\Users\Rafi\Documents\SmartInotek-SI-WebsiteBremMbahGading\app\Views\Produk\index.php(28): CodeIgniter\Debug\Exceptions->errorHandler(2, 'Invalid argumen...', 'C:\\Users\\Rafi\\D...', 28, Array)
#1 C:\Users\Rafi\Documents\SmartInotek-SI-WebsiteBremMbahGading\vendor\codeigniter4\framework\system\View\View.php(246): include('C:\\Users\\Rafi\\D...')
#2 C:\Users\Rafi\Documents\SmartInotek-SI-WebsiteBremMbahGading\vendor\codeigniter4\framework\system\Common.php(1119): CodeIgniter\View\View->render('produk/index', Array, true)
#3 C:\Users\Rafi\Documents\SmartInotek-SI-WebsiteBremMbahGading\app\Controllers\Produk.php(20): view('produk/index', Array)
#4 C:\Users\Rafi\Documents\SmartInotek-SI-WebsiteBremMbahGading\vendor\codeigniter4\framework\system\CodeIgniter.php(918): App\Controllers\Produk->index()
#5 C:\Users\Rafi\Documents\SmartInotek-SI-WebsiteBremMbahGading\vendor\codeigniter4\framework\system\CodeIgniter.php(404): CodeIgniter\CodeIgniter->runController(Object(App\Controllers\Produk))
#6 C:\Users\Rafi\Documents\SmartInotek-SI-WebsiteBremMbahGading\vendor\codeigniter4\framework\system\CodeIgniter.php(312): CodeIgniter\CodeIgniter->handleRequest(NULL, Object(Config\Cache), false)
#7 C:\Users\Rafi\Documents\SmartInotek-SI-WebsiteBremMbahGading\public\index.php(45): CodeIgniter\CodeIgniter->run()
#8 C:\Users\Rafi\Documents\SmartInotek-SI-WebsiteBremMbahGading\vendor\codeigniter4\framework\system\Commands\Server\rewrite.php(34): require_once('C:\\Users\\Rafi\\D...')
#9 {main}
CRITICAL - 2021-05-03 19:28:55 --> Invalid argument supplied for foreach()
#0 C:\Users\Rafi\Documents\SmartInotek-SI-WebsiteBremMbahGading\app\Views\Produk\index.php(28): CodeIgniter\Debug\Exceptions->errorHandler(2, 'Invalid argumen...', 'C:\\Users\\Rafi\\D...', 28, Array)
#1 C:\Users\Rafi\Documents\SmartInotek-SI-WebsiteBremMbahGading\vendor\codeigniter4\framework\system\View\View.php(246): include('C:\\Users\\Rafi\\D...')
#2 C:\Users\Rafi\Documents\SmartInotek-SI-WebsiteBremMbahGading\vendor\codeigniter4\framework\system\Common.php(1119): CodeIgniter\View\View->render('produk/index', Array, true)
#3 C:\Users\Rafi\Documents\SmartInotek-SI-WebsiteBremMbahGading\app\Controllers\Produk.php(20): view('produk/index', Array)
#4 C:\Users\Rafi\Documents\SmartInotek-SI-WebsiteBremMbahGading\vendor\codeigniter4\framework\system\CodeIgniter.php(918): App\Controllers\Produk->index()
#5 C:\Users\Rafi\Documents\SmartInotek-SI-WebsiteBremMbahGading\vendor\codeigniter4\framework\system\CodeIgniter.php(404): CodeIgniter\CodeIgniter->runController(Object(App\Controllers\Produk))
#6 C:\Users\Rafi\Documents\SmartInotek-SI-WebsiteBremMbahGading\vendor\codeigniter4\framework\system\CodeIgniter.php(312): CodeIgniter\CodeIgniter->handleRequest(NULL, Object(Config\Cache), false)
#7 C:\Users\Rafi\Documents\SmartInotek-SI-WebsiteBremMbahGading\public\index.php(45): CodeIgniter\CodeIgniter->run()
#8 C:\Users\Rafi\Documents\SmartInotek-SI-WebsiteBremMbahGading\vendor\codeigniter4\framework\system\Commands\Server\rewrite.php(34): require_once('C:\\Users\\Rafi\\D...')
#9 {main}
CRITICAL - 2021-05-03 19:28:55 --> Invalid argument supplied for foreach()
#0 C:\Users\Rafi\Documents\SmartInotek-SI-WebsiteBremMbahGading\app\Views\Produk\index.php(28): CodeIgniter\Debug\Exceptions->errorHandler(2, 'Invalid argumen...', 'C:\\Users\\Rafi\\D...', 28, Array)
#1 C:\Users\Rafi\Documents\SmartInotek-SI-WebsiteBremMbahGading\vendor\codeigniter4\framework\system\View\View.php(246): include('C:\\Users\\Rafi\\D...')
#2 C:\Users\Rafi\Documents\SmartInotek-SI-WebsiteBremMbahGading\vendor\codeigniter4\framework\system\Common.php(1119): CodeIgniter\View\View->render('produk/index', Array, true)
#3 C:\Users\Rafi\Documents\SmartInotek-SI-WebsiteBremMbahGading\app\Controllers\Produk.php(20): view('produk/index', Array)
#4 C:\Users\Rafi\Documents\SmartInotek-SI-WebsiteBremMbahGading\vendor\codeigniter4\framework\system\CodeIgniter.php(918): App\Controllers\Produk->index()
#5 C:\Users\Rafi\Documents\SmartInotek-SI-WebsiteBremMbahGading\vendor\codeigniter4\framework\system\CodeIgniter.php(404): CodeIgniter\CodeIgniter->runController(Object(App\Controllers\Produk))
#6 C:\Users\Rafi\Documents\SmartInotek-SI-WebsiteBremMbahGading\vendor\codeigniter4\framework\system\CodeIgniter.php(312): CodeIgniter\CodeIgniter->handleRequest(NULL, Object(Config\Cache), false)
#7 C:\Users\Rafi\Documents\SmartInotek-SI-WebsiteBremMbahGading\public\index.php(45): CodeIgniter\CodeIgniter->run()
#8 C:\Users\Rafi\Documents\SmartInotek-SI-WebsiteBremMbahGading\vendor\codeigniter4\framework\system\Commands\Server\rewrite.php(34): require_once('C:\\Users\\Rafi\\D...')
#9 {main}
CRITICAL - 2021-05-03 19:28:58 --> Invalid argument supplied for foreach()
#0 C:\Users\Rafi\Documents\SmartInotek-SI-WebsiteBremMbahGading\app\Views\Produk\index.php(28): CodeIgniter\Debug\Exceptions->errorHandler(2, 'Invalid argumen...', 'C:\\Users\\Rafi\\D...', 28, Array)
#1 C:\Users\Rafi\Documents\SmartInotek-SI-WebsiteBremMbahGading\vendor\codeigniter4\framework\system\View\View.php(246): include('C:\\Users\\Rafi\\D...')
#2 C:\Users\Rafi\Documents\SmartInotek-SI-WebsiteBremMbahGading\vendor\codeigniter4\framework\system\Common.php(1119): CodeIgniter\View\View->render('produk/index', Array, true)
#3 C:\Users\Rafi\Documents\SmartInotek-SI-WebsiteBremMbahGading\app\Controllers\Produk.php(20): view('produk/index', Array)
#4 C:\Users\Rafi\Documents\SmartInotek-SI-WebsiteBremMbahGading\vendor\codeigniter4\framework\system\CodeIgniter.php(918): App\Controllers\Produk->index()
#5 C:\Users\Rafi\Documents\SmartInotek-SI-WebsiteBremMbahGading\vendor\codeigniter4\framework\system\CodeIgniter.php(404): CodeIgniter\CodeIgniter->runController(Object(App\Controllers\Produk))
#6 C:\Users\Rafi\Documents\SmartInotek-SI-WebsiteBremMbahGading\vendor\codeigniter4\framework\system\CodeIgniter.php(312): CodeIgniter\CodeIgniter->handleRequest(NULL, Object(Config\Cache), false)
#7 C:\Users\Rafi\Documents\SmartInotek-SI-WebsiteBremMbahGading\public\index.php(45): CodeIgniter\CodeIgniter->run()
#8 C:\Users\Rafi\Documents\SmartInotek-SI-WebsiteBremMbahGading\vendor\codeigniter4\framework\system\Commands\Server\rewrite.php(34): require_once('C:\\Users\\Rafi\\D...')
#9 {main}
CRITICAL - 2021-05-03 19:29:14 --> Invalid argument supplied for foreach()
#0 C:\Users\Rafi\Documents\SmartInotek-SI-WebsiteBremMbahGading\app\Views\Produk\index.php(28): CodeIgniter\Debug\Exceptions->errorHandler(2, 'Invalid argumen...', 'C:\\Users\\Rafi\\D...', 28, Array)
#1 C:\Users\Rafi\Documents\SmartInotek-SI-WebsiteBremMbahGading\vendor\codeigniter4\framework\system\View\View.php(246): include('C:\\Users\\Rafi\\D...')
#2 C:\Users\Rafi\Documents\SmartInotek-SI-WebsiteBremMbahGading\vendor\codeigniter4\framework\system\Common.php(1119): CodeIgniter\View\View->render('produk/index', Array, true)
#3 C:\Users\Rafi\Documents\SmartInotek-SI-WebsiteBremMbahGading\app\Controllers\Produk.php(20): view('produk/index', Array)
#4 C:\Users\Rafi\Documents\SmartInotek-SI-WebsiteBremMbahGading\vendor\codeigniter4\framework\system\CodeIgniter.php(918): App\Controllers\Produk->index()
#5 C:\Users\Rafi\Documents\SmartInotek-SI-WebsiteBremMbahGading\vendor\codeigniter4\framework\system\CodeIgniter.php(404): CodeIgniter\CodeIgniter->runController(Object(App\Controllers\Produk))
#6 C:\Users\Rafi\Documents\SmartInotek-SI-WebsiteBremMbahGading\vendor\codeigniter4\framework\system\CodeIgniter.php(312): CodeIgniter\CodeIgniter->handleRequest(NULL, Object(Config\Cache), false)
#7 C:\Users\Rafi\Documents\SmartInotek-SI-WebsiteBremMbahGading\public\index.php(45): CodeIgniter\CodeIgniter->run()
#8 C:\Users\Rafi\Documents\SmartInotek-SI-WebsiteBremMbahGading\vendor\codeigniter4\framework\system\Commands\Server\rewrite.php(34): require_once('C:\\Users\\Rafi\\D...')
#9 {main}
CRITICAL - 2021-05-03 19:32:38 --> Invalid file: produk/index.php
#0 C:\Users\Rafi\Documents\SmartInotek-SI-WebsiteBremMbahGading\vendor\codeigniter4\framework\system\View\View.php(228): CodeIgniter\Exceptions\FrameworkException::forInvalidFile('produk/index.ph...')
#1 C:\Users\Rafi\Documents\SmartInotek-SI-WebsiteBremMbahGading\vendor\codeigniter4\framework\system\Common.php(1119): CodeIgniter\View\View->render('produk/index', Array, true)
#2 C:\Users\Rafi\Documents\SmartInotek-SI-WebsiteBremMbahGading\app\Controllers\Produk.php(20): view('produk/index', Array)
#3 C:\Users\Rafi\Documents\SmartInotek-SI-WebsiteBremMbahGading\vendor\codeigniter4\framework\system\CodeIgniter.php(918): App\Controllers\Produk->index()
#4 C:\Users\Rafi\Documents\SmartInotek-SI-WebsiteBremMbahGading\vendor\codeigniter4\framework\system\CodeIgniter.php(404): CodeIgniter\CodeIgniter->runController(Object(App\Controllers\Produk))
#5 C:\Users\Rafi\Documents\SmartInotek-SI-WebsiteBremMbahGading\vendor\codeigniter4\framework\system\CodeIgniter.php(312): CodeIgniter\CodeIgniter->handleRequest(NULL, Object(Config\Cache), false)
#6 C:\Users\Rafi\Documents\SmartInotek-SI-WebsiteBremMbahGading\public\index.php(45): CodeIgniter\CodeIgniter->run()
#7 C:\Users\Rafi\Documents\SmartInotek-SI-WebsiteBremMbahGading\vendor\codeigniter4\framework\system\Commands\Server\rewrite.php(34): require_once('C:\\Users\\Rafi\\D...')
#8 {main}
CRITICAL - 2021-05-03 19:32:41 --> Invalid file: produk/index.php
#0 C:\Users\Rafi\Documents\SmartInotek-SI-WebsiteBremMbahGading\vendor\codeigniter4\framework\system\View\View.php(228): CodeIgniter\Exceptions\FrameworkException::forInvalidFile('produk/index.ph...')
#1 C:\Users\Rafi\Documents\SmartInotek-SI-WebsiteBremMbahGading\vendor\codeigniter4\framework\system\Common.php(1119): CodeIgniter\View\View->render('produk/index', Array, true)
#2 C:\Users\Rafi\Documents\SmartInotek-SI-WebsiteBremMbahGading\app\Controllers\Produk.php(20): view('produk/index', Array)
#3 C:\Users\Rafi\Documents\SmartInotek-SI-WebsiteBremMbahGading\vendor\codeigniter4\framework\system\CodeIgniter.php(918): App\Controllers\Produk->index()
#4 C:\Users\Rafi\Documents\SmartInotek-SI-WebsiteBremMbahGading\vendor\codeigniter4\framework\system\CodeIgniter.php(404): CodeIgniter\CodeIgniter->runController(Object(App\Controllers\Produk))
#5 C:\Users\Rafi\Documents\SmartInotek-SI-WebsiteBremMbahGading\vendor\codeigniter4\framework\system\CodeIgniter.php(312): CodeIgniter\CodeIgniter->handleRequest(NULL, Object(Config\Cache), false)
#6 C:\Users\Rafi\Documents\SmartInotek-SI-WebsiteBremMbahGading\public\index.php(45): CodeIgniter\CodeIgniter->run()
#7 C:\Users\Rafi\Documents\SmartInotek-SI-WebsiteBremMbahGading\vendor\codeigniter4\framework\system\Commands\Server\rewrite.php(34): require_once('C:\\Users\\Rafi\\D...')
#8 {main}
CRITICAL - 2021-05-03 19:35:28 --> Invalid file: produk/index.php
#0 C:\Users\Rafi\Documents\SmartInotek-SI-WebsiteBremMbahGading\vendor\codeigniter4\framework\system\View\View.php(228): CodeIgniter\Exceptions\FrameworkException::forInvalidFile('produk/index.ph...')
#1 C:\Users\Rafi\Documents\SmartInotek-SI-WebsiteBremMbahGading\vendor\codeigniter4\framework\system\Common.php(1119): CodeIgniter\View\View->render('produk/index', Array, true)
#2 C:\Users\Rafi\Documents\SmartInotek-SI-WebsiteBremMbahGading\app\Controllers\Produk.php(20): view('produk/index', Array)
#3 C:\Users\Rafi\Documents\SmartInotek-SI-WebsiteBremMbahGading\vendor\codeigniter4\framework\system\CodeIgniter.php(918): App\Controllers\Produk->index()
#4 C:\Users\Rafi\Documents\SmartInotek-SI-WebsiteBremMbahGading\vendor\codeigniter4\framework\system\CodeIgniter.php(404): CodeIgniter\CodeIgniter->runController(Object(App\Controllers\Produk))
#5 C:\Users\Rafi\Documents\SmartInotek-SI-WebsiteBremMbahGading\vendor\codeigniter4\framework\system\CodeIgniter.php(312): CodeIgniter\CodeIgniter->handleRequest(NULL, Object(Config\Cache), false)
#6 C:\Users\Rafi\Documents\SmartInotek-SI-WebsiteBremMbahGading\public\index.php(45): CodeIgniter\CodeIgniter->run()
#7 C:\Users\Rafi\Documents\SmartInotek-SI-WebsiteBremMbahGading\vendor\codeigniter4\framework\system\Commands\Server\rewrite.php(34): require_once('C:\\Users\\Rafi\\D...')
#8 {main}
CRITICAL - 2021-05-03 19:35:31 --> Invalid file: produk/index.php
#0 C:\Users\Rafi\Documents\SmartInotek-SI-WebsiteBremMbahGading\vendor\codeigniter4\framework\system\View\View.php(228): CodeIgniter\Exceptions\FrameworkException::forInvalidFile('produk/index.ph...')
#1 C:\Users\Rafi\Documents\SmartInotek-SI-WebsiteBremMbahGading\vendor\codeigniter4\framework\system\Common.php(1119): CodeIgniter\View\View->render('produk/index', Array, true)
#2 C:\Users\Rafi\Documents\SmartInotek-SI-WebsiteBremMbahGading\app\Controllers\Produk.php(20): view('produk/index', Array)
#3 C:\Users\Rafi\Documents\SmartInotek-SI-WebsiteBremMbahGading\vendor\codeigniter4\framework\system\CodeIgniter.php(918): App\Controllers\Produk->index()
#4 C:\Users\Rafi\Documents\SmartInotek-SI-WebsiteBremMbahGading\vendor\codeigniter4\framework\system\CodeIgniter.php(404): CodeIgniter\CodeIgniter->runController(Object(App\Controllers\Produk))
#5 C:\Users\Rafi\Documents\SmartInotek-SI-WebsiteBremMbahGading\vendor\codeigniter4\framework\system\CodeIgniter.php(312): CodeIgniter\CodeIgniter->handleRequest(NULL, Object(Config\Cache), false)
#6 C:\Users\Rafi\Documents\SmartInotek-SI-WebsiteBremMbahGading\public\index.php(45): CodeIgniter\CodeIgniter->run()
#7 C:\Users\Rafi\Documents\SmartInotek-SI-WebsiteBremMbahGading\vendor\codeigniter4\framework\system\Commands\Server\rewrite.php(34): require_once('C:\\Users\\Rafi\\D...')
#8 {main}
CRITICAL - 2021-05-03 19:36:51 --> Invalid file: produk/index.php
#0 C:\Users\Rafi\Documents\SmartInotek-SI-WebsiteBremMbahGading\vendor\codeigniter4\framework\system\View\View.php(228): CodeIgniter\Exceptions\FrameworkException::forInvalidFile('produk/index.ph...')
#1 C:\Users\Rafi\Documents\SmartInotek-SI-WebsiteBremMbahGading\vendor\codeigniter4\framework\system\Common.php(1119): CodeIgniter\View\View->render('produk/index', Array, true)
#2 C:\Users\Rafi\Documents\SmartInotek-SI-WebsiteBremMbahGading\app\Controllers\Produk.php(20): view('produk/index', Array)
#3 C:\Users\Rafi\Documents\SmartInotek-SI-WebsiteBremMbahGading\vendor\codeigniter4\framework\system\CodeIgniter.php(918): App\Controllers\Produk->index()
#4 C:\Users\Rafi\Documents\SmartInotek-SI-WebsiteBremMbahGading\vendor\codeigniter4\framework\system\CodeIgniter.php(404): CodeIgniter\CodeIgniter->runController(Object(App\Controllers\Produk))
#5 C:\Users\Rafi\Documents\SmartInotek-SI-WebsiteBremMbahGading\vendor\codeigniter4\framework\system\CodeIgniter.php(312): CodeIgniter\CodeIgniter->handleRequest(NULL, Object(Config\Cache), false)
#6 C:\Users\Rafi\Documents\SmartInotek-SI-WebsiteBremMbahGading\public\index.php(45): CodeIgniter\CodeIgniter->run()
#7 C:\Users\Rafi\Documents\SmartInotek-SI-WebsiteBremMbahGading\vendor\codeigniter4\framework\system\Commands\Server\rewrite.php(34): require_once('C:\\Users\\Rafi\\D...')
#8 {main}
CRITICAL - 2021-05-03 19:36:51 --> Invalid file: produk/index.php
#0 C:\Users\Rafi\Documents\SmartInotek-SI-WebsiteBremMbahGading\vendor\codeigniter4\framework\system\View\View.php(228): CodeIgniter\Exceptions\FrameworkException::forInvalidFile('produk/index.ph...')
#1 C:\Users\Rafi\Documents\SmartInotek-SI-WebsiteBremMbahGading\vendor\codeigniter4\framework\system\Common.php(1119): CodeIgniter\View\View->render('produk/index', Array, true)
#2 C:\Users\Rafi\Documents\SmartInotek-SI-WebsiteBremMbahGading\app\Controllers\Produk.php(20): view('produk/index', Array)
#3 C:\Users\Rafi\Documents\SmartInotek-SI-WebsiteBremMbahGading\vendor\codeigniter4\framework\system\CodeIgniter.php(918): App\Controllers\Produk->index()
#4 C:\Users\Rafi\Documents\SmartInotek-SI-WebsiteBremMbahGading\vendor\codeigniter4\framework\system\CodeIgniter.php(404): CodeIgniter\CodeIgniter->runController(Object(App\Controllers\Produk))
#5 C:\Users\Rafi\Documents\SmartInotek-SI-WebsiteBremMbahGading\vendor\codeigniter4\framework\system\CodeIgniter.php(312): CodeIgniter\CodeIgniter->handleRequest(NULL, Object(Config\Cache), false)
#6 C:\Users\Rafi\Documents\SmartInotek-SI-WebsiteBremMbahGading\public\index.php(45): CodeIgniter\CodeIgniter->run()
#7 C:\Users\Rafi\Documents\SmartInotek-SI-WebsiteBremMbahGading\vendor\codeigniter4\framework\system\Commands\Server\rewrite.php(34): require_once('C:\\Users\\Rafi\\D...')
#8 {main}
CRITICAL - 2021-05-03 19:36:53 --> Invalid file: produk/index.php
#0 C:\Users\Rafi\Documents\SmartInotek-SI-WebsiteBremMbahGading\vendor\codeigniter4\framework\system\View\View.php(228): CodeIgniter\Exceptions\FrameworkException::forInvalidFile('produk/index.ph...')
#1 C:\Users\Rafi\Documents\SmartInotek-SI-WebsiteBremMbahGading\vendor\codeigniter4\framework\system\Common.php(1119): CodeIgniter\View\View->render('produk/index', Array, true)
#2 C:\Users\Rafi\Documents\SmartInotek-SI-WebsiteBremMbahGading\app\Controllers\Produk.php(20): view('produk/index', Array)
#3 C:\Users\Rafi\Documents\SmartInotek-SI-WebsiteBremMbahGading\vendor\codeigniter4\framework\system\CodeIgniter.php(918): App\Controllers\Produk->index()
#4 C:\Users\Rafi\Documents\SmartInotek-SI-WebsiteBremMbahGading\vendor\codeigniter4\framework\system\CodeIgniter.php(404): CodeIgniter\CodeIgniter->runController(Object(App\Controllers\Produk))
#5 C:\Users\Rafi\Documents\SmartInotek-SI-WebsiteBremMbahGading\vendor\codeigniter4\framework\system\CodeIgniter.php(312): CodeIgniter\CodeIgniter->handleRequest(NULL, Object(Config\Cache), false)
#6 C:\Users\Rafi\Documents\SmartInotek-SI-WebsiteBremMbahGading\public\index.php(45): CodeIgniter\CodeIgniter->run()
#7 C:\Users\Rafi\Documents\SmartInotek-SI-WebsiteBremMbahGading\vendor\codeigniter4\framework\system\Commands\Server\rewrite.php(34): require_once('C:\\Users\\Rafi\\D...')
#8 {main}
CRITICAL - 2021-05-03 19:50:13 --> Invalid argument supplied for foreach()
#0 C:\Users\Rafi\Documents\SmartInotek-SI-WebsiteBremMbahGading\app\Views\Produk\index.php(28): CodeIgniter\Debug\Exceptions->errorHandler(2, 'Invalid argumen...', 'C:\\Users\\Rafi\\D...', 28, Array)
#1 C:\Users\Rafi\Documents\SmartInotek-SI-WebsiteBremMbahGading\vendor\codeigniter4\framework\system\View\View.php(246): include('C:\\Users\\Rafi\\D...')
#2 C:\Users\Rafi\Documents\SmartInotek-SI-WebsiteBremMbahGading\vendor\codeigniter4\framework\system\Common.php(1119): CodeIgniter\View\View->render('produk/index', Array, true)
#3 C:\Users\Rafi\Documents\SmartInotek-SI-WebsiteBremMbahGading\app\Controllers\Produk.php(20): view('produk/index', Array)
#4 C:\Users\Rafi\Documents\SmartInotek-SI-WebsiteBremMbahGading\vendor\codeigniter4\framework\system\CodeIgniter.php(918): App\Controllers\Produk->index()
#5 C:\Users\Rafi\Documents\SmartInotek-SI-WebsiteBremMbahGading\vendor\codeigniter4\framework\system\CodeIgniter.php(404): CodeIgniter\CodeIgniter->runController(Object(App\Controllers\Produk))
#6 C:\Users\Rafi\Documents\SmartInotek-SI-WebsiteBremMbahGading\vendor\codeigniter4\framework\system\CodeIgniter.php(312): CodeIgniter\CodeIgniter->handleRequest(NULL, Object(Config\Cache), false)
#7 C:\Users\Rafi\Documents\SmartInotek-SI-WebsiteBremMbahGading\public\index.php(45): CodeIgniter\CodeIgniter->run()
#8 C:\Users\Rafi\Documents\SmartInotek-SI-WebsiteBremMbahGading\vendor\codeigniter4\framework\system\Commands\Server\rewrite.php(34): require_once('C:\\Users\\Rafi\\D...')
#9 {main}
