CRITICAL - 2021-04-27 09:42:50 --> Unable to connect to the database.
#0 C:\Users\Rafi\Documents\HanifComputer-With-CodeIgniter4\vendor\codeigniter4\framework\system\Database\BaseConnection.php(646): CodeIgniter\Database\BaseConnection->initialize()
#1 C:\Users\Rafi\Documents\HanifComputer-With-CodeIgniter4\vendor\codeigniter4\framework\system\Database\BaseBuilder.php(1860): CodeIgniter\Database\BaseConnection->query('SELECT *\nFROM `...', Array, false)
#2 C:\Users\Rafi\Documents\HanifComputer-With-CodeIgniter4\vendor\codeigniter4\framework\system\Model.php(462): CodeIgniter\Database\BaseBuilder->get()
#3 C:\Users\Rafi\Documents\HanifComputer-With-CodeIgniter4\app\Models\KomikModel.php(16): CodeIgniter\Model->findAll()
#4 C:\Users\Rafi\Documents\HanifComputer-With-CodeIgniter4\app\Controllers\Komik.php(18): App\Models\KomikModel->getKomik()
#5 C:\Users\Rafi\Documents\HanifComputer-With-CodeIgniter4\vendor\codeigniter4\framework\system\CodeIgniter.php(918): App\Controllers\Komik->index()
#6 C:\Users\Rafi\Documents\HanifComputer-With-CodeIgniter4\vendor\codeigniter4\framework\system\CodeIgniter.php(404): CodeIgniter\CodeIgniter->runController(Object(App\Controllers\Komik))
#7 C:\Users\Rafi\Documents\HanifComputer-With-CodeIgniter4\vendor\codeigniter4\framework\system\CodeIgniter.php(312): CodeIgniter\CodeIgniter->handleRequest(NULL, Object(Config\Cache), false)
#8 C:\Users\Rafi\Documents\HanifComputer-With-CodeIgniter4\public\index.php(45): CodeIgniter\CodeIgniter->run()
#9 C:\Users\Rafi\Documents\HanifComputer-With-CodeIgniter4\vendor\codeigniter4\framework\system\Commands\Server\rewrite.php(34): require_once('C:\\Users\\Rafi\\D...')
#10 {main}
CRITICAL - 2021-04-27 09:42:54 --> Unable to connect to the database.
#0 C:\Users\Rafi\Documents\HanifComputer-With-CodeIgniter4\vendor\codeigniter4\framework\system\Database\BaseConnection.php(646): CodeIgniter\Database\BaseConnection->initialize()
#1 C:\Users\Rafi\Documents\HanifComputer-With-CodeIgniter4\vendor\codeigniter4\framework\system\Database\BaseBuilder.php(1952): CodeIgniter\Database\BaseConnection->query('SELECT COUNT(*)...', Array, false)
#2 C:\Users\Rafi\Documents\HanifComputer-With-CodeIgniter4\vendor\codeigniter4\framework\system\Model.php(1673): CodeIgniter\Database\BaseBuilder->countAllResults(false)
#3 C:\Users\Rafi\Documents\HanifComputer-With-CodeIgniter4\vendor\codeigniter4\framework\system\Model.php(1176): CodeIgniter\Model->countAllResults(false)
#4 C:\Users\Rafi\Documents\HanifComputer-With-CodeIgniter4\app\Controllers\Orang.php(26): CodeIgniter\Model->paginate(6, 'orang')
#5 C:\Users\Rafi\Documents\HanifComputer-With-CodeIgniter4\vendor\codeigniter4\framework\system\CodeIgniter.php(918): App\Controllers\Orang->index()
#6 C:\Users\Rafi\Documents\HanifComputer-With-CodeIgniter4\vendor\codeigniter4\framework\system\CodeIgniter.php(404): CodeIgniter\CodeIgniter->runController(Object(App\Controllers\Orang))
#7 C:\Users\Rafi\Documents\HanifComputer-With-CodeIgniter4\vendor\codeigniter4\framework\system\CodeIgniter.php(312): CodeIgniter\CodeIgniter->handleRequest(NULL, Object(Config\Cache), false)
#8 C:\Users\Rafi\Documents\HanifComputer-With-CodeIgniter4\public\index.php(45): CodeIgniter\CodeIgniter->run()
#9 C:\Users\Rafi\Documents\HanifComputer-With-CodeIgniter4\vendor\codeigniter4\framework\system\Commands\Server\rewrite.php(34): require_once('C:\\Users\\Rafi\\D...')
#10 {main}
CRITICAL - 2021-04-27 09:42:58 --> Unable to connect to the database.
#0 C:\Users\Rafi\Documents\HanifComputer-With-CodeIgniter4\vendor\codeigniter4\framework\system\Database\BaseConnection.php(646): CodeIgniter\Database\BaseConnection->initialize()
#1 C:\Users\Rafi\Documents\HanifComputer-With-CodeIgniter4\vendor\codeigniter4\framework\system\Database\BaseBuilder.php(1860): CodeIgniter\Database\BaseConnection->query('SELECT *\nFROM `...', Array, false)
#2 C:\Users\Rafi\Documents\HanifComputer-With-CodeIgniter4\vendor\codeigniter4\framework\system\Model.php(462): CodeIgniter\Database\BaseBuilder->get()
#3 C:\Users\Rafi\Documents\HanifComputer-With-CodeIgniter4\app\Models\KomikModel.php(16): CodeIgniter\Model->findAll()
#4 C:\Users\Rafi\Documents\HanifComputer-With-CodeIgniter4\app\Controllers\Komik.php(18): App\Models\KomikModel->getKomik()
#5 C:\Users\Rafi\Documents\HanifComputer-With-CodeIgniter4\vendor\codeigniter4\framework\system\CodeIgniter.php(918): App\Controllers\Komik->index()
#6 C:\Users\Rafi\Documents\HanifComputer-With-CodeIgniter4\vendor\codeigniter4\framework\system\CodeIgniter.php(404): CodeIgniter\CodeIgniter->runController(Object(App\Controllers\Komik))
#7 C:\Users\Rafi\Documents\HanifComputer-With-CodeIgniter4\vendor\codeigniter4\framework\system\CodeIgniter.php(312): CodeIgniter\CodeIgniter->handleRequest(NULL, Object(Config\Cache), false)
#8 C:\Users\Rafi\Documents\HanifComputer-With-CodeIgniter4\public\index.php(45): CodeIgniter\CodeIgniter->run()
#9 C:\Users\Rafi\Documents\HanifComputer-With-CodeIgniter4\vendor\codeigniter4\framework\system\Commands\Server\rewrite.php(34): require_once('C:\\Users\\Rafi\\D...')
#10 {main}
CRITICAL - 2021-04-27 09:43:02 --> Unable to connect to the database.
#0 C:\Users\Rafi\Documents\HanifComputer-With-CodeIgniter4\vendor\codeigniter4\framework\system\Database\BaseConnection.php(646): CodeIgniter\Database\BaseConnection->initialize()
#1 C:\Users\Rafi\Documents\HanifComputer-With-CodeIgniter4\vendor\codeigniter4\framework\system\Database\BaseBuilder.php(1952): CodeIgniter\Database\BaseConnection->query('SELECT COUNT(*)...', Array, false)
#2 C:\Users\Rafi\Documents\HanifComputer-With-CodeIgniter4\vendor\codeigniter4\framework\system\Model.php(1673): CodeIgniter\Database\BaseBuilder->countAllResults(false)
#3 C:\Users\Rafi\Documents\HanifComputer-With-CodeIgniter4\vendor\codeigniter4\framework\system\Model.php(1176): CodeIgniter\Model->countAllResults(false)
#4 C:\Users\Rafi\Documents\HanifComputer-With-CodeIgniter4\app\Controllers\Orang.php(26): CodeIgniter\Model->paginate(6, 'orang')
#5 C:\Users\Rafi\Documents\HanifComputer-With-CodeIgniter4\vendor\codeigniter4\framework\system\CodeIgniter.php(918): App\Controllers\Orang->index()
#6 C:\Users\Rafi\Documents\HanifComputer-With-CodeIgniter4\vendor\codeigniter4\framework\system\CodeIgniter.php(404): CodeIgniter\CodeIgniter->runController(Object(App\Controllers\Orang))
#7 C:\Users\Rafi\Documents\HanifComputer-With-CodeIgniter4\vendor\codeigniter4\framework\system\CodeIgniter.php(312): CodeIgniter\CodeIgniter->handleRequest(NULL, Object(Config\Cache), false)
#8 C:\Users\Rafi\Documents\HanifComputer-With-CodeIgniter4\public\index.php(45): CodeIgniter\CodeIgniter->run()
#9 C:\Users\Rafi\Documents\HanifComputer-With-CodeIgniter4\vendor\codeigniter4\framework\system\Commands\Server\rewrite.php(34): require_once('C:\\Users\\Rafi\\D...')
#10 {main}
CRITICAL - 2021-04-27 09:43:07 --> Unable to connect to the database.
#0 C:\Users\Rafi\Documents\HanifComputer-With-CodeIgniter4\vendor\codeigniter4\framework\system\Database\BaseConnection.php(646): CodeIgniter\Database\BaseConnection->initialize()
#1 C:\Users\Rafi\Documents\HanifComputer-With-CodeIgniter4\vendor\codeigniter4\framework\system\Database\BaseBuilder.php(1860): CodeIgniter\Database\BaseConnection->query('SELECT *\nFROM `...', Array, false)
#2 C:\Users\Rafi\Documents\HanifComputer-With-CodeIgniter4\vendor\codeigniter4\framework\system\Model.php(462): CodeIgniter\Database\BaseBuilder->get()
#3 C:\Users\Rafi\Documents\HanifComputer-With-CodeIgniter4\app\Models\KomikModel.php(16): CodeIgniter\Model->findAll()
#4 C:\Users\Rafi\Documents\HanifComputer-With-CodeIgniter4\app\Controllers\Komik.php(18): App\Models\KomikModel->getKomik()
#5 C:\Users\Rafi\Documents\HanifComputer-With-CodeIgniter4\vendor\codeigniter4\framework\system\CodeIgniter.php(918): App\Controllers\Komik->index()
#6 C:\Users\Rafi\Documents\HanifComputer-With-CodeIgniter4\vendor\codeigniter4\framework\system\CodeIgniter.php(404): CodeIgniter\CodeIgniter->runController(Object(App\Controllers\Komik))
#7 C:\Users\Rafi\Documents\HanifComputer-With-CodeIgniter4\vendor\codeigniter4\framework\system\CodeIgniter.php(312): CodeIgniter\CodeIgniter->handleRequest(NULL, Object(Config\Cache), false)
#8 C:\Users\Rafi\Documents\HanifComputer-With-CodeIgniter4\public\index.php(45): CodeIgniter\CodeIgniter->run()
#9 C:\Users\Rafi\Documents\HanifComputer-With-CodeIgniter4\vendor\codeigniter4\framework\system\Commands\Server\rewrite.php(34): require_once('C:\\Users\\Rafi\\D...')
#10 {main}
CRITICAL - 2021-04-27 09:50:37 --> Unable to connect to the database.
#0 C:\Users\Rafi\Documents\HanifComputer-With-CodeIgniter4\vendor\codeigniter4\framework\system\Database\BaseConnection.php(646): CodeIgniter\Database\BaseConnection->initialize()
#1 C:\Users\Rafi\Documents\HanifComputer-With-CodeIgniter4\vendor\codeigniter4\framework\system\Database\BaseBuilder.php(1860): CodeIgniter\Database\BaseConnection->query('SELECT *\nFROM `...', Array, false)
#2 C:\Users\Rafi\Documents\HanifComputer-With-CodeIgniter4\vendor\codeigniter4\framework\system\Model.php(462): CodeIgniter\Database\BaseBuilder->get()
#3 C:\Users\Rafi\Documents\HanifComputer-With-CodeIgniter4\app\Models\KomikModel.php(16): CodeIgniter\Model->findAll()
#4 C:\Users\Rafi\Documents\HanifComputer-With-CodeIgniter4\app\Controllers\Komik.php(18): App\Models\KomikModel->getKomik()
#5 C:\Users\Rafi\Documents\HanifComputer-With-CodeIgniter4\vendor\codeigniter4\framework\system\CodeIgniter.php(918): App\Controllers\Komik->index()
#6 C:\Users\Rafi\Documents\HanifComputer-With-CodeIgniter4\vendor\codeigniter4\framework\system\CodeIgniter.php(404): CodeIgniter\CodeIgniter->runController(Object(App\Controllers\Komik))
#7 C:\Users\Rafi\Documents\HanifComputer-With-CodeIgniter4\vendor\codeigniter4\framework\system\CodeIgniter.php(312): CodeIgniter\CodeIgniter->handleRequest(NULL, Object(Config\Cache), false)
#8 C:\Users\Rafi\Documents\HanifComputer-With-CodeIgniter4\public\index.php(45): CodeIgniter\CodeIgniter->run()
#9 C:\Users\Rafi\Documents\HanifComputer-With-CodeIgniter4\vendor\codeigniter4\framework\system\Commands\Server\rewrite.php(34): require_once('C:\\Users\\Rafi\\D...')
#10 {main}
