CRITICAL - 2021-04-29 02:12:15 --> unlink(img/): Is a directory
#0 [internal function]: CodeIgniter\Debug\Exceptions->errorHandler(2, 'unlink(img/): I...', 'C:\\Users\\Rafi\\D...', 120, Array)
#1 C:\Users\Rafi\Documents\HanifComputer-With-CodeIgniter4\app\Controllers\Produk.php(120): unlink('img/')
#2 C:\Users\Rafi\Documents\HanifComputer-With-CodeIgniter4\vendor\codeigniter4\framework\system\CodeIgniter.php(918): App\Controllers\Produk->delete('20')
#3 C:\Users\Rafi\Documents\HanifComputer-With-CodeIgniter4\vendor\codeigniter4\framework\system\CodeIgniter.php(404): CodeIgniter\CodeIgniter->runController(Object(App\Controllers\Produk))
#4 C:\Users\Rafi\Documents\HanifComputer-With-CodeIgniter4\vendor\codeigniter4\framework\system\CodeIgniter.php(312): CodeIgniter\CodeIgniter->handleRequest(NULL, Object(Config\Cache), false)
#5 C:\Users\Rafi\Documents\HanifComputer-With-CodeIgniter4\public\index.php(45): CodeIgniter\CodeIgniter->run()
#6 C:\Users\Rafi\Documents\HanifComputer-With-CodeIgniter4\vendor\codeigniter4\framework\system\Commands\Server\rewrite.php(34): require_once('C:\\Users\\Rafi\\D...')
#7 {main}
CRITICAL - 2021-04-29 02:12:17 --> unlink(img/): Is a directory
#0 [internal function]: CodeIgniter\Debug\Exceptions->errorHandler(2, 'unlink(img/): I...', 'C:\\Users\\Rafi\\D...', 120, Array)
#1 C:\Users\Rafi\Documents\HanifComputer-With-CodeIgniter4\app\Controllers\Produk.php(120): unlink('img/')
#2 C:\Users\Rafi\Documents\HanifComputer-With-CodeIgniter4\vendor\codeigniter4\framework\system\CodeIgniter.php(918): App\Controllers\Produk->delete('20')
#3 C:\Users\Rafi\Documents\HanifComputer-With-CodeIgniter4\vendor\codeigniter4\framework\system\CodeIgniter.php(404): CodeIgniter\CodeIgniter->runController(Object(App\Controllers\Produk))
#4 C:\Users\Rafi\Documents\HanifComputer-With-CodeIgniter4\vendor\codeigniter4\framework\system\CodeIgniter.php(312): CodeIgniter\CodeIgniter->handleRequest(NULL, Object(Config\Cache), false)
#5 C:\Users\Rafi\Documents\HanifComputer-With-CodeIgniter4\public\index.php(45): CodeIgniter\CodeIgniter->run()
#6 C:\Users\Rafi\Documents\HanifComputer-With-CodeIgniter4\vendor\codeigniter4\framework\system\Commands\Server\rewrite.php(34): require_once('C:\\Users\\Rafi\\D...')
#7 {main}
CRITICAL - 2021-04-29 02:12:32 --> unlink(img/): Is a directory
#0 [internal function]: CodeIgniter\Debug\Exceptions->errorHandler(2, 'unlink(img/): I...', 'C:\\Users\\Rafi\\D...', 120, Array)
#1 C:\Users\Rafi\Documents\HanifComputer-With-CodeIgniter4\app\Controllers\Produk.php(120): unlink('img/')
#2 C:\Users\Rafi\Documents\HanifComputer-With-CodeIgniter4\vendor\codeigniter4\framework\system\CodeIgniter.php(918): App\Controllers\Produk->delete('20')
#3 C:\Users\Rafi\Documents\HanifComputer-With-CodeIgniter4\vendor\codeigniter4\framework\system\CodeIgniter.php(404): CodeIgniter\CodeIgniter->runController(Object(App\Controllers\Produk))
#4 C:\Users\Rafi\Documents\HanifComputer-With-CodeIgniter4\vendor\codeigniter4\framework\system\CodeIgniter.php(312): CodeIgniter\CodeIgniter->handleRequest(NULL, Object(Config\Cache), false)
#5 C:\Users\Rafi\Documents\HanifComputer-With-CodeIgniter4\public\index.php(45): CodeIgniter\CodeIgniter->run()
#6 C:\Users\Rafi\Documents\HanifComputer-With-CodeIgniter4\vendor\codeigniter4\framework\system\Commands\Server\rewrite.php(34): require_once('C:\\Users\\Rafi\\D...')
#7 {main}
CRITICAL - 2021-04-29 03:41:20 --> Invalid file: App\Views\Pagers\produsen_pagination.php
#0 C:\Users\Rafi\Documents\HanifComputer-With-CodeIgniter4\vendor\codeigniter4\framework\system\View\View.php(228): CodeIgniter\Exceptions\FrameworkException::forInvalidFile('App\\Views\\Pager...')
#1 C:\Users\Rafi\Documents\HanifComputer-With-CodeIgniter4\vendor\codeigniter4\framework\system\Pager\Pager.php(186): CodeIgniter\View\View->render('App\\Views\\Pager...')
#2 C:\Users\Rafi\Documents\HanifComputer-With-CodeIgniter4\vendor\codeigniter4\framework\system\Pager\Pager.php(121): CodeIgniter\Pager\Pager->displayLinks('produsen', 'produsen_pagina...')
#3 C:\Users\Rafi\Documents\HanifComputer-With-CodeIgniter4\app\Views\produsen\index.php(43): CodeIgniter\Pager\Pager->links('produsen', 'produsen_pagina...')
#4 C:\Users\Rafi\Documents\HanifComputer-With-CodeIgniter4\vendor\codeigniter4\framework\system\View\View.php(246): include('C:\\Users\\Rafi\\D...')
#5 C:\Users\Rafi\Documents\HanifComputer-With-CodeIgniter4\vendor\codeigniter4\framework\system\Common.php(1119): CodeIgniter\View\View->render('produsen/index', Array, true)
#6 C:\Users\Rafi\Documents\HanifComputer-With-CodeIgniter4\app\Controllers\Produsen.php(30): view('produsen/index', Array)
#7 C:\Users\Rafi\Documents\HanifComputer-With-CodeIgniter4\vendor\codeigniter4\framework\system\CodeIgniter.php(918): App\Controllers\Produsen->index()
#8 C:\Users\Rafi\Documents\HanifComputer-With-CodeIgniter4\vendor\codeigniter4\framework\system\CodeIgniter.php(404): CodeIgniter\CodeIgniter->runController(Object(App\Controllers\Produsen))
#9 C:\Users\Rafi\Documents\HanifComputer-With-CodeIgniter4\vendor\codeigniter4\framework\system\CodeIgniter.php(312): CodeIgniter\CodeIgniter->handleRequest(NULL, Object(Config\Cache), false)
#10 C:\Users\Rafi\Documents\HanifComputer-With-CodeIgniter4\public\index.php(45): CodeIgniter\CodeIgniter->run()
#11 C:\Users\Rafi\Documents\HanifComputer-With-CodeIgniter4\vendor\codeigniter4\framework\system\Commands\Server\rewrite.php(34): require_once('C:\\Users\\Rafi\\D...')
#12 {main}
CRITICAL - 2021-04-29 03:41:39 --> array_key_exists() expects parameter 2 to be array, null given
#0 [internal function]: CodeIgniter\Debug\Exceptions->errorHandler(2, 'array_key_exist...', 'C:\\Users\\Rafi\\D...', 180, Array)
#1 C:\Users\Rafi\Documents\HanifComputer-With-CodeIgniter4\vendor\codeigniter4\framework\system\Pager\Pager.php(180): array_key_exists('produsen_pagina...', NULL)
#2 C:\Users\Rafi\Documents\HanifComputer-With-CodeIgniter4\vendor\codeigniter4\framework\system\Pager\Pager.php(121): CodeIgniter\Pager\Pager->displayLinks('produsen', 'produsen_pagina...')
#3 C:\Users\Rafi\Documents\HanifComputer-With-CodeIgniter4\app\Views\produsen\index.php(43): CodeIgniter\Pager\Pager->links('produsen', 'produsen_pagina...')
#4 C:\Users\Rafi\Documents\HanifComputer-With-CodeIgniter4\vendor\codeigniter4\framework\system\View\View.php(246): include('C:\\Users\\Rafi\\D...')
#5 C:\Users\Rafi\Documents\HanifComputer-With-CodeIgniter4\vendor\codeigniter4\framework\system\Common.php(1119): CodeIgniter\View\View->render('produsen/index', Array, true)
#6 C:\Users\Rafi\Documents\HanifComputer-With-CodeIgniter4\app\Controllers\Produsen.php(30): view('produsen/index', Array)
#7 C:\Users\Rafi\Documents\HanifComputer-With-CodeIgniter4\vendor\codeigniter4\framework\system\CodeIgniter.php(918): App\Controllers\Produsen->index()
#8 C:\Users\Rafi\Documents\HanifComputer-With-CodeIgniter4\vendor\codeigniter4\framework\system\CodeIgniter.php(404): CodeIgniter\CodeIgniter->runController(Object(App\Controllers\Produsen))
#9 C:\Users\Rafi\Documents\HanifComputer-With-CodeIgniter4\vendor\codeigniter4\framework\system\CodeIgniter.php(312): CodeIgniter\CodeIgniter->handleRequest(NULL, Object(Config\Cache), false)
#10 C:\Users\Rafi\Documents\HanifComputer-With-CodeIgniter4\public\index.php(45): CodeIgniter\CodeIgniter->run()
#11 C:\Users\Rafi\Documents\HanifComputer-With-CodeIgniter4\vendor\codeigniter4\framework\system\Commands\Server\rewrite.php(34): require_once('C:\\Users\\Rafi\\D...')
#12 {main}
CRITICAL - 2021-04-29 03:41:40 --> array_key_exists() expects parameter 2 to be array, null given
#0 [internal function]: CodeIgniter\Debug\Exceptions->errorHandler(2, 'array_key_exist...', 'C:\\Users\\Rafi\\D...', 180, Array)
#1 C:\Users\Rafi\Documents\HanifComputer-With-CodeIgniter4\vendor\codeigniter4\framework\system\Pager\Pager.php(180): array_key_exists('produsen_pagina...', NULL)
#2 C:\Users\Rafi\Documents\HanifComputer-With-CodeIgniter4\vendor\codeigniter4\framework\system\Pager\Pager.php(121): CodeIgniter\Pager\Pager->displayLinks('produsen', 'produsen_pagina...')
#3 C:\Users\Rafi\Documents\HanifComputer-With-CodeIgniter4\app\Views\produsen\index.php(43): CodeIgniter\Pager\Pager->links('produsen', 'produsen_pagina...')
#4 C:\Users\Rafi\Documents\HanifComputer-With-CodeIgniter4\vendor\codeigniter4\framework\system\View\View.php(246): include('C:\\Users\\Rafi\\D...')
#5 C:\Users\Rafi\Documents\HanifComputer-With-CodeIgniter4\vendor\codeigniter4\framework\system\Common.php(1119): CodeIgniter\View\View->render('produsen/index', Array, true)
#6 C:\Users\Rafi\Documents\HanifComputer-With-CodeIgniter4\app\Controllers\Produsen.php(30): view('produsen/index', Array)
#7 C:\Users\Rafi\Documents\HanifComputer-With-CodeIgniter4\vendor\codeigniter4\framework\system\CodeIgniter.php(918): App\Controllers\Produsen->index()
#8 C:\Users\Rafi\Documents\HanifComputer-With-CodeIgniter4\vendor\codeigniter4\framework\system\CodeIgniter.php(404): CodeIgniter\CodeIgniter->runController(Object(App\Controllers\Produsen))
#9 C:\Users\Rafi\Documents\HanifComputer-With-CodeIgniter4\vendor\codeigniter4\framework\system\CodeIgniter.php(312): CodeIgniter\CodeIgniter->handleRequest(NULL, Object(Config\Cache), false)
#10 C:\Users\Rafi\Documents\HanifComputer-With-CodeIgniter4\public\index.php(45): CodeIgniter\CodeIgniter->run()
#11 C:\Users\Rafi\Documents\HanifComputer-With-CodeIgniter4\vendor\codeigniter4\framework\system\Commands\Server\rewrite.php(34): require_once('C:\\Users\\Rafi\\D...')
#12 {main}
CRITICAL - 2021-04-29 03:42:58 --> Invalid argument supplied for foreach()
#0 C:\Users\Rafi\Documents\HanifComputer-With-CodeIgniter4\app\Views\produsen\index.php(31): CodeIgniter\Debug\Exceptions->errorHandler(2, 'Invalid argumen...', 'C:\\Users\\Rafi\\D...', 31, Array)
#1 C:\Users\Rafi\Documents\HanifComputer-With-CodeIgniter4\vendor\codeigniter4\framework\system\View\View.php(246): include('C:\\Users\\Rafi\\D...')
#2 C:\Users\Rafi\Documents\HanifComputer-With-CodeIgniter4\vendor\codeigniter4\framework\system\Common.php(1119): CodeIgniter\View\View->render('produsen/index', Array, true)
#3 C:\Users\Rafi\Documents\HanifComputer-With-CodeIgniter4\app\Controllers\Produsen.php(22): view('produsen/index')
#4 C:\Users\Rafi\Documents\HanifComputer-With-CodeIgniter4\vendor\codeigniter4\framework\system\CodeIgniter.php(918): App\Controllers\Produsen->index()
#5 C:\Users\Rafi\Documents\HanifComputer-With-CodeIgniter4\vendor\codeigniter4\framework\system\CodeIgniter.php(404): CodeIgniter\CodeIgniter->runController(Object(App\Controllers\Produsen))
#6 C:\Users\Rafi\Documents\HanifComputer-With-CodeIgniter4\vendor\codeigniter4\framework\system\CodeIgniter.php(312): CodeIgniter\CodeIgniter->handleRequest(NULL, Object(Config\Cache), false)
#7 C:\Users\Rafi\Documents\HanifComputer-With-CodeIgniter4\public\index.php(45): CodeIgniter\CodeIgniter->run()
#8 C:\Users\Rafi\Documents\HanifComputer-With-CodeIgniter4\vendor\codeigniter4\framework\system\Commands\Server\rewrite.php(34): require_once('C:\\Users\\Rafi\\D...')
#9 {main}
CRITICAL - 2021-04-29 03:42:59 --> Invalid argument supplied for foreach()
#0 C:\Users\Rafi\Documents\HanifComputer-With-CodeIgniter4\app\Views\produsen\index.php(31): CodeIgniter\Debug\Exceptions->errorHandler(2, 'Invalid argumen...', 'C:\\Users\\Rafi\\D...', 31, Array)
#1 C:\Users\Rafi\Documents\HanifComputer-With-CodeIgniter4\vendor\codeigniter4\framework\system\View\View.php(246): include('C:\\Users\\Rafi\\D...')
#2 C:\Users\Rafi\Documents\HanifComputer-With-CodeIgniter4\vendor\codeigniter4\framework\system\Common.php(1119): CodeIgniter\View\View->render('produsen/index', Array, true)
#3 C:\Users\Rafi\Documents\HanifComputer-With-CodeIgniter4\app\Controllers\Produsen.php(22): view('produsen/index')
#4 C:\Users\Rafi\Documents\HanifComputer-With-CodeIgniter4\vendor\codeigniter4\framework\system\CodeIgniter.php(918): App\Controllers\Produsen->index()
#5 C:\Users\Rafi\Documents\HanifComputer-With-CodeIgniter4\vendor\codeigniter4\framework\system\CodeIgniter.php(404): CodeIgniter\CodeIgniter->runController(Object(App\Controllers\Produsen))
#6 C:\Users\Rafi\Documents\HanifComputer-With-CodeIgniter4\vendor\codeigniter4\framework\system\CodeIgniter.php(312): CodeIgniter\CodeIgniter->handleRequest(NULL, Object(Config\Cache), false)
#7 C:\Users\Rafi\Documents\HanifComputer-With-CodeIgniter4\public\index.php(45): CodeIgniter\CodeIgniter->run()
#8 C:\Users\Rafi\Documents\HanifComputer-With-CodeIgniter4\vendor\codeigniter4\framework\system\Commands\Server\rewrite.php(34): require_once('C:\\Users\\Rafi\\D...')
#9 {main}
CRITICAL - 2021-04-29 03:46:12 --> Invalid argument supplied for foreach()
#0 C:\Users\Rafi\Documents\HanifComputer-With-CodeIgniter4\app\Views\produsen\index.php(31): CodeIgniter\Debug\Exceptions->errorHandler(2, 'Invalid argumen...', 'C:\\Users\\Rafi\\D...', 31, Array)
#1 C:\Users\Rafi\Documents\HanifComputer-With-CodeIgniter4\vendor\codeigniter4\framework\system\View\View.php(246): include('C:\\Users\\Rafi\\D...')
#2 C:\Users\Rafi\Documents\HanifComputer-With-CodeIgniter4\vendor\codeigniter4\framework\system\Common.php(1119): CodeIgniter\View\View->render('produsen/index', Array, true)
#3 C:\Users\Rafi\Documents\HanifComputer-With-CodeIgniter4\app\Controllers\Produsen.php(22): view('produsen/index')
#4 C:\Users\Rafi\Documents\HanifComputer-With-CodeIgniter4\vendor\codeigniter4\framework\system\CodeIgniter.php(918): App\Controllers\Produsen->index()
#5 C:\Users\Rafi\Documents\HanifComputer-With-CodeIgniter4\vendor\codeigniter4\framework\system\CodeIgniter.php(404): CodeIgniter\CodeIgniter->runController(Object(App\Controllers\Produsen))
#6 C:\Users\Rafi\Documents\HanifComputer-With-CodeIgniter4\vendor\codeigniter4\framework\system\CodeIgniter.php(312): CodeIgniter\CodeIgniter->handleRequest(NULL, Object(Config\Cache), false)
#7 C:\Users\Rafi\Documents\HanifComputer-With-CodeIgniter4\public\index.php(45): CodeIgniter\CodeIgniter->run()
#8 C:\Users\Rafi\Documents\HanifComputer-With-CodeIgniter4\vendor\codeigniter4\framework\system\Commands\Server\rewrite.php(34): require_once('C:\\Users\\Rafi\\D...')
#9 {main}
CRITICAL - 2021-04-29 03:46:13 --> Invalid argument supplied for foreach()
#0 C:\Users\Rafi\Documents\HanifComputer-With-CodeIgniter4\app\Views\produsen\index.php(31): CodeIgniter\Debug\Exceptions->errorHandler(2, 'Invalid argumen...', 'C:\\Users\\Rafi\\D...', 31, Array)
#1 C:\Users\Rafi\Documents\HanifComputer-With-CodeIgniter4\vendor\codeigniter4\framework\system\View\View.php(246): include('C:\\Users\\Rafi\\D...')
#2 C:\Users\Rafi\Documents\HanifComputer-With-CodeIgniter4\vendor\codeigniter4\framework\system\Common.php(1119): CodeIgniter\View\View->render('produsen/index', Array, true)
#3 C:\Users\Rafi\Documents\HanifComputer-With-CodeIgniter4\app\Controllers\Produsen.php(22): view('produsen/index')
#4 C:\Users\Rafi\Documents\HanifComputer-With-CodeIgniter4\vendor\codeigniter4\framework\system\CodeIgniter.php(918): App\Controllers\Produsen->index()
#5 C:\Users\Rafi\Documents\HanifComputer-With-CodeIgniter4\vendor\codeigniter4\framework\system\CodeIgniter.php(404): CodeIgniter\CodeIgniter->runController(Object(App\Controllers\Produsen))
#6 C:\Users\Rafi\Documents\HanifComputer-With-CodeIgniter4\vendor\codeigniter4\framework\system\CodeIgniter.php(312): CodeIgniter\CodeIgniter->handleRequest(NULL, Object(Config\Cache), false)
#7 C:\Users\Rafi\Documents\HanifComputer-With-CodeIgniter4\public\index.php(45): CodeIgniter\CodeIgniter->run()
#8 C:\Users\Rafi\Documents\HanifComputer-With-CodeIgniter4\vendor\codeigniter4\framework\system\Commands\Server\rewrite.php(34): require_once('C:\\Users\\Rafi\\D...')
#9 {main}
CRITICAL - 2021-04-29 03:46:33 --> Invalid argument supplied for foreach()
#0 C:\Users\Rafi\Documents\HanifComputer-With-CodeIgniter4\app\Views\produsen\index.php(31): CodeIgniter\Debug\Exceptions->errorHandler(2, 'Invalid argumen...', 'C:\\Users\\Rafi\\D...', 31, Array)
#1 C:\Users\Rafi\Documents\HanifComputer-With-CodeIgniter4\vendor\codeigniter4\framework\system\View\View.php(246): include('C:\\Users\\Rafi\\D...')
#2 C:\Users\Rafi\Documents\HanifComputer-With-CodeIgniter4\vendor\codeigniter4\framework\system\Common.php(1119): CodeIgniter\View\View->render('produsen/index', Array, true)
#3 C:\Users\Rafi\Documents\HanifComputer-With-CodeIgniter4\app\Controllers\Produsen.php(22): view('produsen/index')
#4 C:\Users\Rafi\Documents\HanifComputer-With-CodeIgniter4\vendor\codeigniter4\framework\system\CodeIgniter.php(918): App\Controllers\Produsen->index()
#5 C:\Users\Rafi\Documents\HanifComputer-With-CodeIgniter4\vendor\codeigniter4\framework\system\CodeIgniter.php(404): CodeIgniter\CodeIgniter->runController(Object(App\Controllers\Produsen))
#6 C:\Users\Rafi\Documents\HanifComputer-With-CodeIgniter4\vendor\codeigniter4\framework\system\CodeIgniter.php(312): CodeIgniter\CodeIgniter->handleRequest(NULL, Object(Config\Cache), false)
#7 C:\Users\Rafi\Documents\HanifComputer-With-CodeIgniter4\public\index.php(45): CodeIgniter\CodeIgniter->run()
#8 C:\Users\Rafi\Documents\HanifComputer-With-CodeIgniter4\vendor\codeigniter4\framework\system\Commands\Server\rewrite.php(34): require_once('C:\\Users\\Rafi\\D...')
#9 {main}
CRITICAL - 2021-04-29 03:47:17 --> Invalid argument supplied for foreach()
#0 C:\Users\Rafi\Documents\HanifComputer-With-CodeIgniter4\app\Views\produsen\index.php(31): CodeIgniter\Debug\Exceptions->errorHandler(2, 'Invalid argumen...', 'C:\\Users\\Rafi\\D...', 31, Array)
#1 C:\Users\Rafi\Documents\HanifComputer-With-CodeIgniter4\vendor\codeigniter4\framework\system\View\View.php(246): include('C:\\Users\\Rafi\\D...')
#2 C:\Users\Rafi\Documents\HanifComputer-With-CodeIgniter4\vendor\codeigniter4\framework\system\Common.php(1119): CodeIgniter\View\View->render('produsen/index', Array, true)
#3 C:\Users\Rafi\Documents\HanifComputer-With-CodeIgniter4\app\Controllers\Produsen.php(22): view('produsen/index')
#4 C:\Users\Rafi\Documents\HanifComputer-With-CodeIgniter4\vendor\codeigniter4\framework\system\CodeIgniter.php(918): App\Controllers\Produsen->index()
#5 C:\Users\Rafi\Documents\HanifComputer-With-CodeIgniter4\vendor\codeigniter4\framework\system\CodeIgniter.php(404): CodeIgniter\CodeIgniter->runController(Object(App\Controllers\Produsen))
#6 C:\Users\Rafi\Documents\HanifComputer-With-CodeIgniter4\vendor\codeigniter4\framework\system\CodeIgniter.php(312): CodeIgniter\CodeIgniter->handleRequest(NULL, Object(Config\Cache), false)
#7 C:\Users\Rafi\Documents\HanifComputer-With-CodeIgniter4\public\index.php(45): CodeIgniter\CodeIgniter->run()
#8 C:\Users\Rafi\Documents\HanifComputer-With-CodeIgniter4\vendor\codeigniter4\framework\system\Commands\Server\rewrite.php(34): require_once('C:\\Users\\Rafi\\D...')
#9 {main}
CRITICAL - 2021-04-29 03:47:17 --> Invalid argument supplied for foreach()
#0 C:\Users\Rafi\Documents\HanifComputer-With-CodeIgniter4\app\Views\produsen\index.php(31): CodeIgniter\Debug\Exceptions->errorHandler(2, 'Invalid argumen...', 'C:\\Users\\Rafi\\D...', 31, Array)
#1 C:\Users\Rafi\Documents\HanifComputer-With-CodeIgniter4\vendor\codeigniter4\framework\system\View\View.php(246): include('C:\\Users\\Rafi\\D...')
#2 C:\Users\Rafi\Documents\HanifComputer-With-CodeIgniter4\vendor\codeigniter4\framework\system\Common.php(1119): CodeIgniter\View\View->render('produsen/index', Array, true)
#3 C:\Users\Rafi\Documents\HanifComputer-With-CodeIgniter4\app\Controllers\Produsen.php(22): view('produsen/index')
#4 C:\Users\Rafi\Documents\HanifComputer-With-CodeIgniter4\vendor\codeigniter4\framework\system\CodeIgniter.php(918): App\Controllers\Produsen->index()
#5 C:\Users\Rafi\Documents\HanifComputer-With-CodeIgniter4\vendor\codeigniter4\framework\system\CodeIgniter.php(404): CodeIgniter\CodeIgniter->runController(Object(App\Controllers\Produsen))
#6 C:\Users\Rafi\Documents\HanifComputer-With-CodeIgniter4\vendor\codeigniter4\framework\system\CodeIgniter.php(312): CodeIgniter\CodeIgniter->handleRequest(NULL, Object(Config\Cache), false)
#7 C:\Users\Rafi\Documents\HanifComputer-With-CodeIgniter4\public\index.php(45): CodeIgniter\CodeIgniter->run()
#8 C:\Users\Rafi\Documents\HanifComputer-With-CodeIgniter4\vendor\codeigniter4\framework\system\Commands\Server\rewrite.php(34): require_once('C:\\Users\\Rafi\\D...')
#9 {main}
CRITICAL - 2021-04-29 03:49:49 --> Invalid argument supplied for foreach()
#0 C:\Users\Rafi\Documents\HanifComputer-With-CodeIgniter4\app\Views\produsen\index.php(31): CodeIgniter\Debug\Exceptions->errorHandler(2, 'Invalid argumen...', 'C:\\Users\\Rafi\\D...', 31, Array)
#1 C:\Users\Rafi\Documents\HanifComputer-With-CodeIgniter4\vendor\codeigniter4\framework\system\View\View.php(246): include('C:\\Users\\Rafi\\D...')
#2 C:\Users\Rafi\Documents\HanifComputer-With-CodeIgniter4\vendor\codeigniter4\framework\system\Common.php(1119): CodeIgniter\View\View->render('produsen/index', Array, true)
#3 C:\Users\Rafi\Documents\HanifComputer-With-CodeIgniter4\app\Controllers\Produsen.php(22): view('produsen/index')
#4 C:\Users\Rafi\Documents\HanifComputer-With-CodeIgniter4\vendor\codeigniter4\framework\system\CodeIgniter.php(918): App\Controllers\Produsen->index()
#5 C:\Users\Rafi\Documents\HanifComputer-With-CodeIgniter4\vendor\codeigniter4\framework\system\CodeIgniter.php(404): CodeIgniter\CodeIgniter->runController(Object(App\Controllers\Produsen))
#6 C:\Users\Rafi\Documents\HanifComputer-With-CodeIgniter4\vendor\codeigniter4\framework\system\CodeIgniter.php(312): CodeIgniter\CodeIgniter->handleRequest(NULL, Object(Config\Cache), false)
#7 C:\Users\Rafi\Documents\HanifComputer-With-CodeIgniter4\public\index.php(45): CodeIgniter\CodeIgniter->run()
#8 C:\Users\Rafi\Documents\HanifComputer-With-CodeIgniter4\vendor\codeigniter4\framework\system\Commands\Server\rewrite.php(34): require_once('C:\\Users\\Rafi\\D...')
#9 {main}
CRITICAL - 2021-04-29 03:49:49 --> Invalid argument supplied for foreach()
#0 C:\Users\Rafi\Documents\HanifComputer-With-CodeIgniter4\app\Views\produsen\index.php(31): CodeIgniter\Debug\Exceptions->errorHandler(2, 'Invalid argumen...', 'C:\\Users\\Rafi\\D...', 31, Array)
#1 C:\Users\Rafi\Documents\HanifComputer-With-CodeIgniter4\vendor\codeigniter4\framework\system\View\View.php(246): include('C:\\Users\\Rafi\\D...')
#2 C:\Users\Rafi\Documents\HanifComputer-With-CodeIgniter4\vendor\codeigniter4\framework\system\Common.php(1119): CodeIgniter\View\View->render('produsen/index', Array, true)
#3 C:\Users\Rafi\Documents\HanifComputer-With-CodeIgniter4\app\Controllers\Produsen.php(22): view('produsen/index')
#4 C:\Users\Rafi\Documents\HanifComputer-With-CodeIgniter4\vendor\codeigniter4\framework\system\CodeIgniter.php(918): App\Controllers\Produsen->index()
#5 C:\Users\Rafi\Documents\HanifComputer-With-CodeIgniter4\vendor\codeigniter4\framework\system\CodeIgniter.php(404): CodeIgniter\CodeIgniter->runController(Object(App\Controllers\Produsen))
#6 C:\Users\Rafi\Documents\HanifComputer-With-CodeIgniter4\vendor\codeigniter4\framework\system\CodeIgniter.php(312): CodeIgniter\CodeIgniter->handleRequest(NULL, Object(Config\Cache), false)
#7 C:\Users\Rafi\Documents\HanifComputer-With-CodeIgniter4\public\index.php(45): CodeIgniter\CodeIgniter->run()
#8 C:\Users\Rafi\Documents\HanifComputer-With-CodeIgniter4\vendor\codeigniter4\framework\system\Commands\Server\rewrite.php(34): require_once('C:\\Users\\Rafi\\D...')
#9 {main}
CRITICAL - 2021-04-29 03:54:48 --> Invalid argument supplied for foreach()
#0 C:\Users\Rafi\Documents\HanifComputer-With-CodeIgniter4\app\Views\produsen\index.php(31): CodeIgniter\Debug\Exceptions->errorHandler(2, 'Invalid argumen...', 'C:\\Users\\Rafi\\D...', 31, Array)
#1 C:\Users\Rafi\Documents\HanifComputer-With-CodeIgniter4\vendor\codeigniter4\framework\system\View\View.php(246): include('C:\\Users\\Rafi\\D...')
#2 C:\Users\Rafi\Documents\HanifComputer-With-CodeIgniter4\vendor\codeigniter4\framework\system\Common.php(1119): CodeIgniter\View\View->render('produsen/index', Array, true)
#3 C:\Users\Rafi\Documents\HanifComputer-With-CodeIgniter4\app\Controllers\Produsen.php(22): view('produsen/index')
#4 C:\Users\Rafi\Documents\HanifComputer-With-CodeIgniter4\vendor\codeigniter4\framework\system\CodeIgniter.php(918): App\Controllers\Produsen->index()
#5 C:\Users\Rafi\Documents\HanifComputer-With-CodeIgniter4\vendor\codeigniter4\framework\system\CodeIgniter.php(404): CodeIgniter\CodeIgniter->runController(Object(App\Controllers\Produsen))
#6 C:\Users\Rafi\Documents\HanifComputer-With-CodeIgniter4\vendor\codeigniter4\framework\system\CodeIgniter.php(312): CodeIgniter\CodeIgniter->handleRequest(NULL, Object(Config\Cache), false)
#7 C:\Users\Rafi\Documents\HanifComputer-With-CodeIgniter4\public\index.php(45): CodeIgniter\CodeIgniter->run()
#8 C:\Users\Rafi\Documents\HanifComputer-With-CodeIgniter4\vendor\codeigniter4\framework\system\Commands\Server\rewrite.php(34): require_once('C:\\Users\\Rafi\\D...')
#9 {main}
CRITICAL - 2021-04-29 03:54:49 --> Invalid argument supplied for foreach()
#0 C:\Users\Rafi\Documents\HanifComputer-With-CodeIgniter4\app\Views\produsen\index.php(31): CodeIgniter\Debug\Exceptions->errorHandler(2, 'Invalid argumen...', 'C:\\Users\\Rafi\\D...', 31, Array)
#1 C:\Users\Rafi\Documents\HanifComputer-With-CodeIgniter4\vendor\codeigniter4\framework\system\View\View.php(246): include('C:\\Users\\Rafi\\D...')
#2 C:\Users\Rafi\Documents\HanifComputer-With-CodeIgniter4\vendor\codeigniter4\framework\system\Common.php(1119): CodeIgniter\View\View->render('produsen/index', Array, true)
#3 C:\Users\Rafi\Documents\HanifComputer-With-CodeIgniter4\app\Controllers\Produsen.php(22): view('produsen/index')
#4 C:\Users\Rafi\Documents\HanifComputer-With-CodeIgniter4\vendor\codeigniter4\framework\system\CodeIgniter.php(918): App\Controllers\Produsen->index()
#5 C:\Users\Rafi\Documents\HanifComputer-With-CodeIgniter4\vendor\codeigniter4\framework\system\CodeIgniter.php(404): CodeIgniter\CodeIgniter->runController(Object(App\Controllers\Produsen))
#6 C:\Users\Rafi\Documents\HanifComputer-With-CodeIgniter4\vendor\codeigniter4\framework\system\CodeIgniter.php(312): CodeIgniter\CodeIgniter->handleRequest(NULL, Object(Config\Cache), false)
#7 C:\Users\Rafi\Documents\HanifComputer-With-CodeIgniter4\public\index.php(45): CodeIgniter\CodeIgniter->run()
#8 C:\Users\Rafi\Documents\HanifComputer-With-CodeIgniter4\vendor\codeigniter4\framework\system\Commands\Server\rewrite.php(34): require_once('C:\\Users\\Rafi\\D...')
#9 {main}
CRITICAL - 2021-04-29 03:55:58 --> Call to undefined method App\Models\ProdusenModel::getprodusen
#0 C:\Users\Rafi\Documents\HanifComputer-With-CodeIgniter4\app\Controllers\Produsen.php(19): CodeIgniter\Model->__call('getprodusen', Array)
#1 C:\Users\Rafi\Documents\HanifComputer-With-CodeIgniter4\vendor\codeigniter4\framework\system\CodeIgniter.php(918): App\Controllers\Produsen->index()
#2 C:\Users\Rafi\Documents\HanifComputer-With-CodeIgniter4\vendor\codeigniter4\framework\system\CodeIgniter.php(404): CodeIgniter\CodeIgniter->runController(Object(App\Controllers\Produsen))
#3 C:\Users\Rafi\Documents\HanifComputer-With-CodeIgniter4\vendor\codeigniter4\framework\system\CodeIgniter.php(312): CodeIgniter\CodeIgniter->handleRequest(NULL, Object(Config\Cache), false)
#4 C:\Users\Rafi\Documents\HanifComputer-With-CodeIgniter4\public\index.php(45): CodeIgniter\CodeIgniter->run()
#5 C:\Users\Rafi\Documents\HanifComputer-With-CodeIgniter4\vendor\codeigniter4\framework\system\Commands\Server\rewrite.php(34): require_once('C:\\Users\\Rafi\\D...')
#6 {main}
CRITICAL - 2021-04-29 03:55:59 --> Call to undefined method App\Models\ProdusenModel::getprodusen
#0 C:\Users\Rafi\Documents\HanifComputer-With-CodeIgniter4\app\Controllers\Produsen.php(19): CodeIgniter\Model->__call('getprodusen', Array)
#1 C:\Users\Rafi\Documents\HanifComputer-With-CodeIgniter4\vendor\codeigniter4\framework\system\CodeIgniter.php(918): App\Controllers\Produsen->index()
#2 C:\Users\Rafi\Documents\HanifComputer-With-CodeIgniter4\vendor\codeigniter4\framework\system\CodeIgniter.php(404): CodeIgniter\CodeIgniter->runController(Object(App\Controllers\Produsen))
#3 C:\Users\Rafi\Documents\HanifComputer-With-CodeIgniter4\vendor\codeigniter4\framework\system\CodeIgniter.php(312): CodeIgniter\CodeIgniter->handleRequest(NULL, Object(Config\Cache), false)
#4 C:\Users\Rafi\Documents\HanifComputer-With-CodeIgniter4\public\index.php(45): CodeIgniter\CodeIgniter->run()
#5 C:\Users\Rafi\Documents\HanifComputer-With-CodeIgniter4\vendor\codeigniter4\framework\system\Commands\Server\rewrite.php(34): require_once('C:\\Users\\Rafi\\D...')
#6 {main}
CRITICAL - 2021-04-29 03:56:00 --> Call to undefined method App\Models\ProdusenModel::getprodusen
#0 C:\Users\Rafi\Documents\HanifComputer-With-CodeIgniter4\app\Controllers\Produsen.php(19): CodeIgniter\Model->__call('getprodusen', Array)
#1 C:\Users\Rafi\Documents\HanifComputer-With-CodeIgniter4\vendor\codeigniter4\framework\system\CodeIgniter.php(918): App\Controllers\Produsen->index()
#2 C:\Users\Rafi\Documents\HanifComputer-With-CodeIgniter4\vendor\codeigniter4\framework\system\CodeIgniter.php(404): CodeIgniter\CodeIgniter->runController(Object(App\Controllers\Produsen))
#3 C:\Users\Rafi\Documents\HanifComputer-With-CodeIgniter4\vendor\codeigniter4\framework\system\CodeIgniter.php(312): CodeIgniter\CodeIgniter->handleRequest(NULL, Object(Config\Cache), false)
#4 C:\Users\Rafi\Documents\HanifComputer-With-CodeIgniter4\public\index.php(45): CodeIgniter\CodeIgniter->run()
#5 C:\Users\Rafi\Documents\HanifComputer-With-CodeIgniter4\vendor\codeigniter4\framework\system\Commands\Server\rewrite.php(34): require_once('C:\\Users\\Rafi\\D...')
#6 {main}
CRITICAL - 2021-04-29 03:59:05 --> Call to undefined method App\Models\ProdusenModel::getprodusen
#0 C:\Users\Rafi\Documents\HanifComputer-With-CodeIgniter4\app\Controllers\Produsen.php(19): CodeIgniter\Model->__call('getprodusen', Array)
#1 C:\Users\Rafi\Documents\HanifComputer-With-CodeIgniter4\vendor\codeigniter4\framework\system\CodeIgniter.php(918): App\Controllers\Produsen->index()
#2 C:\Users\Rafi\Documents\HanifComputer-With-CodeIgniter4\vendor\codeigniter4\framework\system\CodeIgniter.php(404): CodeIgniter\CodeIgniter->runController(Object(App\Controllers\Produsen))
#3 C:\Users\Rafi\Documents\HanifComputer-With-CodeIgniter4\vendor\codeigniter4\framework\system\CodeIgniter.php(312): CodeIgniter\CodeIgniter->handleRequest(NULL, Object(Config\Cache), false)
#4 C:\Users\Rafi\Documents\HanifComputer-With-CodeIgniter4\public\index.php(45): CodeIgniter\CodeIgniter->run()
#5 C:\Users\Rafi\Documents\HanifComputer-With-CodeIgniter4\vendor\codeigniter4\framework\system\Commands\Server\rewrite.php(34): require_once('C:\\Users\\Rafi\\D...')
#6 {main}
CRITICAL - 2021-04-29 03:59:05 --> Call to undefined method App\Models\ProdusenModel::getprodusen
#0 C:\Users\Rafi\Documents\HanifComputer-With-CodeIgniter4\app\Controllers\Produsen.php(19): CodeIgniter\Model->__call('getprodusen', Array)
#1 C:\Users\Rafi\Documents\HanifComputer-With-CodeIgniter4\vendor\codeigniter4\framework\system\CodeIgniter.php(918): App\Controllers\Produsen->index()
#2 C:\Users\Rafi\Documents\HanifComputer-With-CodeIgniter4\vendor\codeigniter4\framework\system\CodeIgniter.php(404): CodeIgniter\CodeIgniter->runController(Object(App\Controllers\Produsen))
#3 C:\Users\Rafi\Documents\HanifComputer-With-CodeIgniter4\vendor\codeigniter4\framework\system\CodeIgniter.php(312): CodeIgniter\CodeIgniter->handleRequest(NULL, Object(Config\Cache), false)
#4 C:\Users\Rafi\Documents\HanifComputer-With-CodeIgniter4\public\index.php(45): CodeIgniter\CodeIgniter->run()
#5 C:\Users\Rafi\Documents\HanifComputer-With-CodeIgniter4\vendor\codeigniter4\framework\system\Commands\Server\rewrite.php(34): require_once('C:\\Users\\Rafi\\D...')
#6 {main}
CRITICAL - 2021-04-29 03:59:08 --> Call to undefined method App\Models\ProdusenModel::getprodusen
#0 C:\Users\Rafi\Documents\HanifComputer-With-CodeIgniter4\app\Controllers\Produsen.php(19): CodeIgniter\Model->__call('getprodusen', Array)
#1 C:\Users\Rafi\Documents\HanifComputer-With-CodeIgniter4\vendor\codeigniter4\framework\system\CodeIgniter.php(918): App\Controllers\Produsen->index()
#2 C:\Users\Rafi\Documents\HanifComputer-With-CodeIgniter4\vendor\codeigniter4\framework\system\CodeIgniter.php(404): CodeIgniter\CodeIgniter->runController(Object(App\Controllers\Produsen))
#3 C:\Users\Rafi\Documents\HanifComputer-With-CodeIgniter4\vendor\codeigniter4\framework\system\CodeIgniter.php(312): CodeIgniter\CodeIgniter->handleRequest(NULL, Object(Config\Cache), false)
#4 C:\Users\Rafi\Documents\HanifComputer-With-CodeIgniter4\public\index.php(45): CodeIgniter\CodeIgniter->run()
#5 C:\Users\Rafi\Documents\HanifComputer-With-CodeIgniter4\vendor\codeigniter4\framework\system\Commands\Server\rewrite.php(34): require_once('C:\\Users\\Rafi\\D...')
#6 {main}
CRITICAL - 2021-04-29 03:59:10 --> Call to undefined method App\Models\ProdusenModel::getprodusen
#0 C:\Users\Rafi\Documents\HanifComputer-With-CodeIgniter4\app\Controllers\Produsen.php(19): CodeIgniter\Model->__call('getprodusen', Array)
#1 C:\Users\Rafi\Documents\HanifComputer-With-CodeIgniter4\vendor\codeigniter4\framework\system\CodeIgniter.php(918): App\Controllers\Produsen->index()
#2 C:\Users\Rafi\Documents\HanifComputer-With-CodeIgniter4\vendor\codeigniter4\framework\system\CodeIgniter.php(404): CodeIgniter\CodeIgniter->runController(Object(App\Controllers\Produsen))
#3 C:\Users\Rafi\Documents\HanifComputer-With-CodeIgniter4\vendor\codeigniter4\framework\system\CodeIgniter.php(312): CodeIgniter\CodeIgniter->handleRequest(NULL, Object(Config\Cache), false)
#4 C:\Users\Rafi\Documents\HanifComputer-With-CodeIgniter4\public\index.php(45): CodeIgniter\CodeIgniter->run()
#5 C:\Users\Rafi\Documents\HanifComputer-With-CodeIgniter4\vendor\codeigniter4\framework\system\Commands\Server\rewrite.php(34): require_once('C:\\Users\\Rafi\\D...')
#6 {main}
CRITICAL - 2021-04-29 03:59:39 --> Call to undefined method App\Models\ProdusenModel::getprodusen
#0 C:\Users\Rafi\Documents\HanifComputer-With-CodeIgniter4\app\Controllers\Produsen.php(25): CodeIgniter\Model->__call('getprodusen', Array)
#1 C:\Users\Rafi\Documents\HanifComputer-With-CodeIgniter4\vendor\codeigniter4\framework\system\CodeIgniter.php(918): App\Controllers\Produsen->index()
#2 C:\Users\Rafi\Documents\HanifComputer-With-CodeIgniter4\vendor\codeigniter4\framework\system\CodeIgniter.php(404): CodeIgniter\CodeIgniter->runController(Object(App\Controllers\Produsen))
#3 C:\Users\Rafi\Documents\HanifComputer-With-CodeIgniter4\vendor\codeigniter4\framework\system\CodeIgniter.php(312): CodeIgniter\CodeIgniter->handleRequest(NULL, Object(Config\Cache), false)
#4 C:\Users\Rafi\Documents\HanifComputer-With-CodeIgniter4\public\index.php(45): CodeIgniter\CodeIgniter->run()
#5 C:\Users\Rafi\Documents\HanifComputer-With-CodeIgniter4\vendor\codeigniter4\framework\system\Commands\Server\rewrite.php(34): require_once('C:\\Users\\Rafi\\D...')
#6 {main}
CRITICAL - 2021-04-29 03:59:39 --> Call to undefined method App\Models\ProdusenModel::getprodusen
#0 C:\Users\Rafi\Documents\HanifComputer-With-CodeIgniter4\app\Controllers\Produsen.php(25): CodeIgniter\Model->__call('getprodusen', Array)
#1 C:\Users\Rafi\Documents\HanifComputer-With-CodeIgniter4\vendor\codeigniter4\framework\system\CodeIgniter.php(918): App\Controllers\Produsen->index()
#2 C:\Users\Rafi\Documents\HanifComputer-With-CodeIgniter4\vendor\codeigniter4\framework\system\CodeIgniter.php(404): CodeIgniter\CodeIgniter->runController(Object(App\Controllers\Produsen))
#3 C:\Users\Rafi\Documents\HanifComputer-With-CodeIgniter4\vendor\codeigniter4\framework\system\CodeIgniter.php(312): CodeIgniter\CodeIgniter->handleRequest(NULL, Object(Config\Cache), false)
#4 C:\Users\Rafi\Documents\HanifComputer-With-CodeIgniter4\public\index.php(45): CodeIgniter\CodeIgniter->run()
#5 C:\Users\Rafi\Documents\HanifComputer-With-CodeIgniter4\vendor\codeigniter4\framework\system\Commands\Server\rewrite.php(34): require_once('C:\\Users\\Rafi\\D...')
#6 {main}
CRITICAL - 2021-04-29 03:59:40 --> Call to undefined method App\Models\ProdusenModel::getprodusen
#0 C:\Users\Rafi\Documents\HanifComputer-With-CodeIgniter4\app\Controllers\Produsen.php(25): CodeIgniter\Model->__call('getprodusen', Array)
#1 C:\Users\Rafi\Documents\HanifComputer-With-CodeIgniter4\vendor\codeigniter4\framework\system\CodeIgniter.php(918): App\Controllers\Produsen->index()
#2 C:\Users\Rafi\Documents\HanifComputer-With-CodeIgniter4\vendor\codeigniter4\framework\system\CodeIgniter.php(404): CodeIgniter\CodeIgniter->runController(Object(App\Controllers\Produsen))
#3 C:\Users\Rafi\Documents\HanifComputer-With-CodeIgniter4\vendor\codeigniter4\framework\system\CodeIgniter.php(312): CodeIgniter\CodeIgniter->handleRequest(NULL, Object(Config\Cache), false)
#4 C:\Users\Rafi\Documents\HanifComputer-With-CodeIgniter4\public\index.php(45): CodeIgniter\CodeIgniter->run()
#5 C:\Users\Rafi\Documents\HanifComputer-With-CodeIgniter4\vendor\codeigniter4\framework\system\Commands\Server\rewrite.php(34): require_once('C:\\Users\\Rafi\\D...')
#6 {main}
CRITICAL - 2021-04-29 03:59:40 --> Call to undefined method App\Models\ProdusenModel::getprodusen
#0 C:\Users\Rafi\Documents\HanifComputer-With-CodeIgniter4\app\Controllers\Produsen.php(25): CodeIgniter\Model->__call('getprodusen', Array)
#1 C:\Users\Rafi\Documents\HanifComputer-With-CodeIgniter4\vendor\codeigniter4\framework\system\CodeIgniter.php(918): App\Controllers\Produsen->index()
#2 C:\Users\Rafi\Documents\HanifComputer-With-CodeIgniter4\vendor\codeigniter4\framework\system\CodeIgniter.php(404): CodeIgniter\CodeIgniter->runController(Object(App\Controllers\Produsen))
#3 C:\Users\Rafi\Documents\HanifComputer-With-CodeIgniter4\vendor\codeigniter4\framework\system\CodeIgniter.php(312): CodeIgniter\CodeIgniter->handleRequest(NULL, Object(Config\Cache), false)
#4 C:\Users\Rafi\Documents\HanifComputer-With-CodeIgniter4\public\index.php(45): CodeIgniter\CodeIgniter->run()
#5 C:\Users\Rafi\Documents\HanifComputer-With-CodeIgniter4\vendor\codeigniter4\framework\system\Commands\Server\rewrite.php(34): require_once('C:\\Users\\Rafi\\D...')
#6 {main}
CRITICAL - 2021-04-29 04:01:12 --> Call to undefined method App\Models\ProdusenModel::getprodusen
#0 C:\Users\Rafi\Documents\HanifComputer-With-CodeIgniter4\app\Controllers\Produsen.php(25): CodeIgniter\Model->__call('getprodusen', Array)
#1 C:\Users\Rafi\Documents\HanifComputer-With-CodeIgniter4\vendor\codeigniter4\framework\system\CodeIgniter.php(918): App\Controllers\Produsen->index()
#2 C:\Users\Rafi\Documents\HanifComputer-With-CodeIgniter4\vendor\codeigniter4\framework\system\CodeIgniter.php(404): CodeIgniter\CodeIgniter->runController(Object(App\Controllers\Produsen))
#3 C:\Users\Rafi\Documents\HanifComputer-With-CodeIgniter4\vendor\codeigniter4\framework\system\CodeIgniter.php(312): CodeIgniter\CodeIgniter->handleRequest(NULL, Object(Config\Cache), false)
#4 C:\Users\Rafi\Documents\HanifComputer-With-CodeIgniter4\public\index.php(45): CodeIgniter\CodeIgniter->run()
#5 C:\Users\Rafi\Documents\HanifComputer-With-CodeIgniter4\vendor\codeigniter4\framework\system\Commands\Server\rewrite.php(34): require_once('C:\\Users\\Rafi\\D...')
#6 {main}
CRITICAL - 2021-04-29 04:01:13 --> Call to undefined method App\Models\ProdusenModel::getprodusen
#0 C:\Users\Rafi\Documents\HanifComputer-With-CodeIgniter4\app\Controllers\Produsen.php(25): CodeIgniter\Model->__call('getprodusen', Array)
#1 C:\Users\Rafi\Documents\HanifComputer-With-CodeIgniter4\vendor\codeigniter4\framework\system\CodeIgniter.php(918): App\Controllers\Produsen->index()
#2 C:\Users\Rafi\Documents\HanifComputer-With-CodeIgniter4\vendor\codeigniter4\framework\system\CodeIgniter.php(404): CodeIgniter\CodeIgniter->runController(Object(App\Controllers\Produsen))
#3 C:\Users\Rafi\Documents\HanifComputer-With-CodeIgniter4\vendor\codeigniter4\framework\system\CodeIgniter.php(312): CodeIgniter\CodeIgniter->handleRequest(NULL, Object(Config\Cache), false)
#4 C:\Users\Rafi\Documents\HanifComputer-With-CodeIgniter4\public\index.php(45): CodeIgniter\CodeIgniter->run()
#5 C:\Users\Rafi\Documents\HanifComputer-With-CodeIgniter4\vendor\codeigniter4\framework\system\Commands\Server\rewrite.php(34): require_once('C:\\Users\\Rafi\\D...')
#6 {main}
CRITICAL - 2021-04-29 04:01:16 --> Call to undefined method App\Models\ProdusenModel::getprodusen
#0 C:\Users\Rafi\Documents\HanifComputer-With-CodeIgniter4\app\Controllers\Produsen.php(25): CodeIgniter\Model->__call('getprodusen', Array)
#1 C:\Users\Rafi\Documents\HanifComputer-With-CodeIgniter4\vendor\codeigniter4\framework\system\CodeIgniter.php(918): App\Controllers\Produsen->index()
#2 C:\Users\Rafi\Documents\HanifComputer-With-CodeIgniter4\vendor\codeigniter4\framework\system\CodeIgniter.php(404): CodeIgniter\CodeIgniter->runController(Object(App\Controllers\Produsen))
#3 C:\Users\Rafi\Documents\HanifComputer-With-CodeIgniter4\vendor\codeigniter4\framework\system\CodeIgniter.php(312): CodeIgniter\CodeIgniter->handleRequest(NULL, Object(Config\Cache), false)
#4 C:\Users\Rafi\Documents\HanifComputer-With-CodeIgniter4\public\index.php(45): CodeIgniter\CodeIgniter->run()
#5 C:\Users\Rafi\Documents\HanifComputer-With-CodeIgniter4\vendor\codeigniter4\framework\system\Commands\Server\rewrite.php(34): require_once('C:\\Users\\Rafi\\D...')
#6 {main}
CRITICAL - 2021-04-29 04:01:16 --> Call to undefined method App\Models\ProdusenModel::getprodusen
#0 C:\Users\Rafi\Documents\HanifComputer-With-CodeIgniter4\app\Controllers\Produsen.php(25): CodeIgniter\Model->__call('getprodusen', Array)
#1 C:\Users\Rafi\Documents\HanifComputer-With-CodeIgniter4\vendor\codeigniter4\framework\system\CodeIgniter.php(918): App\Controllers\Produsen->index()
#2 C:\Users\Rafi\Documents\HanifComputer-With-CodeIgniter4\vendor\codeigniter4\framework\system\CodeIgniter.php(404): CodeIgniter\CodeIgniter->runController(Object(App\Controllers\Produsen))
#3 C:\Users\Rafi\Documents\HanifComputer-With-CodeIgniter4\vendor\codeigniter4\framework\system\CodeIgniter.php(312): CodeIgniter\CodeIgniter->handleRequest(NULL, Object(Config\Cache), false)
#4 C:\Users\Rafi\Documents\HanifComputer-With-CodeIgniter4\public\index.php(45): CodeIgniter\CodeIgniter->run()
#5 C:\Users\Rafi\Documents\HanifComputer-With-CodeIgniter4\vendor\codeigniter4\framework\system\Commands\Server\rewrite.php(34): require_once('C:\\Users\\Rafi\\D...')
#6 {main}
CRITICAL - 2021-04-29 04:01:18 --> Call to undefined method App\Models\ProdusenModel::getprodusen
#0 C:\Users\Rafi\Documents\HanifComputer-With-CodeIgniter4\app\Controllers\Produsen.php(25): CodeIgniter\Model->__call('getprodusen', Array)
#1 C:\Users\Rafi\Documents\HanifComputer-With-CodeIgniter4\vendor\codeigniter4\framework\system\CodeIgniter.php(918): App\Controllers\Produsen->index()
#2 C:\Users\Rafi\Documents\HanifComputer-With-CodeIgniter4\vendor\codeigniter4\framework\system\CodeIgniter.php(404): CodeIgniter\CodeIgniter->runController(Object(App\Controllers\Produsen))
#3 C:\Users\Rafi\Documents\HanifComputer-With-CodeIgniter4\vendor\codeigniter4\framework\system\CodeIgniter.php(312): CodeIgniter\CodeIgniter->handleRequest(NULL, Object(Config\Cache), false)
#4 C:\Users\Rafi\Documents\HanifComputer-With-CodeIgniter4\public\index.php(45): CodeIgniter\CodeIgniter->run()
#5 C:\Users\Rafi\Documents\HanifComputer-With-CodeIgniter4\vendor\codeigniter4\framework\system\Commands\Server\rewrite.php(34): require_once('C:\\Users\\Rafi\\D...')
#6 {main}
CRITICAL - 2021-04-29 04:01:19 --> Call to undefined method App\Models\ProdusenModel::getprodusen
#0 C:\Users\Rafi\Documents\HanifComputer-With-CodeIgniter4\app\Controllers\Produsen.php(25): CodeIgniter\Model->__call('getprodusen', Array)
#1 C:\Users\Rafi\Documents\HanifComputer-With-CodeIgniter4\vendor\codeigniter4\framework\system\CodeIgniter.php(918): App\Controllers\Produsen->index()
#2 C:\Users\Rafi\Documents\HanifComputer-With-CodeIgniter4\vendor\codeigniter4\framework\system\CodeIgniter.php(404): CodeIgniter\CodeIgniter->runController(Object(App\Controllers\Produsen))
#3 C:\Users\Rafi\Documents\HanifComputer-With-CodeIgniter4\vendor\codeigniter4\framework\system\CodeIgniter.php(312): CodeIgniter\CodeIgniter->handleRequest(NULL, Object(Config\Cache), false)
#4 C:\Users\Rafi\Documents\HanifComputer-With-CodeIgniter4\public\index.php(45): CodeIgniter\CodeIgniter->run()
#5 C:\Users\Rafi\Documents\HanifComputer-With-CodeIgniter4\vendor\codeigniter4\framework\system\Commands\Server\rewrite.php(34): require_once('C:\\Users\\Rafi\\D...')
#6 {main}
CRITICAL - 2021-04-29 04:02:04 --> Call to undefined method App\Models\ProdusenModel::getprodusen
#0 C:\Users\Rafi\Documents\HanifComputer-With-CodeIgniter4\app\Controllers\Produsen.php(25): CodeIgniter\Model->__call('getprodusen', Array)
#1 C:\Users\Rafi\Documents\HanifComputer-With-CodeIgniter4\vendor\codeigniter4\framework\system\CodeIgniter.php(918): App\Controllers\Produsen->index()
#2 C:\Users\Rafi\Documents\HanifComputer-With-CodeIgniter4\vendor\codeigniter4\framework\system\CodeIgniter.php(404): CodeIgniter\CodeIgniter->runController(Object(App\Controllers\Produsen))
#3 C:\Users\Rafi\Documents\HanifComputer-With-CodeIgniter4\vendor\codeigniter4\framework\system\CodeIgniter.php(312): CodeIgniter\CodeIgniter->handleRequest(NULL, Object(Config\Cache), false)
#4 C:\Users\Rafi\Documents\HanifComputer-With-CodeIgniter4\public\index.php(45): CodeIgniter\CodeIgniter->run()
#5 C:\Users\Rafi\Documents\HanifComputer-With-CodeIgniter4\vendor\codeigniter4\framework\system\Commands\Server\rewrite.php(34): require_once('C:\\Users\\Rafi\\D...')
#6 {main}
CRITICAL - 2021-04-29 04:02:05 --> Call to undefined method App\Models\ProdusenModel::getprodusen
#0 C:\Users\Rafi\Documents\HanifComputer-With-CodeIgniter4\app\Controllers\Produsen.php(25): CodeIgniter\Model->__call('getprodusen', Array)
#1 C:\Users\Rafi\Documents\HanifComputer-With-CodeIgniter4\vendor\codeigniter4\framework\system\CodeIgniter.php(918): App\Controllers\Produsen->index()
#2 C:\Users\Rafi\Documents\HanifComputer-With-CodeIgniter4\vendor\codeigniter4\framework\system\CodeIgniter.php(404): CodeIgniter\CodeIgniter->runController(Object(App\Controllers\Produsen))
#3 C:\Users\Rafi\Documents\HanifComputer-With-CodeIgniter4\vendor\codeigniter4\framework\system\CodeIgniter.php(312): CodeIgniter\CodeIgniter->handleRequest(NULL, Object(Config\Cache), false)
#4 C:\Users\Rafi\Documents\HanifComputer-With-CodeIgniter4\public\index.php(45): CodeIgniter\CodeIgniter->run()
#5 C:\Users\Rafi\Documents\HanifComputer-With-CodeIgniter4\vendor\codeigniter4\framework\system\Commands\Server\rewrite.php(34): require_once('C:\\Users\\Rafi\\D...')
#6 {main}
CRITICAL - 2021-04-29 04:02:05 --> Call to undefined method App\Models\ProdusenModel::getprodusen
#0 C:\Users\Rafi\Documents\HanifComputer-With-CodeIgniter4\app\Controllers\Produsen.php(25): CodeIgniter\Model->__call('getprodusen', Array)
#1 C:\Users\Rafi\Documents\HanifComputer-With-CodeIgniter4\vendor\codeigniter4\framework\system\CodeIgniter.php(918): App\Controllers\Produsen->index()
#2 C:\Users\Rafi\Documents\HanifComputer-With-CodeIgniter4\vendor\codeigniter4\framework\system\CodeIgniter.php(404): CodeIgniter\CodeIgniter->runController(Object(App\Controllers\Produsen))
#3 C:\Users\Rafi\Documents\HanifComputer-With-CodeIgniter4\vendor\codeigniter4\framework\system\CodeIgniter.php(312): CodeIgniter\CodeIgniter->handleRequest(NULL, Object(Config\Cache), false)
#4 C:\Users\Rafi\Documents\HanifComputer-With-CodeIgniter4\public\index.php(45): CodeIgniter\CodeIgniter->run()
#5 C:\Users\Rafi\Documents\HanifComputer-With-CodeIgniter4\vendor\codeigniter4\framework\system\Commands\Server\rewrite.php(34): require_once('C:\\Users\\Rafi\\D...')
#6 {main}
CRITICAL - 2021-04-29 04:02:12 --> Call to undefined method App\Models\ProdusenModel::getprodusen
#0 C:\Users\Rafi\Documents\HanifComputer-With-CodeIgniter4\app\Controllers\Produsen.php(25): CodeIgniter\Model->__call('getprodusen', Array)
#1 C:\Users\Rafi\Documents\HanifComputer-With-CodeIgniter4\vendor\codeigniter4\framework\system\CodeIgniter.php(918): App\Controllers\Produsen->index()
#2 C:\Users\Rafi\Documents\HanifComputer-With-CodeIgniter4\vendor\codeigniter4\framework\system\CodeIgniter.php(404): CodeIgniter\CodeIgniter->runController(Object(App\Controllers\Produsen))
#3 C:\Users\Rafi\Documents\HanifComputer-With-CodeIgniter4\vendor\codeigniter4\framework\system\CodeIgniter.php(312): CodeIgniter\CodeIgniter->handleRequest(NULL, Object(Config\Cache), false)
#4 C:\Users\Rafi\Documents\HanifComputer-With-CodeIgniter4\public\index.php(45): CodeIgniter\CodeIgniter->run()
#5 C:\Users\Rafi\Documents\HanifComputer-With-CodeIgniter4\vendor\codeigniter4\framework\system\Commands\Server\rewrite.php(34): require_once('C:\\Users\\Rafi\\D...')
#6 {main}
CRITICAL - 2021-04-29 04:02:31 --> Call to undefined method App\Models\ProdusenModel::getprodusen
#0 C:\Users\Rafi\Documents\HanifComputer-With-CodeIgniter4\app\Controllers\Produsen.php(20): CodeIgniter\Model->__call('getprodusen', Array)
#1 C:\Users\Rafi\Documents\HanifComputer-With-CodeIgniter4\vendor\codeigniter4\framework\system\CodeIgniter.php(918): App\Controllers\Produsen->index()
#2 C:\Users\Rafi\Documents\HanifComputer-With-CodeIgniter4\vendor\codeigniter4\framework\system\CodeIgniter.php(404): CodeIgniter\CodeIgniter->runController(Object(App\Controllers\Produsen))
#3 C:\Users\Rafi\Documents\HanifComputer-With-CodeIgniter4\vendor\codeigniter4\framework\system\CodeIgniter.php(312): CodeIgniter\CodeIgniter->handleRequest(NULL, Object(Config\Cache), false)
#4 C:\Users\Rafi\Documents\HanifComputer-With-CodeIgniter4\public\index.php(45): CodeIgniter\CodeIgniter->run()
#5 C:\Users\Rafi\Documents\HanifComputer-With-CodeIgniter4\vendor\codeigniter4\framework\system\Commands\Server\rewrite.php(34): require_once('C:\\Users\\Rafi\\D...')
#6 {main}
CRITICAL - 2021-04-29 04:02:31 --> Call to undefined method App\Models\ProdusenModel::getprodusen
#0 C:\Users\Rafi\Documents\HanifComputer-With-CodeIgniter4\app\Controllers\Produsen.php(20): CodeIgniter\Model->__call('getprodusen', Array)
#1 C:\Users\Rafi\Documents\HanifComputer-With-CodeIgniter4\vendor\codeigniter4\framework\system\CodeIgniter.php(918): App\Controllers\Produsen->index()
#2 C:\Users\Rafi\Documents\HanifComputer-With-CodeIgniter4\vendor\codeigniter4\framework\system\CodeIgniter.php(404): CodeIgniter\CodeIgniter->runController(Object(App\Controllers\Produsen))
#3 C:\Users\Rafi\Documents\HanifComputer-With-CodeIgniter4\vendor\codeigniter4\framework\system\CodeIgniter.php(312): CodeIgniter\CodeIgniter->handleRequest(NULL, Object(Config\Cache), false)
#4 C:\Users\Rafi\Documents\HanifComputer-With-CodeIgniter4\public\index.php(45): CodeIgniter\CodeIgniter->run()
#5 C:\Users\Rafi\Documents\HanifComputer-With-CodeIgniter4\vendor\codeigniter4\framework\system\Commands\Server\rewrite.php(34): require_once('C:\\Users\\Rafi\\D...')
#6 {main}
CRITICAL - 2021-04-29 04:02:44 --> Invalid argument supplied for foreach()
#0 C:\Users\Rafi\Documents\HanifComputer-With-CodeIgniter4\app\Views\produsen\index.php(31): CodeIgniter\Debug\Exceptions->errorHandler(2, 'Invalid argumen...', 'C:\\Users\\Rafi\\D...', 31, Array)
#1 C:\Users\Rafi\Documents\HanifComputer-With-CodeIgniter4\vendor\codeigniter4\framework\system\View\View.php(246): include('C:\\Users\\Rafi\\D...')
#2 C:\Users\Rafi\Documents\HanifComputer-With-CodeIgniter4\vendor\codeigniter4\framework\system\Common.php(1119): CodeIgniter\View\View->render('produsen/index', Array, true)
#3 C:\Users\Rafi\Documents\HanifComputer-With-CodeIgniter4\app\Controllers\Produsen.php(16): view('produsen/index')
#4 C:\Users\Rafi\Documents\HanifComputer-With-CodeIgniter4\vendor\codeigniter4\framework\system\CodeIgniter.php(918): App\Controllers\Produsen->index()
#5 C:\Users\Rafi\Documents\HanifComputer-With-CodeIgniter4\vendor\codeigniter4\framework\system\CodeIgniter.php(404): CodeIgniter\CodeIgniter->runController(Object(App\Controllers\Produsen))
#6 C:\Users\Rafi\Documents\HanifComputer-With-CodeIgniter4\vendor\codeigniter4\framework\system\CodeIgniter.php(312): CodeIgniter\CodeIgniter->handleRequest(NULL, Object(Config\Cache), false)
#7 C:\Users\Rafi\Documents\HanifComputer-With-CodeIgniter4\public\index.php(45): CodeIgniter\CodeIgniter->run()
#8 C:\Users\Rafi\Documents\HanifComputer-With-CodeIgniter4\vendor\codeigniter4\framework\system\Commands\Server\rewrite.php(34): require_once('C:\\Users\\Rafi\\D...')
#9 {main}
CRITICAL - 2021-04-29 04:02:45 --> Invalid argument supplied for foreach()
#0 C:\Users\Rafi\Documents\HanifComputer-With-CodeIgniter4\app\Views\produsen\index.php(31): CodeIgniter\Debug\Exceptions->errorHandler(2, 'Invalid argumen...', 'C:\\Users\\Rafi\\D...', 31, Array)
#1 C:\Users\Rafi\Documents\HanifComputer-With-CodeIgniter4\vendor\codeigniter4\framework\system\View\View.php(246): include('C:\\Users\\Rafi\\D...')
#2 C:\Users\Rafi\Documents\HanifComputer-With-CodeIgniter4\vendor\codeigniter4\framework\system\Common.php(1119): CodeIgniter\View\View->render('produsen/index', Array, true)
#3 C:\Users\Rafi\Documents\HanifComputer-With-CodeIgniter4\app\Controllers\Produsen.php(16): view('produsen/index')
#4 C:\Users\Rafi\Documents\HanifComputer-With-CodeIgniter4\vendor\codeigniter4\framework\system\CodeIgniter.php(918): App\Controllers\Produsen->index()
#5 C:\Users\Rafi\Documents\HanifComputer-With-CodeIgniter4\vendor\codeigniter4\framework\system\CodeIgniter.php(404): CodeIgniter\CodeIgniter->runController(Object(App\Controllers\Produsen))
#6 C:\Users\Rafi\Documents\HanifComputer-With-CodeIgniter4\vendor\codeigniter4\framework\system\CodeIgniter.php(312): CodeIgniter\CodeIgniter->handleRequest(NULL, Object(Config\Cache), false)
#7 C:\Users\Rafi\Documents\HanifComputer-With-CodeIgniter4\public\index.php(45): CodeIgniter\CodeIgniter->run()
#8 C:\Users\Rafi\Documents\HanifComputer-With-CodeIgniter4\vendor\codeigniter4\framework\system\Commands\Server\rewrite.php(34): require_once('C:\\Users\\Rafi\\D...')
#9 {main}
CRITICAL - 2021-04-29 04:03:18 --> Invalid argument supplied for foreach()
#0 C:\Users\Rafi\Documents\HanifComputer-With-CodeIgniter4\app\Views\produsen\index.php(31): CodeIgniter\Debug\Exceptions->errorHandler(2, 'Invalid argumen...', 'C:\\Users\\Rafi\\D...', 31, Array)
#1 C:\Users\Rafi\Documents\HanifComputer-With-CodeIgniter4\vendor\codeigniter4\framework\system\View\View.php(246): include('C:\\Users\\Rafi\\D...')
#2 C:\Users\Rafi\Documents\HanifComputer-With-CodeIgniter4\vendor\codeigniter4\framework\system\Common.php(1119): CodeIgniter\View\View->render('produsen/index', Array, true)
#3 C:\Users\Rafi\Documents\HanifComputer-With-CodeIgniter4\app\Controllers\Produsen.php(16): view('produsen/index')
#4 C:\Users\Rafi\Documents\HanifComputer-With-CodeIgniter4\vendor\codeigniter4\framework\system\CodeIgniter.php(918): App\Controllers\Produsen->index()
#5 C:\Users\Rafi\Documents\HanifComputer-With-CodeIgniter4\vendor\codeigniter4\framework\system\CodeIgniter.php(404): CodeIgniter\CodeIgniter->runController(Object(App\Controllers\Produsen))
#6 C:\Users\Rafi\Documents\HanifComputer-With-CodeIgniter4\vendor\codeigniter4\framework\system\CodeIgniter.php(312): CodeIgniter\CodeIgniter->handleRequest(NULL, Object(Config\Cache), false)
#7 C:\Users\Rafi\Documents\HanifComputer-With-CodeIgniter4\public\index.php(45): CodeIgniter\CodeIgniter->run()
#8 C:\Users\Rafi\Documents\HanifComputer-With-CodeIgniter4\vendor\codeigniter4\framework\system\Commands\Server\rewrite.php(34): require_once('C:\\Users\\Rafi\\D...')
#9 {main}
CRITICAL - 2021-04-29 04:03:21 --> Invalid argument supplied for foreach()
#0 C:\Users\Rafi\Documents\HanifComputer-With-CodeIgniter4\app\Views\produsen\index.php(31): CodeIgniter\Debug\Exceptions->errorHandler(2, 'Invalid argumen...', 'C:\\Users\\Rafi\\D...', 31, Array)
#1 C:\Users\Rafi\Documents\HanifComputer-With-CodeIgniter4\vendor\codeigniter4\framework\system\View\View.php(246): include('C:\\Users\\Rafi\\D...')
#2 C:\Users\Rafi\Documents\HanifComputer-With-CodeIgniter4\vendor\codeigniter4\framework\system\Common.php(1119): CodeIgniter\View\View->render('produsen/index', Array, true)
#3 C:\Users\Rafi\Documents\HanifComputer-With-CodeIgniter4\app\Controllers\Produsen.php(16): view('produsen/index')
#4 C:\Users\Rafi\Documents\HanifComputer-With-CodeIgniter4\vendor\codeigniter4\framework\system\CodeIgniter.php(918): App\Controllers\Produsen->index()
#5 C:\Users\Rafi\Documents\HanifComputer-With-CodeIgniter4\vendor\codeigniter4\framework\system\CodeIgniter.php(404): CodeIgniter\CodeIgniter->runController(Object(App\Controllers\Produsen))
#6 C:\Users\Rafi\Documents\HanifComputer-With-CodeIgniter4\vendor\codeigniter4\framework\system\CodeIgniter.php(312): CodeIgniter\CodeIgniter->handleRequest(NULL, Object(Config\Cache), false)
#7 C:\Users\Rafi\Documents\HanifComputer-With-CodeIgniter4\public\index.php(45): CodeIgniter\CodeIgniter->run()
#8 C:\Users\Rafi\Documents\HanifComputer-With-CodeIgniter4\vendor\codeigniter4\framework\system\Commands\Server\rewrite.php(34): require_once('C:\\Users\\Rafi\\D...')
#9 {main}
CRITICAL - 2021-04-29 04:03:28 --> Invalid argument supplied for foreach()
#0 C:\Users\Rafi\Documents\HanifComputer-With-CodeIgniter4\app\Views\produsen\index.php(31): CodeIgniter\Debug\Exceptions->errorHandler(2, 'Invalid argumen...', 'C:\\Users\\Rafi\\D...', 31, Array)
#1 C:\Users\Rafi\Documents\HanifComputer-With-CodeIgniter4\vendor\codeigniter4\framework\system\View\View.php(246): include('C:\\Users\\Rafi\\D...')
#2 C:\Users\Rafi\Documents\HanifComputer-With-CodeIgniter4\vendor\codeigniter4\framework\system\Common.php(1119): CodeIgniter\View\View->render('produsen/index', Array, true)
#3 C:\Users\Rafi\Documents\HanifComputer-With-CodeIgniter4\app\Controllers\Produsen.php(16): view('produsen/index')
#4 C:\Users\Rafi\Documents\HanifComputer-With-CodeIgniter4\vendor\codeigniter4\framework\system\CodeIgniter.php(918): App\Controllers\Produsen->index()
#5 C:\Users\Rafi\Documents\HanifComputer-With-CodeIgniter4\vendor\codeigniter4\framework\system\CodeIgniter.php(404): CodeIgniter\CodeIgniter->runController(Object(App\Controllers\Produsen))
#6 C:\Users\Rafi\Documents\HanifComputer-With-CodeIgniter4\vendor\codeigniter4\framework\system\CodeIgniter.php(312): CodeIgniter\CodeIgniter->handleRequest(NULL, Object(Config\Cache), false)
#7 C:\Users\Rafi\Documents\HanifComputer-With-CodeIgniter4\public\index.php(45): CodeIgniter\CodeIgniter->run()
#8 C:\Users\Rafi\Documents\HanifComputer-With-CodeIgniter4\vendor\codeigniter4\framework\system\Commands\Server\rewrite.php(34): require_once('C:\\Users\\Rafi\\D...')
#9 {main}
CRITICAL - 2021-04-29 04:05:05 --> Call to undefined method App\Models\ProdusenModel::getprodusen
#0 C:\Users\Rafi\Documents\HanifComputer-With-CodeIgniter4\app\Controllers\Produsen.php(18): CodeIgniter\Model->__call('getprodusen', Array)
#1 C:\Users\Rafi\Documents\HanifComputer-With-CodeIgniter4\vendor\codeigniter4\framework\system\CodeIgniter.php(918): App\Controllers\Produsen->index()
#2 C:\Users\Rafi\Documents\HanifComputer-With-CodeIgniter4\vendor\codeigniter4\framework\system\CodeIgniter.php(404): CodeIgniter\CodeIgniter->runController(Object(App\Controllers\Produsen))
#3 C:\Users\Rafi\Documents\HanifComputer-With-CodeIgniter4\vendor\codeigniter4\framework\system\CodeIgniter.php(312): CodeIgniter\CodeIgniter->handleRequest(NULL, Object(Config\Cache), false)
#4 C:\Users\Rafi\Documents\HanifComputer-With-CodeIgniter4\public\index.php(45): CodeIgniter\CodeIgniter->run()
#5 C:\Users\Rafi\Documents\HanifComputer-With-CodeIgniter4\vendor\codeigniter4\framework\system\Commands\Server\rewrite.php(34): require_once('C:\\Users\\Rafi\\D...')
#6 {main}
CRITICAL - 2021-04-29 04:06:10 --> Call to undefined method App\Models\ProdusenModel::getprodusen
#0 C:\Users\Rafi\Documents\HanifComputer-With-CodeIgniter4\app\Controllers\Produsen.php(18): CodeIgniter\Model->__call('getprodusen', Array)
#1 C:\Users\Rafi\Documents\HanifComputer-With-CodeIgniter4\vendor\codeigniter4\framework\system\CodeIgniter.php(918): App\Controllers\Produsen->index()
#2 C:\Users\Rafi\Documents\HanifComputer-With-CodeIgniter4\vendor\codeigniter4\framework\system\CodeIgniter.php(404): CodeIgniter\CodeIgniter->runController(Object(App\Controllers\Produsen))
#3 C:\Users\Rafi\Documents\HanifComputer-With-CodeIgniter4\vendor\codeigniter4\framework\system\CodeIgniter.php(312): CodeIgniter\CodeIgniter->handleRequest(NULL, Object(Config\Cache), false)
#4 C:\Users\Rafi\Documents\HanifComputer-With-CodeIgniter4\public\index.php(45): CodeIgniter\CodeIgniter->run()
#5 C:\Users\Rafi\Documents\HanifComputer-With-CodeIgniter4\vendor\codeigniter4\framework\system\Commands\Server\rewrite.php(34): require_once('C:\\Users\\Rafi\\D...')
#6 {main}
CRITICAL - 2021-04-29 04:06:22 --> Call to undefined method App\Models\ProdusenModel::getprodusen
#0 C:\Users\Rafi\Documents\HanifComputer-With-CodeIgniter4\app\Controllers\Produsen.php(18): CodeIgniter\Model->__call('getprodusen', Array)
#1 C:\Users\Rafi\Documents\HanifComputer-With-CodeIgniter4\vendor\codeigniter4\framework\system\CodeIgniter.php(918): App\Controllers\Produsen->index()
#2 C:\Users\Rafi\Documents\HanifComputer-With-CodeIgniter4\vendor\codeigniter4\framework\system\CodeIgniter.php(404): CodeIgniter\CodeIgniter->runController(Object(App\Controllers\Produsen))
#3 C:\Users\Rafi\Documents\HanifComputer-With-CodeIgniter4\vendor\codeigniter4\framework\system\CodeIgniter.php(312): CodeIgniter\CodeIgniter->handleRequest(NULL, Object(Config\Cache), false)
#4 C:\Users\Rafi\Documents\HanifComputer-With-CodeIgniter4\public\index.php(45): CodeIgniter\CodeIgniter->run()
#5 C:\Users\Rafi\Documents\HanifComputer-With-CodeIgniter4\vendor\codeigniter4\framework\system\Commands\Server\rewrite.php(34): require_once('C:\\Users\\Rafi\\D...')
#6 {main}
CRITICAL - 2021-04-29 04:06:32 --> Call to undefined method App\Models\ProdusenModel::getprodusen
#0 C:\Users\Rafi\Documents\HanifComputer-With-CodeIgniter4\app\Controllers\Produsen.php(18): CodeIgniter\Model->__call('getprodusen', Array)
#1 C:\Users\Rafi\Documents\HanifComputer-With-CodeIgniter4\vendor\codeigniter4\framework\system\CodeIgniter.php(918): App\Controllers\Produsen->index()
#2 C:\Users\Rafi\Documents\HanifComputer-With-CodeIgniter4\vendor\codeigniter4\framework\system\CodeIgniter.php(404): CodeIgniter\CodeIgniter->runController(Object(App\Controllers\Produsen))
#3 C:\Users\Rafi\Documents\HanifComputer-With-CodeIgniter4\vendor\codeigniter4\framework\system\CodeIgniter.php(312): CodeIgniter\CodeIgniter->handleRequest(NULL, Object(Config\Cache), false)
#4 C:\Users\Rafi\Documents\HanifComputer-With-CodeIgniter4\public\index.php(45): CodeIgniter\CodeIgniter->run()
#5 C:\Users\Rafi\Documents\HanifComputer-With-CodeIgniter4\vendor\codeigniter4\framework\system\Commands\Server\rewrite.php(34): require_once('C:\\Users\\Rafi\\D...')
#6 {main}
CRITICAL - 2021-04-29 04:07:06 --> Call to undefined method App\Models\ProdusenModel::getprodusen
#0 C:\Users\Rafi\Documents\HanifComputer-With-CodeIgniter4\app\Controllers\Produsen.php(18): CodeIgniter\Model->__call('getprodusen', Array)
#1 C:\Users\Rafi\Documents\HanifComputer-With-CodeIgniter4\vendor\codeigniter4\framework\system\CodeIgniter.php(918): App\Controllers\Produsen->index()
#2 C:\Users\Rafi\Documents\HanifComputer-With-CodeIgniter4\vendor\codeigniter4\framework\system\CodeIgniter.php(404): CodeIgniter\CodeIgniter->runController(Object(App\Controllers\Produsen))
#3 C:\Users\Rafi\Documents\HanifComputer-With-CodeIgniter4\vendor\codeigniter4\framework\system\CodeIgniter.php(312): CodeIgniter\CodeIgniter->handleRequest(NULL, Object(Config\Cache), false)
#4 C:\Users\Rafi\Documents\HanifComputer-With-CodeIgniter4\public\index.php(45): CodeIgniter\CodeIgniter->run()
#5 C:\Users\Rafi\Documents\HanifComputer-With-CodeIgniter4\vendor\codeigniter4\framework\system\Commands\Server\rewrite.php(34): require_once('C:\\Users\\Rafi\\D...')
#6 {main}
CRITICAL - 2021-04-29 04:07:11 --> Call to undefined method App\Models\ProdusenModel::getprodusen
#0 C:\Users\Rafi\Documents\HanifComputer-With-CodeIgniter4\app\Controllers\Produsen.php(18): CodeIgniter\Model->__call('getprodusen', Array)
#1 C:\Users\Rafi\Documents\HanifComputer-With-CodeIgniter4\vendor\codeigniter4\framework\system\CodeIgniter.php(918): App\Controllers\Produsen->index()
#2 C:\Users\Rafi\Documents\HanifComputer-With-CodeIgniter4\vendor\codeigniter4\framework\system\CodeIgniter.php(404): CodeIgniter\CodeIgniter->runController(Object(App\Controllers\Produsen))
#3 C:\Users\Rafi\Documents\HanifComputer-With-CodeIgniter4\vendor\codeigniter4\framework\system\CodeIgniter.php(312): CodeIgniter\CodeIgniter->handleRequest(NULL, Object(Config\Cache), false)
#4 C:\Users\Rafi\Documents\HanifComputer-With-CodeIgniter4\public\index.php(45): CodeIgniter\CodeIgniter->run()
#5 C:\Users\Rafi\Documents\HanifComputer-With-CodeIgniter4\vendor\codeigniter4\framework\system\Commands\Server\rewrite.php(34): require_once('C:\\Users\\Rafi\\D...')
#6 {main}
CRITICAL - 2021-04-29 04:09:28 --> Call to undefined method App\Models\ProdusenModel::getprodusen
#0 C:\Users\Rafi\Documents\HanifComputer-With-CodeIgniter4\app\Controllers\Produsen.php(18): CodeIgniter\Model->__call('getprodusen', Array)
#1 C:\Users\Rafi\Documents\HanifComputer-With-CodeIgniter4\vendor\codeigniter4\framework\system\CodeIgniter.php(918): App\Controllers\Produsen->index()
#2 C:\Users\Rafi\Documents\HanifComputer-With-CodeIgniter4\vendor\codeigniter4\framework\system\CodeIgniter.php(404): CodeIgniter\CodeIgniter->runController(Object(App\Controllers\Produsen))
#3 C:\Users\Rafi\Documents\HanifComputer-With-CodeIgniter4\vendor\codeigniter4\framework\system\CodeIgniter.php(312): CodeIgniter\CodeIgniter->handleRequest(NULL, Object(Config\Cache), false)
#4 C:\Users\Rafi\Documents\HanifComputer-With-CodeIgniter4\public\index.php(45): CodeIgniter\CodeIgniter->run()
#5 C:\Users\Rafi\Documents\HanifComputer-With-CodeIgniter4\vendor\codeigniter4\framework\system\Commands\Server\rewrite.php(34): require_once('C:\\Users\\Rafi\\D...')
#6 {main}
CRITICAL - 2021-04-29 04:09:31 --> Call to undefined method App\Models\ProdusenModel::getprodusen
#0 C:\Users\Rafi\Documents\HanifComputer-With-CodeIgniter4\app\Controllers\Produsen.php(18): CodeIgniter\Model->__call('getprodusen', Array)
#1 C:\Users\Rafi\Documents\HanifComputer-With-CodeIgniter4\vendor\codeigniter4\framework\system\CodeIgniter.php(918): App\Controllers\Produsen->index()
#2 C:\Users\Rafi\Documents\HanifComputer-With-CodeIgniter4\vendor\codeigniter4\framework\system\CodeIgniter.php(404): CodeIgniter\CodeIgniter->runController(Object(App\Controllers\Produsen))
#3 C:\Users\Rafi\Documents\HanifComputer-With-CodeIgniter4\vendor\codeigniter4\framework\system\CodeIgniter.php(312): CodeIgniter\CodeIgniter->handleRequest(NULL, Object(Config\Cache), false)
#4 C:\Users\Rafi\Documents\HanifComputer-With-CodeIgniter4\public\index.php(45): CodeIgniter\CodeIgniter->run()
#5 C:\Users\Rafi\Documents\HanifComputer-With-CodeIgniter4\vendor\codeigniter4\framework\system\Commands\Server\rewrite.php(34): require_once('C:\\Users\\Rafi\\D...')
#6 {main}
CRITICAL - 2021-04-29 04:10:04 --> Call to undefined method App\Models\ProdusenModel::getprodusen
#0 C:\Users\Rafi\Documents\HanifComputer-With-CodeIgniter4\app\Controllers\Produsen.php(18): CodeIgniter\Model->__call('getprodusen', Array)
#1 C:\Users\Rafi\Documents\HanifComputer-With-CodeIgniter4\vendor\codeigniter4\framework\system\CodeIgniter.php(918): App\Controllers\Produsen->index()
#2 C:\Users\Rafi\Documents\HanifComputer-With-CodeIgniter4\vendor\codeigniter4\framework\system\CodeIgniter.php(404): CodeIgniter\CodeIgniter->runController(Object(App\Controllers\Produsen))
#3 C:\Users\Rafi\Documents\HanifComputer-With-CodeIgniter4\vendor\codeigniter4\framework\system\CodeIgniter.php(312): CodeIgniter\CodeIgniter->handleRequest(NULL, Object(Config\Cache), false)
#4 C:\Users\Rafi\Documents\HanifComputer-With-CodeIgniter4\public\index.php(45): CodeIgniter\CodeIgniter->run()
#5 C:\Users\Rafi\Documents\HanifComputer-With-CodeIgniter4\vendor\codeigniter4\framework\system\Commands\Server\rewrite.php(34): require_once('C:\\Users\\Rafi\\D...')
#6 {main}
CRITICAL - 2021-04-29 04:10:05 --> Call to undefined method App\Models\ProdusenModel::getprodusen
#0 C:\Users\Rafi\Documents\HanifComputer-With-CodeIgniter4\app\Controllers\Produsen.php(18): CodeIgniter\Model->__call('getprodusen', Array)
#1 C:\Users\Rafi\Documents\HanifComputer-With-CodeIgniter4\vendor\codeigniter4\framework\system\CodeIgniter.php(918): App\Controllers\Produsen->index()
#2 C:\Users\Rafi\Documents\HanifComputer-With-CodeIgniter4\vendor\codeigniter4\framework\system\CodeIgniter.php(404): CodeIgniter\CodeIgniter->runController(Object(App\Controllers\Produsen))
#3 C:\Users\Rafi\Documents\HanifComputer-With-CodeIgniter4\vendor\codeigniter4\framework\system\CodeIgniter.php(312): CodeIgniter\CodeIgniter->handleRequest(NULL, Object(Config\Cache), false)
#4 C:\Users\Rafi\Documents\HanifComputer-With-CodeIgniter4\public\index.php(45): CodeIgniter\CodeIgniter->run()
#5 C:\Users\Rafi\Documents\HanifComputer-With-CodeIgniter4\vendor\codeigniter4\framework\system\Commands\Server\rewrite.php(34): require_once('C:\\Users\\Rafi\\D...')
#6 {main}
CRITICAL - 2021-04-29 04:10:23 --> Call to undefined method App\Models\ProdusenModel::getprodusen
#0 C:\Users\Rafi\Documents\HanifComputer-With-CodeIgniter4\app\Controllers\Produsen.php(18): CodeIgniter\Model->__call('getprodusen', Array)
#1 C:\Users\Rafi\Documents\HanifComputer-With-CodeIgniter4\vendor\codeigniter4\framework\system\CodeIgniter.php(918): App\Controllers\Produsen->index()
#2 C:\Users\Rafi\Documents\HanifComputer-With-CodeIgniter4\vendor\codeigniter4\framework\system\CodeIgniter.php(404): CodeIgniter\CodeIgniter->runController(Object(App\Controllers\Produsen))
#3 C:\Users\Rafi\Documents\HanifComputer-With-CodeIgniter4\vendor\codeigniter4\framework\system\CodeIgniter.php(312): CodeIgniter\CodeIgniter->handleRequest(NULL, Object(Config\Cache), false)
#4 C:\Users\Rafi\Documents\HanifComputer-With-CodeIgniter4\public\index.php(45): CodeIgniter\CodeIgniter->run()
#5 C:\Users\Rafi\Documents\HanifComputer-With-CodeIgniter4\vendor\codeigniter4\framework\system\Commands\Server\rewrite.php(34): require_once('C:\\Users\\Rafi\\D...')
#6 {main}
CRITICAL - 2021-04-29 04:10:28 --> Call to undefined method App\Models\ProdusenModel::getprodusen
#0 C:\Users\Rafi\Documents\HanifComputer-With-CodeIgniter4\app\Controllers\Produsen.php(18): CodeIgniter\Model->__call('getprodusen', Array)
#1 C:\Users\Rafi\Documents\HanifComputer-With-CodeIgniter4\vendor\codeigniter4\framework\system\CodeIgniter.php(918): App\Controllers\Produsen->index()
#2 C:\Users\Rafi\Documents\HanifComputer-With-CodeIgniter4\vendor\codeigniter4\framework\system\CodeIgniter.php(404): CodeIgniter\CodeIgniter->runController(Object(App\Controllers\Produsen))
#3 C:\Users\Rafi\Documents\HanifComputer-With-CodeIgniter4\vendor\codeigniter4\framework\system\CodeIgniter.php(312): CodeIgniter\CodeIgniter->handleRequest(NULL, Object(Config\Cache), false)
#4 C:\Users\Rafi\Documents\HanifComputer-With-CodeIgniter4\public\index.php(45): CodeIgniter\CodeIgniter->run()
#5 C:\Users\Rafi\Documents\HanifComputer-With-CodeIgniter4\vendor\codeigniter4\framework\system\Commands\Server\rewrite.php(34): require_once('C:\\Users\\Rafi\\D...')
#6 {main}
CRITICAL - 2021-04-29 04:10:37 --> Call to undefined method App\Models\ProdusenModel::getprodusen
#0 C:\Users\Rafi\Documents\HanifComputer-With-CodeIgniter4\app\Controllers\Produsen.php(18): CodeIgniter\Model->__call('getprodusen', Array)
#1 C:\Users\Rafi\Documents\HanifComputer-With-CodeIgniter4\vendor\codeigniter4\framework\system\CodeIgniter.php(918): App\Controllers\Produsen->index()
#2 C:\Users\Rafi\Documents\HanifComputer-With-CodeIgniter4\vendor\codeigniter4\framework\system\CodeIgniter.php(404): CodeIgniter\CodeIgniter->runController(Object(App\Controllers\Produsen))
#3 C:\Users\Rafi\Documents\HanifComputer-With-CodeIgniter4\vendor\codeigniter4\framework\system\CodeIgniter.php(312): CodeIgniter\CodeIgniter->handleRequest(NULL, Object(Config\Cache), false)
#4 C:\Users\Rafi\Documents\HanifComputer-With-CodeIgniter4\public\index.php(45): CodeIgniter\CodeIgniter->run()
#5 C:\Users\Rafi\Documents\HanifComputer-With-CodeIgniter4\vendor\codeigniter4\framework\system\Commands\Server\rewrite.php(34): require_once('C:\\Users\\Rafi\\D...')
#6 {main}
CRITICAL - 2021-04-29 04:10:39 --> Call to undefined method App\Models\ProdusenModel::getprodusen
#0 C:\Users\Rafi\Documents\HanifComputer-With-CodeIgniter4\app\Controllers\Produsen.php(18): CodeIgniter\Model->__call('getprodusen', Array)
#1 C:\Users\Rafi\Documents\HanifComputer-With-CodeIgniter4\vendor\codeigniter4\framework\system\CodeIgniter.php(918): App\Controllers\Produsen->index()
#2 C:\Users\Rafi\Documents\HanifComputer-With-CodeIgniter4\vendor\codeigniter4\framework\system\CodeIgniter.php(404): CodeIgniter\CodeIgniter->runController(Object(App\Controllers\Produsen))
#3 C:\Users\Rafi\Documents\HanifComputer-With-CodeIgniter4\vendor\codeigniter4\framework\system\CodeIgniter.php(312): CodeIgniter\CodeIgniter->handleRequest(NULL, Object(Config\Cache), false)
#4 C:\Users\Rafi\Documents\HanifComputer-With-CodeIgniter4\public\index.php(45): CodeIgniter\CodeIgniter->run()
#5 C:\Users\Rafi\Documents\HanifComputer-With-CodeIgniter4\vendor\codeigniter4\framework\system\Commands\Server\rewrite.php(34): require_once('C:\\Users\\Rafi\\D...')
#6 {main}
CRITICAL - 2021-04-29 04:10:43 --> Call to undefined method App\Models\ProdusenModel::getprodusen
#0 C:\Users\Rafi\Documents\HanifComputer-With-CodeIgniter4\app\Controllers\Produsen.php(18): CodeIgniter\Model->__call('getprodusen', Array)
#1 C:\Users\Rafi\Documents\HanifComputer-With-CodeIgniter4\vendor\codeigniter4\framework\system\CodeIgniter.php(918): App\Controllers\Produsen->index()
#2 C:\Users\Rafi\Documents\HanifComputer-With-CodeIgniter4\vendor\codeigniter4\framework\system\CodeIgniter.php(404): CodeIgniter\CodeIgniter->runController(Object(App\Controllers\Produsen))
#3 C:\Users\Rafi\Documents\HanifComputer-With-CodeIgniter4\vendor\codeigniter4\framework\system\CodeIgniter.php(312): CodeIgniter\CodeIgniter->handleRequest(NULL, Object(Config\Cache), false)
#4 C:\Users\Rafi\Documents\HanifComputer-With-CodeIgniter4\public\index.php(45): CodeIgniter\CodeIgniter->run()
#5 C:\Users\Rafi\Documents\HanifComputer-With-CodeIgniter4\vendor\codeigniter4\framework\system\Commands\Server\rewrite.php(34): require_once('C:\\Users\\Rafi\\D...')
#6 {main}
CRITICAL - 2021-04-29 04:12:04 --> Call to undefined method App\Models\ProdusenModel::getprodusen
#0 C:\Users\Rafi\Documents\HanifComputer-With-CodeIgniter4\app\Controllers\Produsen.php(18): CodeIgniter\Model->__call('getprodusen', Array)
#1 C:\Users\Rafi\Documents\HanifComputer-With-CodeIgniter4\vendor\codeigniter4\framework\system\CodeIgniter.php(918): App\Controllers\Produsen->index()
#2 C:\Users\Rafi\Documents\HanifComputer-With-CodeIgniter4\vendor\codeigniter4\framework\system\CodeIgniter.php(404): CodeIgniter\CodeIgniter->runController(Object(App\Controllers\Produsen))
#3 C:\Users\Rafi\Documents\HanifComputer-With-CodeIgniter4\vendor\codeigniter4\framework\system\CodeIgniter.php(312): CodeIgniter\CodeIgniter->handleRequest(NULL, Object(Config\Cache), false)
#4 C:\Users\Rafi\Documents\HanifComputer-With-CodeIgniter4\public\index.php(45): CodeIgniter\CodeIgniter->run()
#5 C:\Users\Rafi\Documents\HanifComputer-With-CodeIgniter4\vendor\codeigniter4\framework\system\Commands\Server\rewrite.php(34): require_once('C:\\Users\\Rafi\\D...')
#6 {main}
CRITICAL - 2021-04-29 04:12:12 --> Call to undefined method App\Models\ProdusenModel::getprodusen
#0 C:\Users\Rafi\Documents\HanifComputer-With-CodeIgniter4\app\Controllers\Produsen.php(18): CodeIgniter\Model->__call('getprodusen', Array)
#1 C:\Users\Rafi\Documents\HanifComputer-With-CodeIgniter4\vendor\codeigniter4\framework\system\CodeIgniter.php(918): App\Controllers\Produsen->index()
#2 C:\Users\Rafi\Documents\HanifComputer-With-CodeIgniter4\vendor\codeigniter4\framework\system\CodeIgniter.php(404): CodeIgniter\CodeIgniter->runController(Object(App\Controllers\Produsen))
#3 C:\Users\Rafi\Documents\HanifComputer-With-CodeIgniter4\vendor\codeigniter4\framework\system\CodeIgniter.php(312): CodeIgniter\CodeIgniter->handleRequest(NULL, Object(Config\Cache), false)
#4 C:\Users\Rafi\Documents\HanifComputer-With-CodeIgniter4\public\index.php(45): CodeIgniter\CodeIgniter->run()
#5 C:\Users\Rafi\Documents\HanifComputer-With-CodeIgniter4\vendor\codeigniter4\framework\system\Commands\Server\rewrite.php(34): require_once('C:\\Users\\Rafi\\D...')
#6 {main}
CRITICAL - 2021-04-29 04:12:26 --> Call to undefined method App\Models\ProdusenModel::getprodusen
#0 C:\Users\Rafi\Documents\HanifComputer-With-CodeIgniter4\app\Controllers\Produsen.php(18): CodeIgniter\Model->__call('getprodusen', Array)
#1 C:\Users\Rafi\Documents\HanifComputer-With-CodeIgniter4\vendor\codeigniter4\framework\system\CodeIgniter.php(918): App\Controllers\Produsen->index()
#2 C:\Users\Rafi\Documents\HanifComputer-With-CodeIgniter4\vendor\codeigniter4\framework\system\CodeIgniter.php(404): CodeIgniter\CodeIgniter->runController(Object(App\Controllers\Produsen))
#3 C:\Users\Rafi\Documents\HanifComputer-With-CodeIgniter4\vendor\codeigniter4\framework\system\CodeIgniter.php(312): CodeIgniter\CodeIgniter->handleRequest(NULL, Object(Config\Cache), false)
#4 C:\Users\Rafi\Documents\HanifComputer-With-CodeIgniter4\public\index.php(45): CodeIgniter\CodeIgniter->run()
#5 C:\Users\Rafi\Documents\HanifComputer-With-CodeIgniter4\vendor\codeigniter4\framework\system\Commands\Server\rewrite.php(34): require_once('C:\\Users\\Rafi\\D...')
#6 {main}
CRITICAL - 2021-04-29 04:13:30 --> Call to undefined method App\Models\ProdusenModel::getprodusen
#0 C:\Users\Rafi\Documents\HanifComputer-With-CodeIgniter4\app\Controllers\Produsen.php(18): CodeIgniter\Model->__call('getprodusen', Array)
#1 C:\Users\Rafi\Documents\HanifComputer-With-CodeIgniter4\vendor\codeigniter4\framework\system\CodeIgniter.php(918): App\Controllers\Produsen->index()
#2 C:\Users\Rafi\Documents\HanifComputer-With-CodeIgniter4\vendor\codeigniter4\framework\system\CodeIgniter.php(404): CodeIgniter\CodeIgniter->runController(Object(App\Controllers\Produsen))
#3 C:\Users\Rafi\Documents\HanifComputer-With-CodeIgniter4\vendor\codeigniter4\framework\system\CodeIgniter.php(312): CodeIgniter\CodeIgniter->handleRequest(NULL, Object(Config\Cache), false)
#4 C:\Users\Rafi\Documents\HanifComputer-With-CodeIgniter4\public\index.php(45): CodeIgniter\CodeIgniter->run()
#5 C:\Users\Rafi\Documents\HanifComputer-With-CodeIgniter4\vendor\codeigniter4\framework\system\Commands\Server\rewrite.php(34): require_once('C:\\Users\\Rafi\\D...')
#6 {main}
CRITICAL - 2021-04-29 04:13:31 --> Call to undefined method App\Models\ProdusenModel::getprodusen
#0 C:\Users\Rafi\Documents\HanifComputer-With-CodeIgniter4\app\Controllers\Produsen.php(18): CodeIgniter\Model->__call('getprodusen', Array)
#1 C:\Users\Rafi\Documents\HanifComputer-With-CodeIgniter4\vendor\codeigniter4\framework\system\CodeIgniter.php(918): App\Controllers\Produsen->index()
#2 C:\Users\Rafi\Documents\HanifComputer-With-CodeIgniter4\vendor\codeigniter4\framework\system\CodeIgniter.php(404): CodeIgniter\CodeIgniter->runController(Object(App\Controllers\Produsen))
#3 C:\Users\Rafi\Documents\HanifComputer-With-CodeIgniter4\vendor\codeigniter4\framework\system\CodeIgniter.php(312): CodeIgniter\CodeIgniter->handleRequest(NULL, Object(Config\Cache), false)
#4 C:\Users\Rafi\Documents\HanifComputer-With-CodeIgniter4\public\index.php(45): CodeIgniter\CodeIgniter->run()
#5 C:\Users\Rafi\Documents\HanifComputer-With-CodeIgniter4\vendor\codeigniter4\framework\system\Commands\Server\rewrite.php(34): require_once('C:\\Users\\Rafi\\D...')
#6 {main}
CRITICAL - 2021-04-29 04:13:33 --> Call to undefined method App\Models\ProdusenModel::getprodusen
#0 C:\Users\Rafi\Documents\HanifComputer-With-CodeIgniter4\app\Controllers\Produsen.php(18): CodeIgniter\Model->__call('getprodusen', Array)
#1 C:\Users\Rafi\Documents\HanifComputer-With-CodeIgniter4\vendor\codeigniter4\framework\system\CodeIgniter.php(918): App\Controllers\Produsen->index()
#2 C:\Users\Rafi\Documents\HanifComputer-With-CodeIgniter4\vendor\codeigniter4\framework\system\CodeIgniter.php(404): CodeIgniter\CodeIgniter->runController(Object(App\Controllers\Produsen))
#3 C:\Users\Rafi\Documents\HanifComputer-With-CodeIgniter4\vendor\codeigniter4\framework\system\CodeIgniter.php(312): CodeIgniter\CodeIgniter->handleRequest(NULL, Object(Config\Cache), false)
#4 C:\Users\Rafi\Documents\HanifComputer-With-CodeIgniter4\public\index.php(45): CodeIgniter\CodeIgniter->run()
#5 C:\Users\Rafi\Documents\HanifComputer-With-CodeIgniter4\vendor\codeigniter4\framework\system\Commands\Server\rewrite.php(34): require_once('C:\\Users\\Rafi\\D...')
#6 {main}
CRITICAL - 2021-04-29 04:13:33 --> Call to undefined method App\Models\ProdusenModel::getprodusen
#0 C:\Users\Rafi\Documents\HanifComputer-With-CodeIgniter4\app\Controllers\Produsen.php(18): CodeIgniter\Model->__call('getprodusen', Array)
#1 C:\Users\Rafi\Documents\HanifComputer-With-CodeIgniter4\vendor\codeigniter4\framework\system\CodeIgniter.php(918): App\Controllers\Produsen->index()
#2 C:\Users\Rafi\Documents\HanifComputer-With-CodeIgniter4\vendor\codeigniter4\framework\system\CodeIgniter.php(404): CodeIgniter\CodeIgniter->runController(Object(App\Controllers\Produsen))
#3 C:\Users\Rafi\Documents\HanifComputer-With-CodeIgniter4\vendor\codeigniter4\framework\system\CodeIgniter.php(312): CodeIgniter\CodeIgniter->handleRequest(NULL, Object(Config\Cache), false)
#4 C:\Users\Rafi\Documents\HanifComputer-With-CodeIgniter4\public\index.php(45): CodeIgniter\CodeIgniter->run()
#5 C:\Users\Rafi\Documents\HanifComputer-With-CodeIgniter4\vendor\codeigniter4\framework\system\Commands\Server\rewrite.php(34): require_once('C:\\Users\\Rafi\\D...')
#6 {main}
