CRITICAL - 2021-04-28 02:10:25 --> Invalid argument supplied for foreach()
#0 C:\Users\Rafi\Documents\HanifComputer-With-CodeIgniter4\app\Views\Produk\index.php(28): CodeIgniter\Debug\Exceptions->errorHandler(2, 'Invalid argumen...', 'C:\\Users\\Rafi\\D...', 28, Array)
#1 C:\Users\Rafi\Documents\HanifComputer-With-CodeIgniter4\vendor\codeigniter4\framework\system\View\View.php(246): include('C:\\Users\\Rafi\\D...')
#2 C:\Users\Rafi\Documents\HanifComputer-With-CodeIgniter4\vendor\codeigniter4\framework\system\Common.php(1119): CodeIgniter\View\View->render('produk/index', Array, true)
#3 C:\Users\Rafi\Documents\HanifComputer-With-CodeIgniter4\app\Controllers\Produk.php(20): view('produk/index', Array)
#4 C:\Users\Rafi\Documents\HanifComputer-With-CodeIgniter4\vendor\codeigniter4\framework\system\CodeIgniter.php(918): App\Controllers\Produk->index()
#5 C:\Users\Rafi\Documents\HanifComputer-With-CodeIgniter4\vendor\codeigniter4\framework\system\CodeIgniter.php(404): CodeIgniter\CodeIgniter->runController(Object(App\Controllers\Produk))
#6 C:\Users\Rafi\Documents\HanifComputer-With-CodeIgniter4\vendor\codeigniter4\framework\system\CodeIgniter.php(312): CodeIgniter\CodeIgniter->handleRequest(NULL, Object(Config\Cache), false)
#7 C:\Users\Rafi\Documents\HanifComputer-With-CodeIgniter4\public\index.php(45): CodeIgniter\CodeIgniter->run()
#8 C:\Users\Rafi\Documents\HanifComputer-With-CodeIgniter4\vendor\codeigniter4\framework\system\Commands\Server\rewrite.php(34): require_once('C:\\Users\\Rafi\\D...')
#9 {main}
CRITICAL - 2021-04-28 02:10:25 --> Invalid argument supplied for foreach()
#0 C:\Users\Rafi\Documents\HanifComputer-With-CodeIgniter4\app\Views\Produk\index.php(28): CodeIgniter\Debug\Exceptions->errorHandler(2, 'Invalid argumen...', 'C:\\Users\\Rafi\\D...', 28, Array)
#1 C:\Users\Rafi\Documents\HanifComputer-With-CodeIgniter4\vendor\codeigniter4\framework\system\View\View.php(246): include('C:\\Users\\Rafi\\D...')
#2 C:\Users\Rafi\Documents\HanifComputer-With-CodeIgniter4\vendor\codeigniter4\framework\system\Common.php(1119): CodeIgniter\View\View->render('produk/index', Array, true)
#3 C:\Users\Rafi\Documents\HanifComputer-With-CodeIgniter4\app\Controllers\Produk.php(20): view('produk/index', Array)
#4 C:\Users\Rafi\Documents\HanifComputer-With-CodeIgniter4\vendor\codeigniter4\framework\system\CodeIgniter.php(918): App\Controllers\Produk->index()
#5 C:\Users\Rafi\Documents\HanifComputer-With-CodeIgniter4\vendor\codeigniter4\framework\system\CodeIgniter.php(404): CodeIgniter\CodeIgniter->runController(Object(App\Controllers\Produk))
#6 C:\Users\Rafi\Documents\HanifComputer-With-CodeIgniter4\vendor\codeigniter4\framework\system\CodeIgniter.php(312): CodeIgniter\CodeIgniter->handleRequest(NULL, Object(Config\Cache), false)
#7 C:\Users\Rafi\Documents\HanifComputer-With-CodeIgniter4\public\index.php(45): CodeIgniter\CodeIgniter->run()
#8 C:\Users\Rafi\Documents\HanifComputer-With-CodeIgniter4\vendor\codeigniter4\framework\system\Commands\Server\rewrite.php(34): require_once('C:\\Users\\Rafi\\D...')
#9 {main}
CRITICAL - 2021-04-28 02:10:29 --> Invalid argument supplied for foreach()
#0 C:\Users\Rafi\Documents\HanifComputer-With-CodeIgniter4\app\Views\Produk\index.php(28): CodeIgniter\Debug\Exceptions->errorHandler(2, 'Invalid argumen...', 'C:\\Users\\Rafi\\D...', 28, Array)
#1 C:\Users\Rafi\Documents\HanifComputer-With-CodeIgniter4\vendor\codeigniter4\framework\system\View\View.php(246): include('C:\\Users\\Rafi\\D...')
#2 C:\Users\Rafi\Documents\HanifComputer-With-CodeIgniter4\vendor\codeigniter4\framework\system\Common.php(1119): CodeIgniter\View\View->render('produk/index', Array, true)
#3 C:\Users\Rafi\Documents\HanifComputer-With-CodeIgniter4\app\Controllers\Produk.php(20): view('produk/index', Array)
#4 C:\Users\Rafi\Documents\HanifComputer-With-CodeIgniter4\vendor\codeigniter4\framework\system\CodeIgniter.php(918): App\Controllers\Produk->index()
#5 C:\Users\Rafi\Documents\HanifComputer-With-CodeIgniter4\vendor\codeigniter4\framework\system\CodeIgniter.php(404): CodeIgniter\CodeIgniter->runController(Object(App\Controllers\Produk))
#6 C:\Users\Rafi\Documents\HanifComputer-With-CodeIgniter4\vendor\codeigniter4\framework\system\CodeIgniter.php(312): CodeIgniter\CodeIgniter->handleRequest(NULL, Object(Config\Cache), false)
#7 C:\Users\Rafi\Documents\HanifComputer-With-CodeIgniter4\public\index.php(45): CodeIgniter\CodeIgniter->run()
#8 C:\Users\Rafi\Documents\HanifComputer-With-CodeIgniter4\vendor\codeigniter4\framework\system\Commands\Server\rewrite.php(34): require_once('C:\\Users\\Rafi\\D...')
#9 {main}
CRITICAL - 2021-04-28 02:26:35 --> Class 'App\Models\OrangModel' not found
#0 C:\Users\Rafi\Documents\HanifComputer-With-CodeIgniter4\vendor\codeigniter4\framework\system\CodeIgniter.php(890): App\Controllers\Orang->__construct()
#1 C:\Users\Rafi\Documents\HanifComputer-With-CodeIgniter4\vendor\codeigniter4\framework\system\CodeIgniter.php(399): CodeIgniter\CodeIgniter->createController()
#2 C:\Users\Rafi\Documents\HanifComputer-With-CodeIgniter4\vendor\codeigniter4\framework\system\CodeIgniter.php(312): CodeIgniter\CodeIgniter->handleRequest(NULL, Object(Config\Cache), false)
#3 C:\Users\Rafi\Documents\HanifComputer-With-CodeIgniter4\public\index.php(45): CodeIgniter\CodeIgniter->run()
#4 C:\Users\Rafi\Documents\HanifComputer-With-CodeIgniter4\vendor\codeigniter4\framework\system\Commands\Server\rewrite.php(34): require_once('C:\\Users\\Rafi\\D...')
#5 {main}
CRITICAL - 2021-04-28 02:26:36 --> Class 'App\Models\OrangModel' not found
#0 C:\Users\Rafi\Documents\HanifComputer-With-CodeIgniter4\vendor\codeigniter4\framework\system\CodeIgniter.php(890): App\Controllers\Orang->__construct()
#1 C:\Users\Rafi\Documents\HanifComputer-With-CodeIgniter4\vendor\codeigniter4\framework\system\CodeIgniter.php(399): CodeIgniter\CodeIgniter->createController()
#2 C:\Users\Rafi\Documents\HanifComputer-With-CodeIgniter4\vendor\codeigniter4\framework\system\CodeIgniter.php(312): CodeIgniter\CodeIgniter->handleRequest(NULL, Object(Config\Cache), false)
#3 C:\Users\Rafi\Documents\HanifComputer-With-CodeIgniter4\public\index.php(45): CodeIgniter\CodeIgniter->run()
#4 C:\Users\Rafi\Documents\HanifComputer-With-CodeIgniter4\vendor\codeigniter4\framework\system\Commands\Server\rewrite.php(34): require_once('C:\\Users\\Rafi\\D...')
#5 {main}
CRITICAL - 2021-04-28 02:30:17 --> Invalid file: produsen/index.php
#0 C:\Users\Rafi\Documents\HanifComputer-With-CodeIgniter4\vendor\codeigniter4\framework\system\View\View.php(228): CodeIgniter\Exceptions\FrameworkException::forInvalidFile('produsen/index....')
#1 C:\Users\Rafi\Documents\HanifComputer-With-CodeIgniter4\vendor\codeigniter4\framework\system\Common.php(1119): CodeIgniter\View\View->render('produsen/index', Array, true)
#2 C:\Users\Rafi\Documents\HanifComputer-With-CodeIgniter4\app\Controllers\Produsen.php(30): view('produsen/index', Array)
#3 C:\Users\Rafi\Documents\HanifComputer-With-CodeIgniter4\vendor\codeigniter4\framework\system\CodeIgniter.php(918): App\Controllers\Produsen->index()
#4 C:\Users\Rafi\Documents\HanifComputer-With-CodeIgniter4\vendor\codeigniter4\framework\system\CodeIgniter.php(404): CodeIgniter\CodeIgniter->runController(Object(App\Controllers\Produsen))
#5 C:\Users\Rafi\Documents\HanifComputer-With-CodeIgniter4\vendor\codeigniter4\framework\system\CodeIgniter.php(312): CodeIgniter\CodeIgniter->handleRequest(NULL, Object(Config\Cache), false)
#6 C:\Users\Rafi\Documents\HanifComputer-With-CodeIgniter4\public\index.php(45): CodeIgniter\CodeIgniter->run()
#7 C:\Users\Rafi\Documents\HanifComputer-With-CodeIgniter4\vendor\codeigniter4\framework\system\Commands\Server\rewrite.php(34): require_once('C:\\Users\\Rafi\\D...')
#8 {main}
CRITICAL - 2021-04-28 02:30:18 --> Invalid file: produsen/index.php
#0 C:\Users\Rafi\Documents\HanifComputer-With-CodeIgniter4\vendor\codeigniter4\framework\system\View\View.php(228): CodeIgniter\Exceptions\FrameworkException::forInvalidFile('produsen/index....')
#1 C:\Users\Rafi\Documents\HanifComputer-With-CodeIgniter4\vendor\codeigniter4\framework\system\Common.php(1119): CodeIgniter\View\View->render('produsen/index', Array, true)
#2 C:\Users\Rafi\Documents\HanifComputer-With-CodeIgniter4\app\Controllers\Produsen.php(30): view('produsen/index', Array)
#3 C:\Users\Rafi\Documents\HanifComputer-With-CodeIgniter4\vendor\codeigniter4\framework\system\CodeIgniter.php(918): App\Controllers\Produsen->index()
#4 C:\Users\Rafi\Documents\HanifComputer-With-CodeIgniter4\vendor\codeigniter4\framework\system\CodeIgniter.php(404): CodeIgniter\CodeIgniter->runController(Object(App\Controllers\Produsen))
#5 C:\Users\Rafi\Documents\HanifComputer-With-CodeIgniter4\vendor\codeigniter4\framework\system\CodeIgniter.php(312): CodeIgniter\CodeIgniter->handleRequest(NULL, Object(Config\Cache), false)
#6 C:\Users\Rafi\Documents\HanifComputer-With-CodeIgniter4\public\index.php(45): CodeIgniter\CodeIgniter->run()
#7 C:\Users\Rafi\Documents\HanifComputer-With-CodeIgniter4\vendor\codeigniter4\framework\system\Commands\Server\rewrite.php(34): require_once('C:\\Users\\Rafi\\D...')
#8 {main}
CRITICAL - 2021-04-28 02:30:19 --> Invalid file: produsen/index.php
#0 C:\Users\Rafi\Documents\HanifComputer-With-CodeIgniter4\vendor\codeigniter4\framework\system\View\View.php(228): CodeIgniter\Exceptions\FrameworkException::forInvalidFile('produsen/index....')
#1 C:\Users\Rafi\Documents\HanifComputer-With-CodeIgniter4\vendor\codeigniter4\framework\system\Common.php(1119): CodeIgniter\View\View->render('produsen/index', Array, true)
#2 C:\Users\Rafi\Documents\HanifComputer-With-CodeIgniter4\app\Controllers\Produsen.php(30): view('produsen/index', Array)
#3 C:\Users\Rafi\Documents\HanifComputer-With-CodeIgniter4\vendor\codeigniter4\framework\system\CodeIgniter.php(918): App\Controllers\Produsen->index()
#4 C:\Users\Rafi\Documents\HanifComputer-With-CodeIgniter4\vendor\codeigniter4\framework\system\CodeIgniter.php(404): CodeIgniter\CodeIgniter->runController(Object(App\Controllers\Produsen))
#5 C:\Users\Rafi\Documents\HanifComputer-With-CodeIgniter4\vendor\codeigniter4\framework\system\CodeIgniter.php(312): CodeIgniter\CodeIgniter->handleRequest(NULL, Object(Config\Cache), false)
#6 C:\Users\Rafi\Documents\HanifComputer-With-CodeIgniter4\public\index.php(45): CodeIgniter\CodeIgniter->run()
#7 C:\Users\Rafi\Documents\HanifComputer-With-CodeIgniter4\vendor\codeigniter4\framework\system\Commands\Server\rewrite.php(34): require_once('C:\\Users\\Rafi\\D...')
#8 {main}
CRITICAL - 2021-04-28 02:30:27 --> Invalid file: produsen/index.php
#0 C:\Users\Rafi\Documents\HanifComputer-With-CodeIgniter4\vendor\codeigniter4\framework\system\View\View.php(228): CodeIgniter\Exceptions\FrameworkException::forInvalidFile('produsen/index....')
#1 C:\Users\Rafi\Documents\HanifComputer-With-CodeIgniter4\vendor\codeigniter4\framework\system\Common.php(1119): CodeIgniter\View\View->render('produsen/index', Array, true)
#2 C:\Users\Rafi\Documents\HanifComputer-With-CodeIgniter4\app\Controllers\Produsen.php(30): view('produsen/index', Array)
#3 C:\Users\Rafi\Documents\HanifComputer-With-CodeIgniter4\vendor\codeigniter4\framework\system\CodeIgniter.php(918): App\Controllers\Produsen->index()
#4 C:\Users\Rafi\Documents\HanifComputer-With-CodeIgniter4\vendor\codeigniter4\framework\system\CodeIgniter.php(404): CodeIgniter\CodeIgniter->runController(Object(App\Controllers\Produsen))
#5 C:\Users\Rafi\Documents\HanifComputer-With-CodeIgniter4\vendor\codeigniter4\framework\system\CodeIgniter.php(312): CodeIgniter\CodeIgniter->handleRequest(NULL, Object(Config\Cache), false)
#6 C:\Users\Rafi\Documents\HanifComputer-With-CodeIgniter4\public\index.php(45): CodeIgniter\CodeIgniter->run()
#7 C:\Users\Rafi\Documents\HanifComputer-With-CodeIgniter4\vendor\codeigniter4\framework\system\Commands\Server\rewrite.php(34): require_once('C:\\Users\\Rafi\\D...')
#8 {main}
CRITICAL - 2021-04-28 02:31:53 --> Invalid file: produsen/index.php
#0 C:\Users\Rafi\Documents\HanifComputer-With-CodeIgniter4\vendor\codeigniter4\framework\system\View\View.php(228): CodeIgniter\Exceptions\FrameworkException::forInvalidFile('produsen/index....')
#1 C:\Users\Rafi\Documents\HanifComputer-With-CodeIgniter4\vendor\codeigniter4\framework\system\Common.php(1119): CodeIgniter\View\View->render('produsen/index', Array, true)
#2 C:\Users\Rafi\Documents\HanifComputer-With-CodeIgniter4\app\Controllers\Produsen.php(30): view('produsen/index', Array)
#3 C:\Users\Rafi\Documents\HanifComputer-With-CodeIgniter4\vendor\codeigniter4\framework\system\CodeIgniter.php(918): App\Controllers\Produsen->index()
#4 C:\Users\Rafi\Documents\HanifComputer-With-CodeIgniter4\vendor\codeigniter4\framework\system\CodeIgniter.php(404): CodeIgniter\CodeIgniter->runController(Object(App\Controllers\Produsen))
#5 C:\Users\Rafi\Documents\HanifComputer-With-CodeIgniter4\vendor\codeigniter4\framework\system\CodeIgniter.php(312): CodeIgniter\CodeIgniter->handleRequest(NULL, Object(Config\Cache), false)
#6 C:\Users\Rafi\Documents\HanifComputer-With-CodeIgniter4\public\index.php(45): CodeIgniter\CodeIgniter->run()
#7 C:\Users\Rafi\Documents\HanifComputer-With-CodeIgniter4\vendor\codeigniter4\framework\system\Commands\Server\rewrite.php(34): require_once('C:\\Users\\Rafi\\D...')
#8 {main}
CRITICAL - 2021-04-28 02:31:56 --> Invalid file: produsen/index.php
#0 C:\Users\Rafi\Documents\HanifComputer-With-CodeIgniter4\vendor\codeigniter4\framework\system\View\View.php(228): CodeIgniter\Exceptions\FrameworkException::forInvalidFile('produsen/index....')
#1 C:\Users\Rafi\Documents\HanifComputer-With-CodeIgniter4\vendor\codeigniter4\framework\system\Common.php(1119): CodeIgniter\View\View->render('produsen/index', Array, true)
#2 C:\Users\Rafi\Documents\HanifComputer-With-CodeIgniter4\app\Controllers\Produsen.php(30): view('produsen/index', Array)
#3 C:\Users\Rafi\Documents\HanifComputer-With-CodeIgniter4\vendor\codeigniter4\framework\system\CodeIgniter.php(918): App\Controllers\Produsen->index()
#4 C:\Users\Rafi\Documents\HanifComputer-With-CodeIgniter4\vendor\codeigniter4\framework\system\CodeIgniter.php(404): CodeIgniter\CodeIgniter->runController(Object(App\Controllers\Produsen))
#5 C:\Users\Rafi\Documents\HanifComputer-With-CodeIgniter4\vendor\codeigniter4\framework\system\CodeIgniter.php(312): CodeIgniter\CodeIgniter->handleRequest(NULL, Object(Config\Cache), false)
#6 C:\Users\Rafi\Documents\HanifComputer-With-CodeIgniter4\public\index.php(45): CodeIgniter\CodeIgniter->run()
#7 C:\Users\Rafi\Documents\HanifComputer-With-CodeIgniter4\vendor\codeigniter4\framework\system\Commands\Server\rewrite.php(34): require_once('C:\\Users\\Rafi\\D...')
#8 {main}
CRITICAL - 2021-04-28 02:32:32 --> Invalid file: produsen/index.php
#0 C:\Users\Rafi\Documents\HanifComputer-With-CodeIgniter4\vendor\codeigniter4\framework\system\View\View.php(228): CodeIgniter\Exceptions\FrameworkException::forInvalidFile('produsen/index....')
#1 C:\Users\Rafi\Documents\HanifComputer-With-CodeIgniter4\vendor\codeigniter4\framework\system\Common.php(1119): CodeIgniter\View\View->render('produsen/index', Array, true)
#2 C:\Users\Rafi\Documents\HanifComputer-With-CodeIgniter4\app\Controllers\Produsen.php(30): view('produsen/index', Array)
#3 C:\Users\Rafi\Documents\HanifComputer-With-CodeIgniter4\vendor\codeigniter4\framework\system\CodeIgniter.php(918): App\Controllers\Produsen->index()
#4 C:\Users\Rafi\Documents\HanifComputer-With-CodeIgniter4\vendor\codeigniter4\framework\system\CodeIgniter.php(404): CodeIgniter\CodeIgniter->runController(Object(App\Controllers\Produsen))
#5 C:\Users\Rafi\Documents\HanifComputer-With-CodeIgniter4\vendor\codeigniter4\framework\system\CodeIgniter.php(312): CodeIgniter\CodeIgniter->handleRequest(NULL, Object(Config\Cache), false)
#6 C:\Users\Rafi\Documents\HanifComputer-With-CodeIgniter4\public\index.php(45): CodeIgniter\CodeIgniter->run()
#7 C:\Users\Rafi\Documents\HanifComputer-With-CodeIgniter4\vendor\codeigniter4\framework\system\Commands\Server\rewrite.php(34): require_once('C:\\Users\\Rafi\\D...')
#8 {main}
CRITICAL - 2021-04-28 02:32:54 --> Invalid file: produsen/index.php
#0 C:\Users\Rafi\Documents\HanifComputer-With-CodeIgniter4\vendor\codeigniter4\framework\system\View\View.php(228): CodeIgniter\Exceptions\FrameworkException::forInvalidFile('produsen/index....')
#1 C:\Users\Rafi\Documents\HanifComputer-With-CodeIgniter4\vendor\codeigniter4\framework\system\Common.php(1119): CodeIgniter\View\View->render('produsen/index', Array, true)
#2 C:\Users\Rafi\Documents\HanifComputer-With-CodeIgniter4\app\Controllers\Produsen.php(30): view('produsen/index', Array)
#3 C:\Users\Rafi\Documents\HanifComputer-With-CodeIgniter4\vendor\codeigniter4\framework\system\CodeIgniter.php(918): App\Controllers\Produsen->index()
#4 C:\Users\Rafi\Documents\HanifComputer-With-CodeIgniter4\vendor\codeigniter4\framework\system\CodeIgniter.php(404): CodeIgniter\CodeIgniter->runController(Object(App\Controllers\Produsen))
#5 C:\Users\Rafi\Documents\HanifComputer-With-CodeIgniter4\vendor\codeigniter4\framework\system\CodeIgniter.php(312): CodeIgniter\CodeIgniter->handleRequest(NULL, Object(Config\Cache), false)
#6 C:\Users\Rafi\Documents\HanifComputer-With-CodeIgniter4\public\index.php(45): CodeIgniter\CodeIgniter->run()
#7 C:\Users\Rafi\Documents\HanifComputer-With-CodeIgniter4\vendor\codeigniter4\framework\system\Commands\Server\rewrite.php(34): require_once('C:\\Users\\Rafi\\D...')
#8 {main}
CRITICAL - 2021-04-28 02:33:58 --> Invalid file: produsen/index.php
#0 C:\Users\Rafi\Documents\HanifComputer-With-CodeIgniter4\vendor\codeigniter4\framework\system\View\View.php(228): CodeIgniter\Exceptions\FrameworkException::forInvalidFile('produsen/index....')
#1 C:\Users\Rafi\Documents\HanifComputer-With-CodeIgniter4\vendor\codeigniter4\framework\system\Common.php(1119): CodeIgniter\View\View->render('produsen/index', Array, true)
#2 C:\Users\Rafi\Documents\HanifComputer-With-CodeIgniter4\app\Controllers\Produsen.php(30): view('produsen/index', Array)
#3 C:\Users\Rafi\Documents\HanifComputer-With-CodeIgniter4\vendor\codeigniter4\framework\system\CodeIgniter.php(918): App\Controllers\Produsen->index()
#4 C:\Users\Rafi\Documents\HanifComputer-With-CodeIgniter4\vendor\codeigniter4\framework\system\CodeIgniter.php(404): CodeIgniter\CodeIgniter->runController(Object(App\Controllers\Produsen))
#5 C:\Users\Rafi\Documents\HanifComputer-With-CodeIgniter4\vendor\codeigniter4\framework\system\CodeIgniter.php(312): CodeIgniter\CodeIgniter->handleRequest(NULL, Object(Config\Cache), false)
#6 C:\Users\Rafi\Documents\HanifComputer-With-CodeIgniter4\public\index.php(45): CodeIgniter\CodeIgniter->run()
#7 C:\Users\Rafi\Documents\HanifComputer-With-CodeIgniter4\vendor\codeigniter4\framework\system\Commands\Server\rewrite.php(34): require_once('C:\\Users\\Rafi\\D...')
#8 {main}
CRITICAL - 2021-04-28 02:35:11 --> Invalid file: produsen/index.php
#0 C:\Users\Rafi\Documents\HanifComputer-With-CodeIgniter4\vendor\codeigniter4\framework\system\View\View.php(228): CodeIgniter\Exceptions\FrameworkException::forInvalidFile('produsen/index....')
#1 C:\Users\Rafi\Documents\HanifComputer-With-CodeIgniter4\vendor\codeigniter4\framework\system\Common.php(1119): CodeIgniter\View\View->render('produsen/index', Array, true)
#2 C:\Users\Rafi\Documents\HanifComputer-With-CodeIgniter4\app\Controllers\Produsen.php(30): view('produsen/index', Array)
#3 C:\Users\Rafi\Documents\HanifComputer-With-CodeIgniter4\vendor\codeigniter4\framework\system\CodeIgniter.php(918): App\Controllers\Produsen->index()
#4 C:\Users\Rafi\Documents\HanifComputer-With-CodeIgniter4\vendor\codeigniter4\framework\system\CodeIgniter.php(404): CodeIgniter\CodeIgniter->runController(Object(App\Controllers\Produsen))
#5 C:\Users\Rafi\Documents\HanifComputer-With-CodeIgniter4\vendor\codeigniter4\framework\system\CodeIgniter.php(312): CodeIgniter\CodeIgniter->handleRequest(NULL, Object(Config\Cache), false)
#6 C:\Users\Rafi\Documents\HanifComputer-With-CodeIgniter4\public\index.php(45): CodeIgniter\CodeIgniter->run()
#7 C:\Users\Rafi\Documents\HanifComputer-With-CodeIgniter4\vendor\codeigniter4\framework\system\Commands\Server\rewrite.php(34): require_once('C:\\Users\\Rafi\\D...')
#8 {main}
CRITICAL - 2021-04-28 02:35:12 --> Invalid file: produsen/index.php
#0 C:\Users\Rafi\Documents\HanifComputer-With-CodeIgniter4\vendor\codeigniter4\framework\system\View\View.php(228): CodeIgniter\Exceptions\FrameworkException::forInvalidFile('produsen/index....')
#1 C:\Users\Rafi\Documents\HanifComputer-With-CodeIgniter4\vendor\codeigniter4\framework\system\Common.php(1119): CodeIgniter\View\View->render('produsen/index', Array, true)
#2 C:\Users\Rafi\Documents\HanifComputer-With-CodeIgniter4\app\Controllers\Produsen.php(30): view('produsen/index', Array)
#3 C:\Users\Rafi\Documents\HanifComputer-With-CodeIgniter4\vendor\codeigniter4\framework\system\CodeIgniter.php(918): App\Controllers\Produsen->index()
#4 C:\Users\Rafi\Documents\HanifComputer-With-CodeIgniter4\vendor\codeigniter4\framework\system\CodeIgniter.php(404): CodeIgniter\CodeIgniter->runController(Object(App\Controllers\Produsen))
#5 C:\Users\Rafi\Documents\HanifComputer-With-CodeIgniter4\vendor\codeigniter4\framework\system\CodeIgniter.php(312): CodeIgniter\CodeIgniter->handleRequest(NULL, Object(Config\Cache), false)
#6 C:\Users\Rafi\Documents\HanifComputer-With-CodeIgniter4\public\index.php(45): CodeIgniter\CodeIgniter->run()
#7 C:\Users\Rafi\Documents\HanifComputer-With-CodeIgniter4\vendor\codeigniter4\framework\system\Commands\Server\rewrite.php(34): require_once('C:\\Users\\Rafi\\D...')
#8 {main}
CRITICAL - 2021-04-28 02:35:13 --> Invalid file: produsen/index.php
#0 C:\Users\Rafi\Documents\HanifComputer-With-CodeIgniter4\vendor\codeigniter4\framework\system\View\View.php(228): CodeIgniter\Exceptions\FrameworkException::forInvalidFile('produsen/index....')
#1 C:\Users\Rafi\Documents\HanifComputer-With-CodeIgniter4\vendor\codeigniter4\framework\system\Common.php(1119): CodeIgniter\View\View->render('produsen/index', Array, true)
#2 C:\Users\Rafi\Documents\HanifComputer-With-CodeIgniter4\app\Controllers\Produsen.php(30): view('produsen/index', Array)
#3 C:\Users\Rafi\Documents\HanifComputer-With-CodeIgniter4\vendor\codeigniter4\framework\system\CodeIgniter.php(918): App\Controllers\Produsen->index()
#4 C:\Users\Rafi\Documents\HanifComputer-With-CodeIgniter4\vendor\codeigniter4\framework\system\CodeIgniter.php(404): CodeIgniter\CodeIgniter->runController(Object(App\Controllers\Produsen))
#5 C:\Users\Rafi\Documents\HanifComputer-With-CodeIgniter4\vendor\codeigniter4\framework\system\CodeIgniter.php(312): CodeIgniter\CodeIgniter->handleRequest(NULL, Object(Config\Cache), false)
#6 C:\Users\Rafi\Documents\HanifComputer-With-CodeIgniter4\public\index.php(45): CodeIgniter\CodeIgniter->run()
#7 C:\Users\Rafi\Documents\HanifComputer-With-CodeIgniter4\vendor\codeigniter4\framework\system\Commands\Server\rewrite.php(34): require_once('C:\\Users\\Rafi\\D...')
#8 {main}
CRITICAL - 2021-04-28 02:35:21 --> Invalid file: produsen/index.php
#0 C:\Users\Rafi\Documents\HanifComputer-With-CodeIgniter4\vendor\codeigniter4\framework\system\View\View.php(228): CodeIgniter\Exceptions\FrameworkException::forInvalidFile('produsen/index....')
#1 C:\Users\Rafi\Documents\HanifComputer-With-CodeIgniter4\vendor\codeigniter4\framework\system\Common.php(1119): CodeIgniter\View\View->render('produsen/index', Array, true)
#2 C:\Users\Rafi\Documents\HanifComputer-With-CodeIgniter4\app\Controllers\Produsen.php(30): view('produsen/index', Array)
#3 C:\Users\Rafi\Documents\HanifComputer-With-CodeIgniter4\vendor\codeigniter4\framework\system\CodeIgniter.php(918): App\Controllers\Produsen->index()
#4 C:\Users\Rafi\Documents\HanifComputer-With-CodeIgniter4\vendor\codeigniter4\framework\system\CodeIgniter.php(404): CodeIgniter\CodeIgniter->runController(Object(App\Controllers\Produsen))
#5 C:\Users\Rafi\Documents\HanifComputer-With-CodeIgniter4\vendor\codeigniter4\framework\system\CodeIgniter.php(312): CodeIgniter\CodeIgniter->handleRequest(NULL, Object(Config\Cache), false)
#6 C:\Users\Rafi\Documents\HanifComputer-With-CodeIgniter4\public\index.php(45): CodeIgniter\CodeIgniter->run()
#7 C:\Users\Rafi\Documents\HanifComputer-With-CodeIgniter4\vendor\codeigniter4\framework\system\Commands\Server\rewrite.php(34): require_once('C:\\Users\\Rafi\\D...')
#8 {main}
CRITICAL - 2021-04-28 02:35:22 --> Invalid file: produsen/index.php
#0 C:\Users\Rafi\Documents\HanifComputer-With-CodeIgniter4\vendor\codeigniter4\framework\system\View\View.php(228): CodeIgniter\Exceptions\FrameworkException::forInvalidFile('produsen/index....')
#1 C:\Users\Rafi\Documents\HanifComputer-With-CodeIgniter4\vendor\codeigniter4\framework\system\Common.php(1119): CodeIgniter\View\View->render('produsen/index', Array, true)
#2 C:\Users\Rafi\Documents\HanifComputer-With-CodeIgniter4\app\Controllers\Produsen.php(30): view('produsen/index', Array)
#3 C:\Users\Rafi\Documents\HanifComputer-With-CodeIgniter4\vendor\codeigniter4\framework\system\CodeIgniter.php(918): App\Controllers\Produsen->index()
#4 C:\Users\Rafi\Documents\HanifComputer-With-CodeIgniter4\vendor\codeigniter4\framework\system\CodeIgniter.php(404): CodeIgniter\CodeIgniter->runController(Object(App\Controllers\Produsen))
#5 C:\Users\Rafi\Documents\HanifComputer-With-CodeIgniter4\vendor\codeigniter4\framework\system\CodeIgniter.php(312): CodeIgniter\CodeIgniter->handleRequest(NULL, Object(Config\Cache), false)
#6 C:\Users\Rafi\Documents\HanifComputer-With-CodeIgniter4\public\index.php(45): CodeIgniter\CodeIgniter->run()
#7 C:\Users\Rafi\Documents\HanifComputer-With-CodeIgniter4\vendor\codeigniter4\framework\system\Commands\Server\rewrite.php(34): require_once('C:\\Users\\Rafi\\D...')
#8 {main}
CRITICAL - 2021-04-28 02:35:25 --> Invalid file: produsen/index.php
#0 C:\Users\Rafi\Documents\HanifComputer-With-CodeIgniter4\vendor\codeigniter4\framework\system\View\View.php(228): CodeIgniter\Exceptions\FrameworkException::forInvalidFile('produsen/index....')
#1 C:\Users\Rafi\Documents\HanifComputer-With-CodeIgniter4\vendor\codeigniter4\framework\system\Common.php(1119): CodeIgniter\View\View->render('produsen/index', Array, true)
#2 C:\Users\Rafi\Documents\HanifComputer-With-CodeIgniter4\app\Controllers\Produsen.php(30): view('produsen/index', Array)
#3 C:\Users\Rafi\Documents\HanifComputer-With-CodeIgniter4\vendor\codeigniter4\framework\system\CodeIgniter.php(918): App\Controllers\Produsen->index()
#4 C:\Users\Rafi\Documents\HanifComputer-With-CodeIgniter4\vendor\codeigniter4\framework\system\CodeIgniter.php(404): CodeIgniter\CodeIgniter->runController(Object(App\Controllers\Produsen))
#5 C:\Users\Rafi\Documents\HanifComputer-With-CodeIgniter4\vendor\codeigniter4\framework\system\CodeIgniter.php(312): CodeIgniter\CodeIgniter->handleRequest(NULL, Object(Config\Cache), false)
#6 C:\Users\Rafi\Documents\HanifComputer-With-CodeIgniter4\public\index.php(45): CodeIgniter\CodeIgniter->run()
#7 C:\Users\Rafi\Documents\HanifComputer-With-CodeIgniter4\vendor\codeigniter4\framework\system\Commands\Server\rewrite.php(34): require_once('C:\\Users\\Rafi\\D...')
#8 {main}
CRITICAL - 2021-04-28 02:37:29 --> Invalid file: produsen/index.php
#0 C:\Users\Rafi\Documents\HanifComputer-With-CodeIgniter4\vendor\codeigniter4\framework\system\View\View.php(228): CodeIgniter\Exceptions\FrameworkException::forInvalidFile('produsen/index....')
#1 C:\Users\Rafi\Documents\HanifComputer-With-CodeIgniter4\vendor\codeigniter4\framework\system\Common.php(1119): CodeIgniter\View\View->render('produsen/index', Array, true)
#2 C:\Users\Rafi\Documents\HanifComputer-With-CodeIgniter4\app\Controllers\Produsen.php(30): view('produsen/index', Array)
#3 C:\Users\Rafi\Documents\HanifComputer-With-CodeIgniter4\vendor\codeigniter4\framework\system\CodeIgniter.php(918): App\Controllers\Produsen->index()
#4 C:\Users\Rafi\Documents\HanifComputer-With-CodeIgniter4\vendor\codeigniter4\framework\system\CodeIgniter.php(404): CodeIgniter\CodeIgniter->runController(Object(App\Controllers\Produsen))
#5 C:\Users\Rafi\Documents\HanifComputer-With-CodeIgniter4\vendor\codeigniter4\framework\system\CodeIgniter.php(312): CodeIgniter\CodeIgniter->handleRequest(NULL, Object(Config\Cache), false)
#6 C:\Users\Rafi\Documents\HanifComputer-With-CodeIgniter4\public\index.php(45): CodeIgniter\CodeIgniter->run()
#7 C:\Users\Rafi\Documents\HanifComputer-With-CodeIgniter4\vendor\codeigniter4\framework\system\Commands\Server\rewrite.php(34): require_once('C:\\Users\\Rafi\\D...')
#8 {main}
CRITICAL - 2021-04-28 02:37:32 --> Invalid file: produsen/index.php
#0 C:\Users\Rafi\Documents\HanifComputer-With-CodeIgniter4\vendor\codeigniter4\framework\system\View\View.php(228): CodeIgniter\Exceptions\FrameworkException::forInvalidFile('produsen/index....')
#1 C:\Users\Rafi\Documents\HanifComputer-With-CodeIgniter4\vendor\codeigniter4\framework\system\Common.php(1119): CodeIgniter\View\View->render('produsen/index', Array, true)
#2 C:\Users\Rafi\Documents\HanifComputer-With-CodeIgniter4\app\Controllers\Produsen.php(30): view('produsen/index', Array)
#3 C:\Users\Rafi\Documents\HanifComputer-With-CodeIgniter4\vendor\codeigniter4\framework\system\CodeIgniter.php(918): App\Controllers\Produsen->index()
#4 C:\Users\Rafi\Documents\HanifComputer-With-CodeIgniter4\vendor\codeigniter4\framework\system\CodeIgniter.php(404): CodeIgniter\CodeIgniter->runController(Object(App\Controllers\Produsen))
#5 C:\Users\Rafi\Documents\HanifComputer-With-CodeIgniter4\vendor\codeigniter4\framework\system\CodeIgniter.php(312): CodeIgniter\CodeIgniter->handleRequest(NULL, Object(Config\Cache), false)
#6 C:\Users\Rafi\Documents\HanifComputer-With-CodeIgniter4\public\index.php(45): CodeIgniter\CodeIgniter->run()
#7 C:\Users\Rafi\Documents\HanifComputer-With-CodeIgniter4\vendor\codeigniter4\framework\system\Commands\Server\rewrite.php(34): require_once('C:\\Users\\Rafi\\D...')
#8 {main}
CRITICAL - 2021-04-28 02:37:40 --> Invalid file: produsen/index.php
#0 C:\Users\Rafi\Documents\HanifComputer-With-CodeIgniter4\vendor\codeigniter4\framework\system\View\View.php(228): CodeIgniter\Exceptions\FrameworkException::forInvalidFile('produsen/index....')
#1 C:\Users\Rafi\Documents\HanifComputer-With-CodeIgniter4\vendor\codeigniter4\framework\system\Common.php(1119): CodeIgniter\View\View->render('produsen/index', Array, true)
#2 C:\Users\Rafi\Documents\HanifComputer-With-CodeIgniter4\app\Controllers\Produsen.php(30): view('produsen/index', Array)
#3 C:\Users\Rafi\Documents\HanifComputer-With-CodeIgniter4\vendor\codeigniter4\framework\system\CodeIgniter.php(918): App\Controllers\Produsen->index()
#4 C:\Users\Rafi\Documents\HanifComputer-With-CodeIgniter4\vendor\codeigniter4\framework\system\CodeIgniter.php(404): CodeIgniter\CodeIgniter->runController(Object(App\Controllers\Produsen))
#5 C:\Users\Rafi\Documents\HanifComputer-With-CodeIgniter4\vendor\codeigniter4\framework\system\CodeIgniter.php(312): CodeIgniter\CodeIgniter->handleRequest(NULL, Object(Config\Cache), false)
#6 C:\Users\Rafi\Documents\HanifComputer-With-CodeIgniter4\public\index.php(45): CodeIgniter\CodeIgniter->run()
#7 C:\Users\Rafi\Documents\HanifComputer-With-CodeIgniter4\vendor\codeigniter4\framework\system\Commands\Server\rewrite.php(34): require_once('C:\\Users\\Rafi\\D...')
#8 {main}
CRITICAL - 2021-04-28 02:38:11 --> produk_pagination is not a valid Pager template.
#0 C:\Users\Rafi\Documents\HanifComputer-With-CodeIgniter4\vendor\codeigniter4\framework\system\Pager\Pager.php(182): CodeIgniter\Pager\Exceptions\PagerException::forInvalidTemplate('produk_paginati...')
#1 C:\Users\Rafi\Documents\HanifComputer-With-CodeIgniter4\vendor\codeigniter4\framework\system\Pager\Pager.php(121): CodeIgniter\Pager\Pager->displayLinks('produk', 'produk_paginati...')
#2 C:\Users\Rafi\Documents\HanifComputer-With-CodeIgniter4\app\Views\produsen\index.php(43): CodeIgniter\Pager\Pager->links('produk', 'produk_paginati...')
#3 C:\Users\Rafi\Documents\HanifComputer-With-CodeIgniter4\vendor\codeigniter4\framework\system\View\View.php(246): include('C:\\Users\\Rafi\\D...')
#4 C:\Users\Rafi\Documents\HanifComputer-With-CodeIgniter4\vendor\codeigniter4\framework\system\Common.php(1119): CodeIgniter\View\View->render('produsen/index', Array, true)
#5 C:\Users\Rafi\Documents\HanifComputer-With-CodeIgniter4\app\Controllers\Produsen.php(30): view('produsen/index', Array)
#6 C:\Users\Rafi\Documents\HanifComputer-With-CodeIgniter4\vendor\codeigniter4\framework\system\CodeIgniter.php(918): App\Controllers\Produsen->index()
#7 C:\Users\Rafi\Documents\HanifComputer-With-CodeIgniter4\vendor\codeigniter4\framework\system\CodeIgniter.php(404): CodeIgniter\CodeIgniter->runController(Object(App\Controllers\Produsen))
#8 C:\Users\Rafi\Documents\HanifComputer-With-CodeIgniter4\vendor\codeigniter4\framework\system\CodeIgniter.php(312): CodeIgniter\CodeIgniter->handleRequest(NULL, Object(Config\Cache), false)
#9 C:\Users\Rafi\Documents\HanifComputer-With-CodeIgniter4\public\index.php(45): CodeIgniter\CodeIgniter->run()
#10 C:\Users\Rafi\Documents\HanifComputer-With-CodeIgniter4\vendor\codeigniter4\framework\system\Commands\Server\rewrite.php(34): require_once('C:\\Users\\Rafi\\D...')
#11 {main}
CRITICAL - 2021-04-28 02:38:15 --> produk_pagination is not a valid Pager template.
#0 C:\Users\Rafi\Documents\HanifComputer-With-CodeIgniter4\vendor\codeigniter4\framework\system\Pager\Pager.php(182): CodeIgniter\Pager\Exceptions\PagerException::forInvalidTemplate('produk_paginati...')
#1 C:\Users\Rafi\Documents\HanifComputer-With-CodeIgniter4\vendor\codeigniter4\framework\system\Pager\Pager.php(121): CodeIgniter\Pager\Pager->displayLinks('produk', 'produk_paginati...')
#2 C:\Users\Rafi\Documents\HanifComputer-With-CodeIgniter4\app\Views\produsen\index.php(43): CodeIgniter\Pager\Pager->links('produk', 'produk_paginati...')
#3 C:\Users\Rafi\Documents\HanifComputer-With-CodeIgniter4\vendor\codeigniter4\framework\system\View\View.php(246): include('C:\\Users\\Rafi\\D...')
#4 C:\Users\Rafi\Documents\HanifComputer-With-CodeIgniter4\vendor\codeigniter4\framework\system\Common.php(1119): CodeIgniter\View\View->render('produsen/index', Array, true)
#5 C:\Users\Rafi\Documents\HanifComputer-With-CodeIgniter4\app\Controllers\Produsen.php(30): view('produsen/index', Array)
#6 C:\Users\Rafi\Documents\HanifComputer-With-CodeIgniter4\vendor\codeigniter4\framework\system\CodeIgniter.php(918): App\Controllers\Produsen->index()
#7 C:\Users\Rafi\Documents\HanifComputer-With-CodeIgniter4\vendor\codeigniter4\framework\system\CodeIgniter.php(404): CodeIgniter\CodeIgniter->runController(Object(App\Controllers\Produsen))
#8 C:\Users\Rafi\Documents\HanifComputer-With-CodeIgniter4\vendor\codeigniter4\framework\system\CodeIgniter.php(312): CodeIgniter\CodeIgniter->handleRequest(NULL, Object(Config\Cache), false)
#9 C:\Users\Rafi\Documents\HanifComputer-With-CodeIgniter4\public\index.php(45): CodeIgniter\CodeIgniter->run()
#10 C:\Users\Rafi\Documents\HanifComputer-With-CodeIgniter4\vendor\codeigniter4\framework\system\Commands\Server\rewrite.php(34): require_once('C:\\Users\\Rafi\\D...')
#11 {main}
CRITICAL - 2021-04-28 02:38:16 --> produk_pagination is not a valid Pager template.
#0 C:\Users\Rafi\Documents\HanifComputer-With-CodeIgniter4\vendor\codeigniter4\framework\system\Pager\Pager.php(182): CodeIgniter\Pager\Exceptions\PagerException::forInvalidTemplate('produk_paginati...')
#1 C:\Users\Rafi\Documents\HanifComputer-With-CodeIgniter4\vendor\codeigniter4\framework\system\Pager\Pager.php(121): CodeIgniter\Pager\Pager->displayLinks('produk', 'produk_paginati...')
#2 C:\Users\Rafi\Documents\HanifComputer-With-CodeIgniter4\app\Views\produsen\index.php(43): CodeIgniter\Pager\Pager->links('produk', 'produk_paginati...')
#3 C:\Users\Rafi\Documents\HanifComputer-With-CodeIgniter4\vendor\codeigniter4\framework\system\View\View.php(246): include('C:\\Users\\Rafi\\D...')
#4 C:\Users\Rafi\Documents\HanifComputer-With-CodeIgniter4\vendor\codeigniter4\framework\system\Common.php(1119): CodeIgniter\View\View->render('produsen/index', Array, true)
#5 C:\Users\Rafi\Documents\HanifComputer-With-CodeIgniter4\app\Controllers\Produsen.php(30): view('produsen/index', Array)
#6 C:\Users\Rafi\Documents\HanifComputer-With-CodeIgniter4\vendor\codeigniter4\framework\system\CodeIgniter.php(918): App\Controllers\Produsen->index()
#7 C:\Users\Rafi\Documents\HanifComputer-With-CodeIgniter4\vendor\codeigniter4\framework\system\CodeIgniter.php(404): CodeIgniter\CodeIgniter->runController(Object(App\Controllers\Produsen))
#8 C:\Users\Rafi\Documents\HanifComputer-With-CodeIgniter4\vendor\codeigniter4\framework\system\CodeIgniter.php(312): CodeIgniter\CodeIgniter->handleRequest(NULL, Object(Config\Cache), false)
#9 C:\Users\Rafi\Documents\HanifComputer-With-CodeIgniter4\public\index.php(45): CodeIgniter\CodeIgniter->run()
#10 C:\Users\Rafi\Documents\HanifComputer-With-CodeIgniter4\vendor\codeigniter4\framework\system\Commands\Server\rewrite.php(34): require_once('C:\\Users\\Rafi\\D...')
#11 {main}
CRITICAL - 2021-04-28 02:38:19 --> produk_pagination is not a valid Pager template.
#0 C:\Users\Rafi\Documents\HanifComputer-With-CodeIgniter4\vendor\codeigniter4\framework\system\Pager\Pager.php(182): CodeIgniter\Pager\Exceptions\PagerException::forInvalidTemplate('produk_paginati...')
#1 C:\Users\Rafi\Documents\HanifComputer-With-CodeIgniter4\vendor\codeigniter4\framework\system\Pager\Pager.php(121): CodeIgniter\Pager\Pager->displayLinks('produk', 'produk_paginati...')
#2 C:\Users\Rafi\Documents\HanifComputer-With-CodeIgniter4\app\Views\produsen\index.php(43): CodeIgniter\Pager\Pager->links('produk', 'produk_paginati...')
#3 C:\Users\Rafi\Documents\HanifComputer-With-CodeIgniter4\vendor\codeigniter4\framework\system\View\View.php(246): include('C:\\Users\\Rafi\\D...')
#4 C:\Users\Rafi\Documents\HanifComputer-With-CodeIgniter4\vendor\codeigniter4\framework\system\Common.php(1119): CodeIgniter\View\View->render('produsen/index', Array, true)
#5 C:\Users\Rafi\Documents\HanifComputer-With-CodeIgniter4\app\Controllers\Produsen.php(30): view('produsen/index', Array)
#6 C:\Users\Rafi\Documents\HanifComputer-With-CodeIgniter4\vendor\codeigniter4\framework\system\CodeIgniter.php(918): App\Controllers\Produsen->index()
#7 C:\Users\Rafi\Documents\HanifComputer-With-CodeIgniter4\vendor\codeigniter4\framework\system\CodeIgniter.php(404): CodeIgniter\CodeIgniter->runController(Object(App\Controllers\Produsen))
#8 C:\Users\Rafi\Documents\HanifComputer-With-CodeIgniter4\vendor\codeigniter4\framework\system\CodeIgniter.php(312): CodeIgniter\CodeIgniter->handleRequest(NULL, Object(Config\Cache), false)
#9 C:\Users\Rafi\Documents\HanifComputer-With-CodeIgniter4\public\index.php(45): CodeIgniter\CodeIgniter->run()
#10 C:\Users\Rafi\Documents\HanifComputer-With-CodeIgniter4\vendor\codeigniter4\framework\system\Commands\Server\rewrite.php(34): require_once('C:\\Users\\Rafi\\D...')
#11 {main}
CRITICAL - 2021-04-28 02:40:49 --> produk_pagination is not a valid Pager template.
#0 C:\Users\Rafi\Documents\HanifComputer-With-CodeIgniter4\vendor\codeigniter4\framework\system\Pager\Pager.php(182): CodeIgniter\Pager\Exceptions\PagerException::forInvalidTemplate('produk_paginati...')
#1 C:\Users\Rafi\Documents\HanifComputer-With-CodeIgniter4\vendor\codeigniter4\framework\system\Pager\Pager.php(121): CodeIgniter\Pager\Pager->displayLinks('produk', 'produk_paginati...')
#2 C:\Users\Rafi\Documents\HanifComputer-With-CodeIgniter4\app\Views\produsen\index.php(43): CodeIgniter\Pager\Pager->links('produk', 'produk_paginati...')
#3 C:\Users\Rafi\Documents\HanifComputer-With-CodeIgniter4\vendor\codeigniter4\framework\system\View\View.php(246): include('C:\\Users\\Rafi\\D...')
#4 C:\Users\Rafi\Documents\HanifComputer-With-CodeIgniter4\vendor\codeigniter4\framework\system\Common.php(1119): CodeIgniter\View\View->render('produsen/index', Array, true)
#5 C:\Users\Rafi\Documents\HanifComputer-With-CodeIgniter4\app\Controllers\Produsen.php(30): view('produsen/index', Array)
#6 C:\Users\Rafi\Documents\HanifComputer-With-CodeIgniter4\vendor\codeigniter4\framework\system\CodeIgniter.php(918): App\Controllers\Produsen->index()
#7 C:\Users\Rafi\Documents\HanifComputer-With-CodeIgniter4\vendor\codeigniter4\framework\system\CodeIgniter.php(404): CodeIgniter\CodeIgniter->runController(Object(App\Controllers\Produsen))
#8 C:\Users\Rafi\Documents\HanifComputer-With-CodeIgniter4\vendor\codeigniter4\framework\system\CodeIgniter.php(312): CodeIgniter\CodeIgniter->handleRequest(NULL, Object(Config\Cache), false)
#9 C:\Users\Rafi\Documents\HanifComputer-With-CodeIgniter4\public\index.php(45): CodeIgniter\CodeIgniter->run()
#10 C:\Users\Rafi\Documents\HanifComputer-With-CodeIgniter4\vendor\codeigniter4\framework\system\Commands\Server\rewrite.php(34): require_once('C:\\Users\\Rafi\\D...')
#11 {main}
CRITICAL - 2021-04-28 05:17:46 --> Class 'App\Models\UsersModel' not found
#0 C:\Users\Rafi\Documents\HanifComputer-With-CodeIgniter4\vendor\codeigniter4\framework\system\CodeIgniter.php(918): App\Controllers\Register->process()
#1 C:\Users\Rafi\Documents\HanifComputer-With-CodeIgniter4\vendor\codeigniter4\framework\system\CodeIgniter.php(404): CodeIgniter\CodeIgniter->runController(Object(App\Controllers\Register))
#2 C:\Users\Rafi\Documents\HanifComputer-With-CodeIgniter4\vendor\codeigniter4\framework\system\CodeIgniter.php(312): CodeIgniter\CodeIgniter->handleRequest(NULL, Object(Config\Cache), false)
#3 C:\Users\Rafi\Documents\HanifComputer-With-CodeIgniter4\public\index.php(45): CodeIgniter\CodeIgniter->run()
#4 C:\Users\Rafi\Documents\HanifComputer-With-CodeIgniter4\vendor\codeigniter4\framework\system\Commands\Server\rewrite.php(34): require_once('C:\\Users\\Rafi\\D...')
#5 {main}
CRITICAL - 2021-04-28 05:20:48 --> Class 'App\Models\UsersModel' not found
#0 C:\Users\Rafi\Documents\HanifComputer-With-CodeIgniter4\vendor\codeigniter4\framework\system\CodeIgniter.php(918): App\Controllers\Register->process()
#1 C:\Users\Rafi\Documents\HanifComputer-With-CodeIgniter4\vendor\codeigniter4\framework\system\CodeIgniter.php(404): CodeIgniter\CodeIgniter->runController(Object(App\Controllers\Register))
#2 C:\Users\Rafi\Documents\HanifComputer-With-CodeIgniter4\vendor\codeigniter4\framework\system\CodeIgniter.php(312): CodeIgniter\CodeIgniter->handleRequest(NULL, Object(Config\Cache), false)
#3 C:\Users\Rafi\Documents\HanifComputer-With-CodeIgniter4\public\index.php(45): CodeIgniter\CodeIgniter->run()
#4 C:\Users\Rafi\Documents\HanifComputer-With-CodeIgniter4\vendor\codeigniter4\framework\system\Commands\Server\rewrite.php(34): require_once('C:\\Users\\Rafi\\D...')
#5 {main}
CRITICAL - 2021-04-28 05:20:59 --> Class 'App\Models\UsersModel' not found
#0 C:\Users\Rafi\Documents\HanifComputer-With-CodeIgniter4\vendor\codeigniter4\framework\system\CodeIgniter.php(918): App\Controllers\Register->process()
#1 C:\Users\Rafi\Documents\HanifComputer-With-CodeIgniter4\vendor\codeigniter4\framework\system\CodeIgniter.php(404): CodeIgniter\CodeIgniter->runController(Object(App\Controllers\Register))
#2 C:\Users\Rafi\Documents\HanifComputer-With-CodeIgniter4\vendor\codeigniter4\framework\system\CodeIgniter.php(312): CodeIgniter\CodeIgniter->handleRequest(NULL, Object(Config\Cache), false)
#3 C:\Users\Rafi\Documents\HanifComputer-With-CodeIgniter4\public\index.php(45): CodeIgniter\CodeIgniter->run()
#4 C:\Users\Rafi\Documents\HanifComputer-With-CodeIgniter4\vendor\codeigniter4\framework\system\Commands\Server\rewrite.php(34): require_once('C:\\Users\\Rafi\\D...')
#5 {main}
